[2024-10-07T11:44:38.467+0000] {local_task_job_runner.py:123} INFO - ::group::Pre task execution logs
[2024-10-07T11:44:38.490+0000] {taskinstance.py:2612} INFO - Dependencies all met for dep_context=non-requeueable deps ti=<TaskInstance: PIPELINE.TRANSFORM manual__2024-10-07T11:43:37.187223+00:00 [queued]>
[2024-10-07T11:44:38.503+0000] {taskinstance.py:2612} INFO - Dependencies all met for dep_context=requeueable deps ti=<TaskInstance: PIPELINE.TRANSFORM manual__2024-10-07T11:43:37.187223+00:00 [queued]>
[2024-10-07T11:44:38.505+0000] {taskinstance.py:2865} INFO - Starting attempt 1 of 2
[2024-10-07T11:44:38.526+0000] {taskinstance.py:2888} INFO - Executing <Task(PythonOperator): TRANSFORM> on 2024-10-07 11:43:37.187223+00:00
[2024-10-07T11:44:38.581+0000] {warnings.py:112} WARNING - /home/***/.local/lib/python3.12/site-packages/***/task/task_runner/standard_task_runner.py:70: DeprecationWarning: This process (pid=1599) is multi-threaded, use of fork() may lead to deadlocks in the child.
  pid = os.fork()

[2024-10-07T11:44:38.582+0000] {standard_task_runner.py:104} INFO - Running: ['***', 'tasks', 'run', 'PIPELINE', 'TRANSFORM', 'manual__2024-10-07T11:43:37.187223+00:00', '--job-id', '12', '--raw', '--subdir', 'DAGS_FOLDER/pipeline_dag.py', '--cfg-path', '/tmp/tmp_4xd3sz3']
[2024-10-07T11:44:38.584+0000] {standard_task_runner.py:72} INFO - Started process 1610 to run task
[2024-10-07T11:44:38.584+0000] {standard_task_runner.py:105} INFO - Job 12: Subtask TRANSFORM
[2024-10-07T11:44:38.756+0000] {task_command.py:467} INFO - Running <TaskInstance: PIPELINE.TRANSFORM manual__2024-10-07T11:43:37.187223+00:00 [running]> on host 0d429fbd9f19
[2024-10-07T11:44:38.926+0000] {taskinstance.py:3131} INFO - Exporting env vars: AIRFLOW_CTX_DAG_OWNER='***' AIRFLOW_CTX_DAG_ID='PIPELINE' AIRFLOW_CTX_TASK_ID='TRANSFORM' AIRFLOW_CTX_EXECUTION_DATE='2024-10-07T11:43:37.187223+00:00' AIRFLOW_CTX_TRY_NUMBER='1' AIRFLOW_CTX_DAG_RUN_ID='manual__2024-10-07T11:43:37.187223+00:00'
[2024-10-07T11:44:38.932+0000] {logging_mixin.py:190} INFO - Task instance is in running state
[2024-10-07T11:44:38.933+0000] {logging_mixin.py:190} INFO -  Previous state of the Task instance: queued
[2024-10-07T11:44:38.934+0000] {logging_mixin.py:190} INFO - Current task name:TRANSFORM state:running start_date:2024-10-07 11:44:38.491413+00:00
[2024-10-07T11:44:38.935+0000] {logging_mixin.py:190} INFO - Dag name:PIPELINE and current dag run status:running
[2024-10-07T11:44:38.935+0000] {taskinstance.py:731} INFO - ::endgroup::
[2024-10-07T11:44:57.215+0000] {python.py:240} INFO - Done. Returned value was: None
[2024-10-07T11:44:57.236+0000] {taskinstance.py:340} INFO - ::group::Post task execution logs
[2024-10-07T11:44:57.237+0000] {taskinstance.py:352} INFO - Marking task as SUCCESS. dag_id=PIPELINE, task_id=TRANSFORM, run_id=manual__2024-10-07T11:43:37.187223+00:00, execution_date=20241007T114337, start_date=20241007T114438, end_date=20241007T114457
[2024-10-07T11:44:57.263+0000] {logging_mixin.py:190} INFO - Task instance in success state
[2024-10-07T11:44:57.264+0000] {logging_mixin.py:190} INFO -  Previous state of the Task instance: running
[2024-10-07T11:44:57.266+0000] {logging_mixin.py:190} INFO - Dag name:PIPELINE queued_at:2024-10-07 11:43:38.354273+00:00
[2024-10-07T11:44:57.267+0000] {logging_mixin.py:190} INFO - Task hostname:0d429fbd9f19 operator:PythonOperator
[2024-10-07T11:44:57.354+0000] {local_task_job_runner.py:266} INFO - Task exited with return code 0
[2024-10-07T11:44:57.492+0000] {taskinstance.py:3900} INFO - 0 downstream tasks scheduled from follow-on schedule check
[2024-10-07T11:44:57.502+0000] {local_task_job_runner.py:245} INFO - ::endgroup::
