[2024-10-07T13:30:56.833+0000] {local_task_job_runner.py:123} INFO - ::group::Pre task execution logs
[2024-10-07T13:30:56.856+0000] {taskinstance.py:2612} INFO - Dependencies all met for dep_context=non-requeueable deps ti=<TaskInstance: PIPELINE.TRANSFORM manual__2024-10-07T13:29:55.596527+00:00 [queued]>
[2024-10-07T13:30:56.868+0000] {taskinstance.py:2612} INFO - Dependencies all met for dep_context=requeueable deps ti=<TaskInstance: PIPELINE.TRANSFORM manual__2024-10-07T13:29:55.596527+00:00 [queued]>
[2024-10-07T13:30:56.869+0000] {taskinstance.py:2865} INFO - Starting attempt 1 of 2
[2024-10-07T13:30:56.890+0000] {taskinstance.py:2888} INFO - Executing <Task(PythonOperator): TRANSFORM> on 2024-10-07 13:29:55.596527+00:00
[2024-10-07T13:30:56.921+0000] {warnings.py:112} WARNING - /home/***/.local/lib/python3.12/site-packages/***/task/task_runner/standard_task_runner.py:70: DeprecationWarning: This process (pid=2759) is multi-threaded, use of fork() may lead to deadlocks in the child.
  pid = os.fork()

[2024-10-07T13:30:56.923+0000] {standard_task_runner.py:72} INFO - Started process 2769 to run task
[2024-10-07T13:30:56.924+0000] {standard_task_runner.py:104} INFO - Running: ['***', 'tasks', 'run', 'PIPELINE', 'TRANSFORM', 'manual__2024-10-07T13:29:55.596527+00:00', '--job-id', '15', '--raw', '--subdir', 'DAGS_FOLDER/pipeline_dag.py', '--cfg-path', '/tmp/tmp6ry0disv']
[2024-10-07T13:30:56.925+0000] {standard_task_runner.py:105} INFO - Job 15: Subtask TRANSFORM
[2024-10-07T13:30:57.003+0000] {task_command.py:467} INFO - Running <TaskInstance: PIPELINE.TRANSFORM manual__2024-10-07T13:29:55.596527+00:00 [running]> on host 0d429fbd9f19
[2024-10-07T13:30:57.183+0000] {taskinstance.py:3131} INFO - Exporting env vars: AIRFLOW_CTX_DAG_OWNER='***' AIRFLOW_CTX_DAG_ID='PIPELINE' AIRFLOW_CTX_TASK_ID='TRANSFORM' AIRFLOW_CTX_EXECUTION_DATE='2024-10-07T13:29:55.596527+00:00' AIRFLOW_CTX_TRY_NUMBER='1' AIRFLOW_CTX_DAG_RUN_ID='manual__2024-10-07T13:29:55.596527+00:00'
[2024-10-07T13:30:57.185+0000] {logging_mixin.py:190} INFO - Task instance is in running state
[2024-10-07T13:30:57.186+0000] {logging_mixin.py:190} INFO -  Previous state of the Task instance: queued
[2024-10-07T13:30:57.187+0000] {logging_mixin.py:190} INFO - Current task name:TRANSFORM state:running start_date:2024-10-07 13:30:56.857176+00:00
[2024-10-07T13:30:57.188+0000] {logging_mixin.py:190} INFO - Dag name:PIPELINE and current dag run status:running
[2024-10-07T13:30:57.189+0000] {taskinstance.py:731} INFO - ::endgroup::
[2024-10-07T13:31:07.541+0000] {python.py:240} INFO - Done. Returned value was: None
[2024-10-07T13:31:07.654+0000] {taskinstance.py:340} INFO - ::group::Post task execution logs
[2024-10-07T13:31:07.658+0000] {taskinstance.py:352} INFO - Marking task as SUCCESS. dag_id=PIPELINE, task_id=TRANSFORM, run_id=manual__2024-10-07T13:29:55.596527+00:00, execution_date=20241007T132955, start_date=20241007T133056, end_date=20241007T133107
[2024-10-07T13:31:07.718+0000] {logging_mixin.py:190} INFO - Task instance in success state
[2024-10-07T13:31:07.719+0000] {logging_mixin.py:190} INFO -  Previous state of the Task instance: running
[2024-10-07T13:31:07.720+0000] {logging_mixin.py:190} INFO - Dag name:PIPELINE queued_at:2024-10-07 13:29:55.939114+00:00
[2024-10-07T13:31:07.721+0000] {logging_mixin.py:190} INFO - Task hostname:0d429fbd9f19 operator:PythonOperator
[2024-10-07T13:31:07.846+0000] {local_task_job_runner.py:266} INFO - Task exited with return code 0
[2024-10-07T13:31:08.054+0000] {taskinstance.py:3900} INFO - 0 downstream tasks scheduled from follow-on schedule check
[2024-10-07T13:31:08.116+0000] {local_task_job_runner.py:245} INFO - ::endgroup::
