[2024-10-14T06:55:35.988+0000] {local_task_job_runner.py:123} INFO - ::group::Pre task execution logs
[2024-10-14T06:55:36.013+0000] {taskinstance.py:2612} INFO - Dependencies all met for dep_context=non-requeueable deps ti=<TaskInstance: PIPELINE.TRANSFORM manual__2024-10-14T06:54:39.655233+00:00 [queued]>
[2024-10-14T06:55:36.023+0000] {taskinstance.py:2612} INFO - Dependencies all met for dep_context=requeueable deps ti=<TaskInstance: PIPELINE.TRANSFORM manual__2024-10-14T06:54:39.655233+00:00 [queued]>
[2024-10-14T06:55:36.024+0000] {taskinstance.py:2865} INFO - Starting attempt 1 of 2
[2024-10-14T06:55:36.043+0000] {taskinstance.py:2888} INFO - Executing <Task(PythonOperator): TRANSFORM> on 2024-10-14 06:54:39.655233+00:00
[2024-10-14T06:55:36.056+0000] {warnings.py:112} WARNING - /home/***/.local/lib/python3.12/site-packages/***/task/task_runner/standard_task_runner.py:70: DeprecationWarning: This process (pid=423) is multi-threaded, use of fork() may lead to deadlocks in the child.
  pid = os.fork()

[2024-10-14T06:55:36.057+0000] {standard_task_runner.py:104} INFO - Running: ['***', 'tasks', 'run', 'PIPELINE', 'TRANSFORM', 'manual__2024-10-14T06:54:39.655233+00:00', '--job-id', '10', '--raw', '--subdir', 'DAGS_FOLDER/pipeline_dag.py', '--cfg-path', '/tmp/tmpjqux94r8']
[2024-10-14T06:55:36.058+0000] {standard_task_runner.py:72} INFO - Started process 425 to run task
[2024-10-14T06:55:36.059+0000] {standard_task_runner.py:105} INFO - Job 10: Subtask TRANSFORM
[2024-10-14T06:55:36.123+0000] {task_command.py:467} INFO - Running <TaskInstance: PIPELINE.TRANSFORM manual__2024-10-14T06:54:39.655233+00:00 [running]> on host a9d59758bb55
[2024-10-14T06:55:36.251+0000] {taskinstance.py:3131} INFO - Exporting env vars: AIRFLOW_CTX_DAG_OWNER='***' AIRFLOW_CTX_DAG_ID='PIPELINE' AIRFLOW_CTX_TASK_ID='TRANSFORM' AIRFLOW_CTX_EXECUTION_DATE='2024-10-14T06:54:39.655233+00:00' AIRFLOW_CTX_TRY_NUMBER='1' AIRFLOW_CTX_DAG_RUN_ID='manual__2024-10-14T06:54:39.655233+00:00'
[2024-10-14T06:55:36.254+0000] {logging_mixin.py:190} INFO - Task instance is in running state
[2024-10-14T06:55:36.255+0000] {logging_mixin.py:190} INFO -  Previous state of the Task instance: queued
[2024-10-14T06:55:36.256+0000] {logging_mixin.py:190} INFO - Current task name:TRANSFORM state:running start_date:2024-10-14 06:55:36.014000+00:00
[2024-10-14T06:55:36.257+0000] {logging_mixin.py:190} INFO - Dag name:PIPELINE and current dag run status:running
[2024-10-14T06:55:36.258+0000] {taskinstance.py:731} INFO - ::endgroup::
[2024-10-14T06:55:38.394+0000] {python.py:240} INFO - Done. Returned value was: None
[2024-10-14T06:55:38.409+0000] {taskinstance.py:340} INFO - ::group::Post task execution logs
[2024-10-14T06:55:38.410+0000] {taskinstance.py:352} INFO - Marking task as SUCCESS. dag_id=PIPELINE, task_id=TRANSFORM, run_id=manual__2024-10-14T06:54:39.655233+00:00, execution_date=20241014T065439, start_date=20241014T065536, end_date=20241014T065538
[2024-10-14T06:55:38.428+0000] {logging_mixin.py:190} INFO - Task instance in success state
[2024-10-14T06:55:38.430+0000] {logging_mixin.py:190} INFO -  Previous state of the Task instance: running
[2024-10-14T06:55:38.431+0000] {logging_mixin.py:190} INFO - Dag name:PIPELINE queued_at:2024-10-14 06:54:40.096829+00:00
[2024-10-14T06:55:38.432+0000] {logging_mixin.py:190} INFO - Task hostname:a9d59758bb55 operator:PythonOperator
[2024-10-14T06:55:38.489+0000] {local_task_job_runner.py:266} INFO - Task exited with return code 0
[2024-10-14T06:55:38.511+0000] {taskinstance.py:3900} INFO - 0 downstream tasks scheduled from follow-on schedule check
[2024-10-14T06:55:38.519+0000] {local_task_job_runner.py:245} INFO - ::endgroup::
