[2024-10-04T11:27:15.535+0000] {local_task_job_runner.py:123} INFO - ::group::Pre task execution logs
[2024-10-04T11:27:15.555+0000] {taskinstance.py:2612} INFO - Dependencies all met for dep_context=non-requeueable deps ti=<TaskInstance: ETL_API_DATA.EXTRACT manual__2024-10-04T11:27:06.407155+00:00 [queued]>
[2024-10-04T11:27:15.570+0000] {taskinstance.py:2612} INFO - Dependencies all met for dep_context=requeueable deps ti=<TaskInstance: ETL_API_DATA.EXTRACT manual__2024-10-04T11:27:06.407155+00:00 [queued]>
[2024-10-04T11:27:15.571+0000] {taskinstance.py:2865} INFO - Starting attempt 1 of 2
[2024-10-04T11:27:15.599+0000] {taskinstance.py:2888} INFO - Executing <Task(PythonOperator): EXTRACT> on 2024-10-04 11:27:06.407155+00:00
[2024-10-04T11:27:15.616+0000] {warnings.py:112} WARNING - /home/***/.local/lib/python3.12/site-packages/***/task/task_runner/standard_task_runner.py:70: DeprecationWarning: This process (pid=513) is multi-threaded, use of fork() may lead to deadlocks in the child.
  pid = os.fork()

[2024-10-04T11:27:15.622+0000] {standard_task_runner.py:104} INFO - Running: ['***', 'tasks', 'run', 'ETL_API_DATA', 'EXTRACT', 'manual__2024-10-04T11:27:06.407155+00:00', '--job-id', '6', '--raw', '--subdir', 'DAGS_FOLDER/Extract_api_data.py', '--cfg-path', '/tmp/tmp7pjw0upv']
[2024-10-04T11:27:15.624+0000] {standard_task_runner.py:105} INFO - Job 6: Subtask EXTRACT
[2024-10-04T11:27:15.622+0000] {standard_task_runner.py:72} INFO - Started process 515 to run task
[2024-10-04T11:27:15.713+0000] {task_command.py:467} INFO - Running <TaskInstance: ETL_API_DATA.EXTRACT manual__2024-10-04T11:27:06.407155+00:00 [running]> on host ec2f9bdc71d6
[2024-10-04T11:27:15.859+0000] {taskinstance.py:3131} INFO - Exporting env vars: AIRFLOW_CTX_DAG_OWNER='***' AIRFLOW_CTX_DAG_ID='ETL_API_DATA' AIRFLOW_CTX_TASK_ID='EXTRACT' AIRFLOW_CTX_EXECUTION_DATE='2024-10-04T11:27:06.407155+00:00' AIRFLOW_CTX_TRY_NUMBER='1' AIRFLOW_CTX_DAG_RUN_ID='manual__2024-10-04T11:27:06.407155+00:00'
[2024-10-04T11:27:15.861+0000] {logging_mixin.py:190} INFO - Task instance is in running state
[2024-10-04T11:27:15.862+0000] {logging_mixin.py:190} INFO -  Previous state of the Task instance: queued
[2024-10-04T11:27:15.863+0000] {logging_mixin.py:190} INFO - Current task name:EXTRACT state:running start_date:2024-10-04 11:27:15.557024+00:00
[2024-10-04T11:27:15.864+0000] {logging_mixin.py:190} INFO - Dag name:ETL_API_DATA and current dag run status:running
[2024-10-04T11:27:15.865+0000] {taskinstance.py:731} INFO - ::endgroup::
[2024-10-04T11:27:15.956+0000] {logging_mixin.py:190} INFO - co2_emi_api
[2024-10-04T11:27:19.928+0000] {logging_mixin.py:190} INFO - Data loaded successfully for co2_emi_api with offset 5000:
[2024-10-04T11:27:22.094+0000] {logging_mixin.py:190} INFO - Data loaded successfully for co2_emi_api with offset 10000:
[2024-10-04T11:27:24.173+0000] {logging_mixin.py:190} INFO - Data loaded successfully for co2_emi_api with offset 15000:
[2024-10-04T11:27:26.110+0000] {logging_mixin.py:190} INFO - Data loaded successfully for co2_emi_api with offset 20000:
[2024-10-04T11:27:28.280+0000] {logging_mixin.py:190} INFO - Data loaded successfully for co2_emi_api with offset 25000:
[2024-10-04T11:27:28.281+0000] {logging_mixin.py:190} INFO - eng_gen_api
[2024-10-04T11:27:32.879+0000] {logging_mixin.py:190} INFO - Data loaded successfully for eng_gen_api with offset 5000:
[2024-10-04T11:27:35.670+0000] {logging_mixin.py:190} INFO - Data loaded successfully for eng_gen_api with offset 10000:
[2024-10-04T11:27:38.419+0000] {logging_mixin.py:190} INFO - Data loaded successfully for eng_gen_api with offset 15000:
[2024-10-04T11:27:41.400+0000] {logging_mixin.py:190} INFO - Data loaded successfully for eng_gen_api with offset 20000:
[2024-10-04T11:27:44.586+0000] {logging_mixin.py:190} INFO - Data loaded successfully for eng_gen_api with offset 25000:
[2024-10-04T11:27:44.588+0000] {logging_mixin.py:190} INFO - Ren_cap_api
[2024-10-04T11:27:47.873+0000] {logging_mixin.py:190} INFO - Data loaded successfully for Ren_cap_api with offset 5000:
[2024-10-04T11:27:47.875+0000] {python.py:240} INFO - Done. Returned value was: None
[2024-10-04T11:27:47.889+0000] {taskinstance.py:340} INFO - ::group::Post task execution logs
[2024-10-04T11:27:47.889+0000] {taskinstance.py:352} INFO - Marking task as SUCCESS. dag_id=ETL_API_DATA, task_id=EXTRACT, run_id=manual__2024-10-04T11:27:06.407155+00:00, execution_date=20241004T112706, start_date=20241004T112715, end_date=20241004T112747
[2024-10-04T11:27:47.905+0000] {logging_mixin.py:190} INFO - Task instance in success state
[2024-10-04T11:27:47.906+0000] {logging_mixin.py:190} INFO -  Previous state of the Task instance: running
[2024-10-04T11:27:47.907+0000] {logging_mixin.py:190} INFO - Dag name:ETL_API_DATA queued_at:2024-10-04 11:27:06.805859+00:00
[2024-10-04T11:27:47.908+0000] {logging_mixin.py:190} INFO - Task hostname:ec2f9bdc71d6 operator:PythonOperator
[2024-10-04T11:27:47.936+0000] {local_task_job_runner.py:266} INFO - Task exited with return code 0
[2024-10-04T11:27:47.954+0000] {taskinstance.py:3900} INFO - 0 downstream tasks scheduled from follow-on schedule check
[2024-10-04T11:27:47.959+0000] {local_task_job_runner.py:245} INFO - ::endgroup::
