[2024-09-27T09:30:39.261+0000] {processor.py:186} INFO - Started process (PID=103) to work on /home/airflow/.local/lib/python3.12/site-packages/airflow/example_dags/example_sla_dag.py
[2024-09-27T09:30:39.263+0000] {processor.py:914} INFO - Processing file /home/airflow/.local/lib/python3.12/site-packages/airflow/example_dags/example_sla_dag.py for tasks to queue
[2024-09-27T09:30:39.270+0000] {logging_mixin.py:190} INFO - [2024-09-27T09:30:39.269+0000] {dagbag.py:587} INFO - Filling up the DagBag from /home/airflow/.local/lib/python3.12/site-packages/airflow/example_dags/example_sla_dag.py
[2024-09-27T09:30:39.292+0000] {processor.py:925} INFO - DAG(s) 'example_sla_dag' retrieved from /home/airflow/.local/lib/python3.12/site-packages/airflow/example_dags/example_sla_dag.py
[2024-09-27T09:30:39.334+0000] {logging_mixin.py:190} INFO - [2024-09-27T09:30:39.333+0000] {dag.py:3229} INFO - Sync 1 DAGs
[2024-09-27T09:30:39.389+0000] {logging_mixin.py:190} INFO - [2024-09-27T09:30:39.388+0000] {dag.py:4156} INFO - Setting next_dagrun for example_sla_dag to 2024-09-27 09:28:00+00:00, run_after=2024-09-27 09:30:00+00:00
[2024-09-27T09:30:39.429+0000] {processor.py:208} INFO - Processing /home/airflow/.local/lib/python3.12/site-packages/airflow/example_dags/example_sla_dag.py took 0.177 seconds
[2024-09-27T09:31:10.201+0000] {processor.py:186} INFO - Started process (PID=168) to work on /home/airflow/.local/lib/python3.12/site-packages/airflow/example_dags/example_sla_dag.py
[2024-09-27T09:31:10.203+0000] {processor.py:914} INFO - Processing file /home/airflow/.local/lib/python3.12/site-packages/airflow/example_dags/example_sla_dag.py for tasks to queue
[2024-09-27T09:31:10.209+0000] {logging_mixin.py:190} INFO - [2024-09-27T09:31:10.208+0000] {dagbag.py:587} INFO - Filling up the DagBag from /home/airflow/.local/lib/python3.12/site-packages/airflow/example_dags/example_sla_dag.py
[2024-09-27T09:31:10.228+0000] {processor.py:925} INFO - DAG(s) 'example_sla_dag' retrieved from /home/airflow/.local/lib/python3.12/site-packages/airflow/example_dags/example_sla_dag.py
[2024-09-27T09:31:10.281+0000] {logging_mixin.py:190} INFO - [2024-09-27T09:31:10.281+0000] {dag.py:3229} INFO - Sync 1 DAGs
[2024-09-27T09:31:10.332+0000] {logging_mixin.py:190} INFO - [2024-09-27T09:31:10.332+0000] {dag.py:4156} INFO - Setting next_dagrun for example_sla_dag to 2024-09-27 09:28:00+00:00, run_after=2024-09-27 09:30:00+00:00
[2024-09-27T09:31:10.386+0000] {processor.py:208} INFO - Processing /home/airflow/.local/lib/python3.12/site-packages/airflow/example_dags/example_sla_dag.py took 0.195 seconds
[2024-09-27T09:31:40.689+0000] {processor.py:186} INFO - Started process (PID=233) to work on /home/airflow/.local/lib/python3.12/site-packages/airflow/example_dags/example_sla_dag.py
[2024-09-27T09:31:40.692+0000] {processor.py:914} INFO - Processing file /home/airflow/.local/lib/python3.12/site-packages/airflow/example_dags/example_sla_dag.py for tasks to queue
[2024-09-27T09:31:40.698+0000] {logging_mixin.py:190} INFO - [2024-09-27T09:31:40.697+0000] {dagbag.py:587} INFO - Filling up the DagBag from /home/airflow/.local/lib/python3.12/site-packages/airflow/example_dags/example_sla_dag.py
[2024-09-27T09:31:40.722+0000] {processor.py:925} INFO - DAG(s) 'example_sla_dag' retrieved from /home/airflow/.local/lib/python3.12/site-packages/airflow/example_dags/example_sla_dag.py
[2024-09-27T09:31:40.769+0000] {logging_mixin.py:190} INFO - [2024-09-27T09:31:40.768+0000] {dag.py:3229} INFO - Sync 1 DAGs
[2024-09-27T09:31:40.840+0000] {logging_mixin.py:190} INFO - [2024-09-27T09:31:40.840+0000] {dag.py:4156} INFO - Setting next_dagrun for example_sla_dag to 2024-09-27 09:28:00+00:00, run_after=2024-09-27 09:30:00+00:00
[2024-09-27T09:31:40.892+0000] {processor.py:208} INFO - Processing /home/airflow/.local/lib/python3.12/site-packages/airflow/example_dags/example_sla_dag.py took 0.217 seconds
[2024-09-27T09:32:11.041+0000] {processor.py:186} INFO - Started process (PID=297) to work on /home/airflow/.local/lib/python3.12/site-packages/airflow/example_dags/example_sla_dag.py
[2024-09-27T09:32:11.043+0000] {processor.py:914} INFO - Processing file /home/airflow/.local/lib/python3.12/site-packages/airflow/example_dags/example_sla_dag.py for tasks to queue
[2024-09-27T09:32:11.046+0000] {logging_mixin.py:190} INFO - [2024-09-27T09:32:11.046+0000] {dagbag.py:587} INFO - Filling up the DagBag from /home/airflow/.local/lib/python3.12/site-packages/airflow/example_dags/example_sla_dag.py
[2024-09-27T09:32:11.063+0000] {processor.py:925} INFO - DAG(s) 'example_sla_dag' retrieved from /home/airflow/.local/lib/python3.12/site-packages/airflow/example_dags/example_sla_dag.py
[2024-09-27T09:32:11.108+0000] {logging_mixin.py:190} INFO - [2024-09-27T09:32:11.108+0000] {dag.py:3229} INFO - Sync 1 DAGs
[2024-09-27T09:32:11.158+0000] {logging_mixin.py:190} INFO - [2024-09-27T09:32:11.158+0000] {dag.py:4156} INFO - Setting next_dagrun for example_sla_dag to 2024-09-27 09:30:00+00:00, run_after=2024-09-27 09:32:00+00:00
[2024-09-27T09:32:11.206+0000] {processor.py:208} INFO - Processing /home/airflow/.local/lib/python3.12/site-packages/airflow/example_dags/example_sla_dag.py took 0.172 seconds
