[2024-09-27T09:30:49.838+0000] {processor.py:186} INFO - Started process (PID=128) to work on /home/airflow/.local/lib/python3.12/site-packages/airflow/example_dags/example_datasets.py
[2024-09-27T09:30:49.843+0000] {processor.py:914} INFO - Processing file /home/airflow/.local/lib/python3.12/site-packages/airflow/example_dags/example_datasets.py for tasks to queue
[2024-09-27T09:30:49.851+0000] {logging_mixin.py:190} INFO - [2024-09-27T09:30:49.850+0000] {dagbag.py:587} INFO - Filling up the DagBag from /home/airflow/.local/lib/python3.12/site-packages/airflow/example_dags/example_datasets.py
[2024-09-27T09:30:50.676+0000] {processor.py:925} INFO - DAG(s) 'dataset_consumes_1_never_scheduled', 'consume_1_or_2_with_dataset_expressions', 'consume_1_and_2_with_dataset_expressions', 'conditional_dataset_and_time_based_timetable', 'dataset_consumes_1', 'dataset_consumes_1_and_2', 'dataset_consumes_unknown_never_scheduled', 'consume_1_or_both_2_and_3_with_dataset_expressions', 'dataset_produces_1', 'dataset_produces_2' retrieved from /home/airflow/.local/lib/python3.12/site-packages/airflow/example_dags/example_datasets.py
[2024-09-27T09:30:50.795+0000] {logging_mixin.py:190} INFO - [2024-09-27T09:30:50.794+0000] {dag.py:3229} INFO - Sync 10 DAGs
[2024-09-27T09:30:50.893+0000] {logging_mixin.py:190} INFO - [2024-09-27T09:30:50.893+0000] {dag.py:4156} INFO - Setting next_dagrun for conditional_dataset_and_time_based_timetable to 2024-09-25 01:00:00+00:00, run_after=2024-09-25 01:00:00+00:00
[2024-09-27T09:30:50.905+0000] {logging_mixin.py:190} INFO - [2024-09-27T09:30:50.905+0000] {dag.py:4156} INFO - Setting next_dagrun for consume_1_and_2_with_dataset_expressions to None, run_after=None
[2024-09-27T09:30:50.909+0000] {logging_mixin.py:190} INFO - [2024-09-27T09:30:50.909+0000] {dag.py:4156} INFO - Setting next_dagrun for consume_1_or_2_with_dataset_expressions to None, run_after=None
[2024-09-27T09:30:50.912+0000] {logging_mixin.py:190} INFO - [2024-09-27T09:30:50.912+0000] {dag.py:4156} INFO - Setting next_dagrun for consume_1_or_both_2_and_3_with_dataset_expressions to None, run_after=None
[2024-09-27T09:30:50.915+0000] {logging_mixin.py:190} INFO - [2024-09-27T09:30:50.915+0000] {dag.py:4156} INFO - Setting next_dagrun for dataset_consumes_1 to None, run_after=None
[2024-09-27T09:30:50.919+0000] {logging_mixin.py:190} INFO - [2024-09-27T09:30:50.918+0000] {dag.py:4156} INFO - Setting next_dagrun for dataset_consumes_1_and_2 to None, run_after=None
[2024-09-27T09:30:50.922+0000] {logging_mixin.py:190} INFO - [2024-09-27T09:30:50.922+0000] {dag.py:4156} INFO - Setting next_dagrun for dataset_consumes_1_never_scheduled to None, run_after=None
[2024-09-27T09:30:50.925+0000] {logging_mixin.py:190} INFO - [2024-09-27T09:30:50.925+0000] {dag.py:4156} INFO - Setting next_dagrun for dataset_consumes_unknown_never_scheduled to None, run_after=None
[2024-09-27T09:30:50.930+0000] {logging_mixin.py:190} INFO - [2024-09-27T09:30:50.930+0000] {dag.py:4156} INFO - Setting next_dagrun for dataset_produces_1 to 2024-09-26 00:00:00+00:00, run_after=2024-09-27 00:00:00+00:00
[2024-09-27T09:30:50.933+0000] {logging_mixin.py:190} INFO - [2024-09-27T09:30:50.933+0000] {dag.py:4156} INFO - Setting next_dagrun for dataset_produces_2 to None, run_after=None
[2024-09-27T09:30:51.289+0000] {processor.py:208} INFO - Processing /home/airflow/.local/lib/python3.12/site-packages/airflow/example_dags/example_datasets.py took 1.466 seconds
[2024-09-27T09:31:22.196+0000] {processor.py:186} INFO - Started process (PID=195) to work on /home/airflow/.local/lib/python3.12/site-packages/airflow/example_dags/example_datasets.py
[2024-09-27T09:31:22.198+0000] {processor.py:914} INFO - Processing file /home/airflow/.local/lib/python3.12/site-packages/airflow/example_dags/example_datasets.py for tasks to queue
[2024-09-27T09:31:22.203+0000] {logging_mixin.py:190} INFO - [2024-09-27T09:31:22.202+0000] {dagbag.py:587} INFO - Filling up the DagBag from /home/airflow/.local/lib/python3.12/site-packages/airflow/example_dags/example_datasets.py
[2024-09-27T09:31:22.538+0000] {processor.py:925} INFO - DAG(s) 'dataset_produces_2', 'consume_1_or_both_2_and_3_with_dataset_expressions', 'consume_1_or_2_with_dataset_expressions', 'dataset_produces_1', 'dataset_consumes_1_and_2', 'consume_1_and_2_with_dataset_expressions', 'dataset_consumes_unknown_never_scheduled', 'dataset_consumes_1', 'conditional_dataset_and_time_based_timetable', 'dataset_consumes_1_never_scheduled' retrieved from /home/airflow/.local/lib/python3.12/site-packages/airflow/example_dags/example_datasets.py
[2024-09-27T09:31:22.632+0000] {logging_mixin.py:190} INFO - [2024-09-27T09:31:22.631+0000] {dag.py:3229} INFO - Sync 10 DAGs
[2024-09-27T09:31:22.710+0000] {logging_mixin.py:190} INFO - [2024-09-27T09:31:22.709+0000] {dag.py:4156} INFO - Setting next_dagrun for conditional_dataset_and_time_based_timetable to 2024-09-25 01:00:00+00:00, run_after=2024-09-25 01:00:00+00:00
[2024-09-27T09:31:22.718+0000] {logging_mixin.py:190} INFO - [2024-09-27T09:31:22.718+0000] {dag.py:4156} INFO - Setting next_dagrun for consume_1_and_2_with_dataset_expressions to None, run_after=None
[2024-09-27T09:31:22.723+0000] {logging_mixin.py:190} INFO - [2024-09-27T09:31:22.722+0000] {dag.py:4156} INFO - Setting next_dagrun for consume_1_or_2_with_dataset_expressions to None, run_after=None
[2024-09-27T09:31:22.728+0000] {logging_mixin.py:190} INFO - [2024-09-27T09:31:22.727+0000] {dag.py:4156} INFO - Setting next_dagrun for consume_1_or_both_2_and_3_with_dataset_expressions to None, run_after=None
[2024-09-27T09:31:22.732+0000] {logging_mixin.py:190} INFO - [2024-09-27T09:31:22.731+0000] {dag.py:4156} INFO - Setting next_dagrun for dataset_consumes_1 to None, run_after=None
[2024-09-27T09:31:22.737+0000] {logging_mixin.py:190} INFO - [2024-09-27T09:31:22.736+0000] {dag.py:4156} INFO - Setting next_dagrun for dataset_consumes_1_and_2 to None, run_after=None
[2024-09-27T09:31:22.741+0000] {logging_mixin.py:190} INFO - [2024-09-27T09:31:22.740+0000] {dag.py:4156} INFO - Setting next_dagrun for dataset_consumes_1_never_scheduled to None, run_after=None
[2024-09-27T09:31:22.745+0000] {logging_mixin.py:190} INFO - [2024-09-27T09:31:22.744+0000] {dag.py:4156} INFO - Setting next_dagrun for dataset_consumes_unknown_never_scheduled to None, run_after=None
[2024-09-27T09:31:22.751+0000] {logging_mixin.py:190} INFO - [2024-09-27T09:31:22.750+0000] {dag.py:4156} INFO - Setting next_dagrun for dataset_produces_1 to 2024-09-26 00:00:00+00:00, run_after=2024-09-27 00:00:00+00:00
[2024-09-27T09:31:22.754+0000] {logging_mixin.py:190} INFO - [2024-09-27T09:31:22.754+0000] {dag.py:4156} INFO - Setting next_dagrun for dataset_produces_2 to None, run_after=None
[2024-09-27T09:31:22.843+0000] {processor.py:208} INFO - Processing /home/airflow/.local/lib/python3.12/site-packages/airflow/example_dags/example_datasets.py took 0.659 seconds
[2024-09-27T09:31:53.003+0000] {processor.py:186} INFO - Started process (PID=263) to work on /home/airflow/.local/lib/python3.12/site-packages/airflow/example_dags/example_datasets.py
[2024-09-27T09:31:53.005+0000] {processor.py:914} INFO - Processing file /home/airflow/.local/lib/python3.12/site-packages/airflow/example_dags/example_datasets.py for tasks to queue
[2024-09-27T09:31:53.011+0000] {logging_mixin.py:190} INFO - [2024-09-27T09:31:53.011+0000] {dagbag.py:587} INFO - Filling up the DagBag from /home/airflow/.local/lib/python3.12/site-packages/airflow/example_dags/example_datasets.py
[2024-09-27T09:31:53.310+0000] {processor.py:925} INFO - DAG(s) 'dataset_produces_2', 'dataset_consumes_1_and_2', 'conditional_dataset_and_time_based_timetable', 'dataset_produces_1', 'dataset_consumes_1', 'consume_1_or_both_2_and_3_with_dataset_expressions', 'dataset_consumes_1_never_scheduled', 'consume_1_and_2_with_dataset_expressions', 'consume_1_or_2_with_dataset_expressions', 'dataset_consumes_unknown_never_scheduled' retrieved from /home/airflow/.local/lib/python3.12/site-packages/airflow/example_dags/example_datasets.py
[2024-09-27T09:31:53.423+0000] {logging_mixin.py:190} INFO - [2024-09-27T09:31:53.422+0000] {dag.py:3229} INFO - Sync 10 DAGs
[2024-09-27T09:31:53.496+0000] {logging_mixin.py:190} INFO - [2024-09-27T09:31:53.495+0000] {dag.py:4156} INFO - Setting next_dagrun for conditional_dataset_and_time_based_timetable to 2024-09-25 01:00:00+00:00, run_after=2024-09-25 01:00:00+00:00
[2024-09-27T09:31:53.507+0000] {logging_mixin.py:190} INFO - [2024-09-27T09:31:53.507+0000] {dag.py:4156} INFO - Setting next_dagrun for consume_1_and_2_with_dataset_expressions to None, run_after=None
[2024-09-27T09:31:53.511+0000] {logging_mixin.py:190} INFO - [2024-09-27T09:31:53.511+0000] {dag.py:4156} INFO - Setting next_dagrun for consume_1_or_2_with_dataset_expressions to None, run_after=None
[2024-09-27T09:31:53.515+0000] {logging_mixin.py:190} INFO - [2024-09-27T09:31:53.515+0000] {dag.py:4156} INFO - Setting next_dagrun for consume_1_or_both_2_and_3_with_dataset_expressions to None, run_after=None
[2024-09-27T09:31:53.519+0000] {logging_mixin.py:190} INFO - [2024-09-27T09:31:53.518+0000] {dag.py:4156} INFO - Setting next_dagrun for dataset_consumes_1 to None, run_after=None
[2024-09-27T09:31:53.523+0000] {logging_mixin.py:190} INFO - [2024-09-27T09:31:53.522+0000] {dag.py:4156} INFO - Setting next_dagrun for dataset_consumes_1_and_2 to None, run_after=None
[2024-09-27T09:31:53.526+0000] {logging_mixin.py:190} INFO - [2024-09-27T09:31:53.526+0000] {dag.py:4156} INFO - Setting next_dagrun for dataset_consumes_1_never_scheduled to None, run_after=None
[2024-09-27T09:31:53.529+0000] {logging_mixin.py:190} INFO - [2024-09-27T09:31:53.529+0000] {dag.py:4156} INFO - Setting next_dagrun for dataset_consumes_unknown_never_scheduled to None, run_after=None
[2024-09-27T09:31:53.536+0000] {logging_mixin.py:190} INFO - [2024-09-27T09:31:53.535+0000] {dag.py:4156} INFO - Setting next_dagrun for dataset_produces_1 to 2024-09-26 00:00:00+00:00, run_after=2024-09-27 00:00:00+00:00
[2024-09-27T09:31:53.540+0000] {logging_mixin.py:190} INFO - [2024-09-27T09:31:53.539+0000] {dag.py:4156} INFO - Setting next_dagrun for dataset_produces_2 to None, run_after=None
[2024-09-27T09:31:53.632+0000] {processor.py:208} INFO - Processing /home/airflow/.local/lib/python3.12/site-packages/airflow/example_dags/example_datasets.py took 0.643 seconds
[2024-09-27T09:32:24.288+0000] {processor.py:186} INFO - Started process (PID=329) to work on /home/airflow/.local/lib/python3.12/site-packages/airflow/example_dags/example_datasets.py
[2024-09-27T09:32:24.292+0000] {processor.py:914} INFO - Processing file /home/airflow/.local/lib/python3.12/site-packages/airflow/example_dags/example_datasets.py for tasks to queue
[2024-09-27T09:32:24.310+0000] {logging_mixin.py:190} INFO - [2024-09-27T09:32:24.299+0000] {dagbag.py:587} INFO - Filling up the DagBag from /home/airflow/.local/lib/python3.12/site-packages/airflow/example_dags/example_datasets.py
[2024-09-27T09:32:24.628+0000] {processor.py:925} INFO - DAG(s) 'consume_1_or_both_2_and_3_with_dataset_expressions', 'conditional_dataset_and_time_based_timetable', 'dataset_produces_1', 'dataset_consumes_1_and_2', 'dataset_consumes_1_never_scheduled', 'consume_1_or_2_with_dataset_expressions', 'consume_1_and_2_with_dataset_expressions', 'dataset_consumes_unknown_never_scheduled', 'dataset_produces_2', 'dataset_consumes_1' retrieved from /home/airflow/.local/lib/python3.12/site-packages/airflow/example_dags/example_datasets.py
[2024-09-27T09:32:24.721+0000] {logging_mixin.py:190} INFO - [2024-09-27T09:32:24.721+0000] {dag.py:3229} INFO - Sync 10 DAGs
[2024-09-27T09:32:24.767+0000] {logging_mixin.py:190} INFO - [2024-09-27T09:32:24.767+0000] {dag.py:4156} INFO - Setting next_dagrun for conditional_dataset_and_time_based_timetable to 2024-09-25 01:00:00+00:00, run_after=2024-09-25 01:00:00+00:00
[2024-09-27T09:32:24.775+0000] {logging_mixin.py:190} INFO - [2024-09-27T09:32:24.775+0000] {dag.py:4156} INFO - Setting next_dagrun for consume_1_and_2_with_dataset_expressions to None, run_after=None
[2024-09-27T09:32:24.779+0000] {logging_mixin.py:190} INFO - [2024-09-27T09:32:24.778+0000] {dag.py:4156} INFO - Setting next_dagrun for consume_1_or_2_with_dataset_expressions to None, run_after=None
[2024-09-27T09:32:24.783+0000] {logging_mixin.py:190} INFO - [2024-09-27T09:32:24.782+0000] {dag.py:4156} INFO - Setting next_dagrun for consume_1_or_both_2_and_3_with_dataset_expressions to None, run_after=None
[2024-09-27T09:32:24.787+0000] {logging_mixin.py:190} INFO - [2024-09-27T09:32:24.786+0000] {dag.py:4156} INFO - Setting next_dagrun for dataset_consumes_1 to None, run_after=None
[2024-09-27T09:32:24.791+0000] {logging_mixin.py:190} INFO - [2024-09-27T09:32:24.791+0000] {dag.py:4156} INFO - Setting next_dagrun for dataset_consumes_1_and_2 to None, run_after=None
[2024-09-27T09:32:24.795+0000] {logging_mixin.py:190} INFO - [2024-09-27T09:32:24.795+0000] {dag.py:4156} INFO - Setting next_dagrun for dataset_consumes_1_never_scheduled to None, run_after=None
[2024-09-27T09:32:24.799+0000] {logging_mixin.py:190} INFO - [2024-09-27T09:32:24.799+0000] {dag.py:4156} INFO - Setting next_dagrun for dataset_consumes_unknown_never_scheduled to None, run_after=None
[2024-09-27T09:32:24.806+0000] {logging_mixin.py:190} INFO - [2024-09-27T09:32:24.805+0000] {dag.py:4156} INFO - Setting next_dagrun for dataset_produces_1 to 2024-09-26 00:00:00+00:00, run_after=2024-09-27 00:00:00+00:00
[2024-09-27T09:32:24.816+0000] {logging_mixin.py:190} INFO - [2024-09-27T09:32:24.816+0000] {dag.py:4156} INFO - Setting next_dagrun for dataset_produces_2 to None, run_after=None
[2024-09-27T09:32:24.939+0000] {processor.py:208} INFO - Processing /home/airflow/.local/lib/python3.12/site-packages/airflow/example_dags/example_datasets.py took 0.670 seconds
