[2024-09-27T09:30:49.049+0000] {processor.py:186} INFO - Started process (PID=126) to work on /home/airflow/.local/lib/python3.12/site-packages/airflow/example_dags/example_skip_dag.py
[2024-09-27T09:30:49.051+0000] {processor.py:914} INFO - Processing file /home/airflow/.local/lib/python3.12/site-packages/airflow/example_dags/example_skip_dag.py for tasks to queue
[2024-09-27T09:30:49.056+0000] {logging_mixin.py:190} INFO - [2024-09-27T09:30:49.055+0000] {dagbag.py:587} INFO - Filling up the DagBag from /home/airflow/.local/lib/python3.12/site-packages/airflow/example_dags/example_skip_dag.py
[2024-09-27T09:30:49.087+0000] {processor.py:925} INFO - DAG(s) 'example_skip_dag' retrieved from /home/airflow/.local/lib/python3.12/site-packages/airflow/example_dags/example_skip_dag.py
[2024-09-27T09:30:49.142+0000] {logging_mixin.py:190} INFO - [2024-09-27T09:30:49.141+0000] {dag.py:3229} INFO - Sync 1 DAGs
[2024-09-27T09:30:49.269+0000] {logging_mixin.py:190} INFO - [2024-09-27T09:30:49.269+0000] {dag.py:4156} INFO - Setting next_dagrun for example_skip_dag to 2024-09-26 00:00:00+00:00, run_after=2024-09-27 00:00:00+00:00
[2024-09-27T09:30:49.383+0000] {processor.py:208} INFO - Processing /home/airflow/.local/lib/python3.12/site-packages/airflow/example_dags/example_skip_dag.py took 0.343 seconds
[2024-09-27T09:31:19.853+0000] {processor.py:186} INFO - Started process (PID=191) to work on /home/airflow/.local/lib/python3.12/site-packages/airflow/example_dags/example_skip_dag.py
[2024-09-27T09:31:19.856+0000] {processor.py:914} INFO - Processing file /home/airflow/.local/lib/python3.12/site-packages/airflow/example_dags/example_skip_dag.py for tasks to queue
[2024-09-27T09:31:19.862+0000] {logging_mixin.py:190} INFO - [2024-09-27T09:31:19.862+0000] {dagbag.py:587} INFO - Filling up the DagBag from /home/airflow/.local/lib/python3.12/site-packages/airflow/example_dags/example_skip_dag.py
[2024-09-27T09:31:19.898+0000] {processor.py:925} INFO - DAG(s) 'example_skip_dag' retrieved from /home/airflow/.local/lib/python3.12/site-packages/airflow/example_dags/example_skip_dag.py
[2024-09-27T09:31:19.952+0000] {logging_mixin.py:190} INFO - [2024-09-27T09:31:19.952+0000] {dag.py:3229} INFO - Sync 1 DAGs
[2024-09-27T09:31:19.999+0000] {logging_mixin.py:190} INFO - [2024-09-27T09:31:19.998+0000] {dag.py:4156} INFO - Setting next_dagrun for example_skip_dag to 2024-09-26 00:00:00+00:00, run_after=2024-09-27 00:00:00+00:00
[2024-09-27T09:31:20.041+0000] {processor.py:208} INFO - Processing /home/airflow/.local/lib/python3.12/site-packages/airflow/example_dags/example_skip_dag.py took 0.205 seconds
[2024-09-27T09:31:50.137+0000] {processor.py:186} INFO - Started process (PID=256) to work on /home/airflow/.local/lib/python3.12/site-packages/airflow/example_dags/example_skip_dag.py
[2024-09-27T09:31:50.139+0000] {processor.py:914} INFO - Processing file /home/airflow/.local/lib/python3.12/site-packages/airflow/example_dags/example_skip_dag.py for tasks to queue
[2024-09-27T09:31:50.144+0000] {logging_mixin.py:190} INFO - [2024-09-27T09:31:50.143+0000] {dagbag.py:587} INFO - Filling up the DagBag from /home/airflow/.local/lib/python3.12/site-packages/airflow/example_dags/example_skip_dag.py
[2024-09-27T09:31:50.155+0000] {processor.py:925} INFO - DAG(s) 'example_skip_dag' retrieved from /home/airflow/.local/lib/python3.12/site-packages/airflow/example_dags/example_skip_dag.py
[2024-09-27T09:31:50.197+0000] {logging_mixin.py:190} INFO - [2024-09-27T09:31:50.196+0000] {dag.py:3229} INFO - Sync 1 DAGs
[2024-09-27T09:31:50.237+0000] {logging_mixin.py:190} INFO - [2024-09-27T09:31:50.236+0000] {dag.py:4156} INFO - Setting next_dagrun for example_skip_dag to 2024-09-26 00:00:00+00:00, run_after=2024-09-27 00:00:00+00:00
[2024-09-27T09:31:50.287+0000] {processor.py:208} INFO - Processing /home/airflow/.local/lib/python3.12/site-packages/airflow/example_dags/example_skip_dag.py took 0.158 seconds
[2024-09-27T09:32:21.568+0000] {processor.py:186} INFO - Started process (PID=321) to work on /home/airflow/.local/lib/python3.12/site-packages/airflow/example_dags/example_skip_dag.py
[2024-09-27T09:32:21.570+0000] {processor.py:914} INFO - Processing file /home/airflow/.local/lib/python3.12/site-packages/airflow/example_dags/example_skip_dag.py for tasks to queue
[2024-09-27T09:32:21.575+0000] {logging_mixin.py:190} INFO - [2024-09-27T09:32:21.574+0000] {dagbag.py:587} INFO - Filling up the DagBag from /home/airflow/.local/lib/python3.12/site-packages/airflow/example_dags/example_skip_dag.py
[2024-09-27T09:32:21.585+0000] {processor.py:925} INFO - DAG(s) 'example_skip_dag' retrieved from /home/airflow/.local/lib/python3.12/site-packages/airflow/example_dags/example_skip_dag.py
[2024-09-27T09:32:21.643+0000] {logging_mixin.py:190} INFO - [2024-09-27T09:32:21.642+0000] {dag.py:3229} INFO - Sync 1 DAGs
[2024-09-27T09:32:21.703+0000] {logging_mixin.py:190} INFO - [2024-09-27T09:32:21.702+0000] {dag.py:4156} INFO - Setting next_dagrun for example_skip_dag to 2024-09-26 00:00:00+00:00, run_after=2024-09-27 00:00:00+00:00
[2024-09-27T09:32:21.740+0000] {processor.py:208} INFO - Processing /home/airflow/.local/lib/python3.12/site-packages/airflow/example_dags/example_skip_dag.py took 0.182 seconds
