[2024-09-27T09:30:37.385+0000] {processor.py:186} INFO - Started process (PID=96) to work on /home/airflow/.local/lib/python3.12/site-packages/airflow/example_dags/example_branch_python_dop_operator_3.py
[2024-09-27T09:30:37.388+0000] {processor.py:914} INFO - Processing file /home/airflow/.local/lib/python3.12/site-packages/airflow/example_dags/example_branch_python_dop_operator_3.py for tasks to queue
[2024-09-27T09:30:37.393+0000] {logging_mixin.py:190} INFO - [2024-09-27T09:30:37.392+0000] {dagbag.py:587} INFO - Filling up the DagBag from /home/airflow/.local/lib/python3.12/site-packages/airflow/example_dags/example_branch_python_dop_operator_3.py
[2024-09-27T09:30:37.412+0000] {processor.py:925} INFO - DAG(s) 'example_branch_dop_operator_v3' retrieved from /home/airflow/.local/lib/python3.12/site-packages/airflow/example_dags/example_branch_python_dop_operator_3.py
[2024-09-27T09:30:37.461+0000] {logging_mixin.py:190} INFO - [2024-09-27T09:30:37.460+0000] {dag.py:3229} INFO - Sync 1 DAGs
[2024-09-27T09:30:37.513+0000] {logging_mixin.py:190} INFO - [2024-09-27T09:30:37.512+0000] {dag.py:4156} INFO - Setting next_dagrun for example_branch_dop_operator_v3 to 2024-09-27 09:29:00+00:00, run_after=2024-09-27 09:30:00+00:00
[2024-09-27T09:30:37.561+0000] {processor.py:208} INFO - Processing /home/airflow/.local/lib/python3.12/site-packages/airflow/example_dags/example_branch_python_dop_operator_3.py took 0.187 seconds
[2024-09-27T09:31:07.944+0000] {processor.py:186} INFO - Started process (PID=161) to work on /home/airflow/.local/lib/python3.12/site-packages/airflow/example_dags/example_branch_python_dop_operator_3.py
[2024-09-27T09:31:07.946+0000] {processor.py:914} INFO - Processing file /home/airflow/.local/lib/python3.12/site-packages/airflow/example_dags/example_branch_python_dop_operator_3.py for tasks to queue
[2024-09-27T09:31:07.950+0000] {logging_mixin.py:190} INFO - [2024-09-27T09:31:07.949+0000] {dagbag.py:587} INFO - Filling up the DagBag from /home/airflow/.local/lib/python3.12/site-packages/airflow/example_dags/example_branch_python_dop_operator_3.py
[2024-09-27T09:31:07.968+0000] {processor.py:925} INFO - DAG(s) 'example_branch_dop_operator_v3' retrieved from /home/airflow/.local/lib/python3.12/site-packages/airflow/example_dags/example_branch_python_dop_operator_3.py
[2024-09-27T09:31:08.005+0000] {logging_mixin.py:190} INFO - [2024-09-27T09:31:08.005+0000] {dag.py:3229} INFO - Sync 1 DAGs
[2024-09-27T09:31:08.091+0000] {logging_mixin.py:190} INFO - [2024-09-27T09:31:08.091+0000] {dag.py:4156} INFO - Setting next_dagrun for example_branch_dop_operator_v3 to 2024-09-27 09:30:00+00:00, run_after=2024-09-27 09:31:00+00:00
[2024-09-27T09:31:08.155+0000] {processor.py:208} INFO - Processing /home/airflow/.local/lib/python3.12/site-packages/airflow/example_dags/example_branch_python_dop_operator_3.py took 0.219 seconds
[2024-09-27T09:31:38.284+0000] {processor.py:186} INFO - Started process (PID=226) to work on /home/airflow/.local/lib/python3.12/site-packages/airflow/example_dags/example_branch_python_dop_operator_3.py
[2024-09-27T09:31:38.286+0000] {processor.py:914} INFO - Processing file /home/airflow/.local/lib/python3.12/site-packages/airflow/example_dags/example_branch_python_dop_operator_3.py for tasks to queue
[2024-09-27T09:31:38.291+0000] {logging_mixin.py:190} INFO - [2024-09-27T09:31:38.291+0000] {dagbag.py:587} INFO - Filling up the DagBag from /home/airflow/.local/lib/python3.12/site-packages/airflow/example_dags/example_branch_python_dop_operator_3.py
[2024-09-27T09:31:38.312+0000] {processor.py:925} INFO - DAG(s) 'example_branch_dop_operator_v3' retrieved from /home/airflow/.local/lib/python3.12/site-packages/airflow/example_dags/example_branch_python_dop_operator_3.py
[2024-09-27T09:31:38.365+0000] {logging_mixin.py:190} INFO - [2024-09-27T09:31:38.365+0000] {dag.py:3229} INFO - Sync 1 DAGs
[2024-09-27T09:31:38.423+0000] {logging_mixin.py:190} INFO - [2024-09-27T09:31:38.422+0000] {dag.py:4156} INFO - Setting next_dagrun for example_branch_dop_operator_v3 to 2024-09-27 09:30:00+00:00, run_after=2024-09-27 09:31:00+00:00
[2024-09-27T09:31:38.478+0000] {processor.py:208} INFO - Processing /home/airflow/.local/lib/python3.12/site-packages/airflow/example_dags/example_branch_python_dop_operator_3.py took 0.206 seconds
[2024-09-27T09:32:09.441+0000] {processor.py:186} INFO - Started process (PID=291) to work on /home/airflow/.local/lib/python3.12/site-packages/airflow/example_dags/example_branch_python_dop_operator_3.py
[2024-09-27T09:32:09.444+0000] {processor.py:914} INFO - Processing file /home/airflow/.local/lib/python3.12/site-packages/airflow/example_dags/example_branch_python_dop_operator_3.py for tasks to queue
[2024-09-27T09:32:09.450+0000] {logging_mixin.py:190} INFO - [2024-09-27T09:32:09.449+0000] {dagbag.py:587} INFO - Filling up the DagBag from /home/airflow/.local/lib/python3.12/site-packages/airflow/example_dags/example_branch_python_dop_operator_3.py
[2024-09-27T09:32:09.471+0000] {processor.py:925} INFO - DAG(s) 'example_branch_dop_operator_v3' retrieved from /home/airflow/.local/lib/python3.12/site-packages/airflow/example_dags/example_branch_python_dop_operator_3.py
[2024-09-27T09:32:09.521+0000] {logging_mixin.py:190} INFO - [2024-09-27T09:32:09.520+0000] {dag.py:3229} INFO - Sync 1 DAGs
[2024-09-27T09:32:09.589+0000] {logging_mixin.py:190} INFO - [2024-09-27T09:32:09.588+0000] {dag.py:4156} INFO - Setting next_dagrun for example_branch_dop_operator_v3 to 2024-09-27 09:31:00+00:00, run_after=2024-09-27 09:32:00+00:00
[2024-09-27T09:32:09.651+0000] {processor.py:208} INFO - Processing /home/airflow/.local/lib/python3.12/site-packages/airflow/example_dags/example_branch_python_dop_operator_3.py took 0.222 seconds
