[2024-09-27T09:30:48.116+0000] {processor.py:186} INFO - Started process (PID=122) to work on /home/airflow/.local/lib/python3.12/site-packages/airflow/example_dags/example_setup_teardown.py
[2024-09-27T09:30:48.119+0000] {processor.py:914} INFO - Processing file /home/airflow/.local/lib/python3.12/site-packages/airflow/example_dags/example_setup_teardown.py for tasks to queue
[2024-09-27T09:30:48.127+0000] {logging_mixin.py:190} INFO - [2024-09-27T09:30:48.125+0000] {dagbag.py:587} INFO - Filling up the DagBag from /home/airflow/.local/lib/python3.12/site-packages/airflow/example_dags/example_setup_teardown.py
[2024-09-27T09:30:48.163+0000] {processor.py:925} INFO - DAG(s) 'example_setup_teardown' retrieved from /home/airflow/.local/lib/python3.12/site-packages/airflow/example_dags/example_setup_teardown.py
[2024-09-27T09:30:48.226+0000] {logging_mixin.py:190} INFO - [2024-09-27T09:30:48.226+0000] {dag.py:3229} INFO - Sync 1 DAGs
[2024-09-27T09:30:48.259+0000] {logging_mixin.py:190} INFO - [2024-09-27T09:30:48.259+0000] {dag.py:4156} INFO - Setting next_dagrun for example_setup_teardown to None, run_after=None
[2024-09-27T09:30:48.330+0000] {processor.py:208} INFO - Processing /home/airflow/.local/lib/python3.12/site-packages/airflow/example_dags/example_setup_teardown.py took 0.231 seconds
[2024-09-27T09:31:19.198+0000] {processor.py:186} INFO - Started process (PID=187) to work on /home/airflow/.local/lib/python3.12/site-packages/airflow/example_dags/example_setup_teardown.py
[2024-09-27T09:31:19.201+0000] {processor.py:914} INFO - Processing file /home/airflow/.local/lib/python3.12/site-packages/airflow/example_dags/example_setup_teardown.py for tasks to queue
[2024-09-27T09:31:19.208+0000] {logging_mixin.py:190} INFO - [2024-09-27T09:31:19.207+0000] {dagbag.py:587} INFO - Filling up the DagBag from /home/airflow/.local/lib/python3.12/site-packages/airflow/example_dags/example_setup_teardown.py
[2024-09-27T09:31:19.231+0000] {processor.py:925} INFO - DAG(s) 'example_setup_teardown' retrieved from /home/airflow/.local/lib/python3.12/site-packages/airflow/example_dags/example_setup_teardown.py
[2024-09-27T09:31:19.286+0000] {logging_mixin.py:190} INFO - [2024-09-27T09:31:19.285+0000] {dag.py:3229} INFO - Sync 1 DAGs
[2024-09-27T09:31:19.323+0000] {logging_mixin.py:190} INFO - [2024-09-27T09:31:19.322+0000] {dag.py:4156} INFO - Setting next_dagrun for example_setup_teardown to None, run_after=None
[2024-09-27T09:31:19.376+0000] {processor.py:208} INFO - Processing /home/airflow/.local/lib/python3.12/site-packages/airflow/example_dags/example_setup_teardown.py took 0.191 seconds
[2024-09-27T09:31:49.720+0000] {processor.py:186} INFO - Started process (PID=252) to work on /home/airflow/.local/lib/python3.12/site-packages/airflow/example_dags/example_setup_teardown.py
[2024-09-27T09:31:49.722+0000] {processor.py:914} INFO - Processing file /home/airflow/.local/lib/python3.12/site-packages/airflow/example_dags/example_setup_teardown.py for tasks to queue
[2024-09-27T09:31:49.728+0000] {logging_mixin.py:190} INFO - [2024-09-27T09:31:49.727+0000] {dagbag.py:587} INFO - Filling up the DagBag from /home/airflow/.local/lib/python3.12/site-packages/airflow/example_dags/example_setup_teardown.py
[2024-09-27T09:31:49.751+0000] {processor.py:925} INFO - DAG(s) 'example_setup_teardown' retrieved from /home/airflow/.local/lib/python3.12/site-packages/airflow/example_dags/example_setup_teardown.py
[2024-09-27T09:31:49.783+0000] {logging_mixin.py:190} INFO - [2024-09-27T09:31:49.782+0000] {dag.py:3229} INFO - Sync 1 DAGs
[2024-09-27T09:31:49.805+0000] {logging_mixin.py:190} INFO - [2024-09-27T09:31:49.804+0000] {dag.py:4156} INFO - Setting next_dagrun for example_setup_teardown to None, run_after=None
[2024-09-27T09:31:49.838+0000] {processor.py:208} INFO - Processing /home/airflow/.local/lib/python3.12/site-packages/airflow/example_dags/example_setup_teardown.py took 0.134 seconds
[2024-09-27T09:32:20.840+0000] {processor.py:186} INFO - Started process (PID=317) to work on /home/airflow/.local/lib/python3.12/site-packages/airflow/example_dags/example_setup_teardown.py
[2024-09-27T09:32:20.842+0000] {processor.py:914} INFO - Processing file /home/airflow/.local/lib/python3.12/site-packages/airflow/example_dags/example_setup_teardown.py for tasks to queue
[2024-09-27T09:32:20.849+0000] {logging_mixin.py:190} INFO - [2024-09-27T09:32:20.848+0000] {dagbag.py:587} INFO - Filling up the DagBag from /home/airflow/.local/lib/python3.12/site-packages/airflow/example_dags/example_setup_teardown.py
[2024-09-27T09:32:20.864+0000] {processor.py:925} INFO - DAG(s) 'example_setup_teardown' retrieved from /home/airflow/.local/lib/python3.12/site-packages/airflow/example_dags/example_setup_teardown.py
[2024-09-27T09:32:20.907+0000] {logging_mixin.py:190} INFO - [2024-09-27T09:32:20.907+0000] {dag.py:3229} INFO - Sync 1 DAGs
[2024-09-27T09:32:20.933+0000] {logging_mixin.py:190} INFO - [2024-09-27T09:32:20.932+0000] {dag.py:4156} INFO - Setting next_dagrun for example_setup_teardown to None, run_after=None
[2024-09-27T09:32:20.975+0000] {processor.py:208} INFO - Processing /home/airflow/.local/lib/python3.12/site-packages/airflow/example_dags/example_setup_teardown.py took 0.147 seconds
