[2024-09-27T09:30:36.915+0000] {processor.py:186} INFO - Started process (PID=94) to work on /home/airflow/.local/lib/python3.12/site-packages/airflow/example_dags/example_python_operator.py
[2024-09-27T09:30:36.916+0000] {processor.py:914} INFO - Processing file /home/airflow/.local/lib/python3.12/site-packages/airflow/example_dags/example_python_operator.py for tasks to queue
[2024-09-27T09:30:36.922+0000] {logging_mixin.py:190} INFO - [2024-09-27T09:30:36.922+0000] {dagbag.py:587} INFO - Filling up the DagBag from /home/airflow/.local/lib/python3.12/site-packages/airflow/example_dags/example_python_operator.py
[2024-09-27T09:30:36.949+0000] {processor.py:925} INFO - DAG(s) 'example_python_operator' retrieved from /home/airflow/.local/lib/python3.12/site-packages/airflow/example_dags/example_python_operator.py
[2024-09-27T09:30:37.178+0000] {logging_mixin.py:190} INFO - [2024-09-27T09:30:37.177+0000] {dag.py:3229} INFO - Sync 1 DAGs
[2024-09-27T09:30:37.212+0000] {logging_mixin.py:190} INFO - [2024-09-27T09:30:37.212+0000] {dag.py:4156} INFO - Setting next_dagrun for example_python_operator to None, run_after=None
[2024-09-27T09:30:37.257+0000] {processor.py:208} INFO - Processing /home/airflow/.local/lib/python3.12/site-packages/airflow/example_dags/example_python_operator.py took 0.351 seconds
[2024-09-27T09:31:07.594+0000] {processor.py:186} INFO - Started process (PID=159) to work on /home/airflow/.local/lib/python3.12/site-packages/airflow/example_dags/example_python_operator.py
[2024-09-27T09:31:07.596+0000] {processor.py:914} INFO - Processing file /home/airflow/.local/lib/python3.12/site-packages/airflow/example_dags/example_python_operator.py for tasks to queue
[2024-09-27T09:31:07.601+0000] {logging_mixin.py:190} INFO - [2024-09-27T09:31:07.600+0000] {dagbag.py:587} INFO - Filling up the DagBag from /home/airflow/.local/lib/python3.12/site-packages/airflow/example_dags/example_python_operator.py
[2024-09-27T09:31:07.639+0000] {processor.py:925} INFO - DAG(s) 'example_python_operator' retrieved from /home/airflow/.local/lib/python3.12/site-packages/airflow/example_dags/example_python_operator.py
[2024-09-27T09:31:07.689+0000] {logging_mixin.py:190} INFO - [2024-09-27T09:31:07.688+0000] {dag.py:3229} INFO - Sync 1 DAGs
[2024-09-27T09:31:07.716+0000] {logging_mixin.py:190} INFO - [2024-09-27T09:31:07.716+0000] {dag.py:4156} INFO - Setting next_dagrun for example_python_operator to None, run_after=None
[2024-09-27T09:31:07.815+0000] {processor.py:208} INFO - Processing /home/airflow/.local/lib/python3.12/site-packages/airflow/example_dags/example_python_operator.py took 0.232 seconds
[2024-09-27T09:31:38.019+0000] {processor.py:186} INFO - Started process (PID=224) to work on /home/airflow/.local/lib/python3.12/site-packages/airflow/example_dags/example_python_operator.py
[2024-09-27T09:31:38.022+0000] {processor.py:914} INFO - Processing file /home/airflow/.local/lib/python3.12/site-packages/airflow/example_dags/example_python_operator.py for tasks to queue
[2024-09-27T09:31:38.029+0000] {logging_mixin.py:190} INFO - [2024-09-27T09:31:38.028+0000] {dagbag.py:587} INFO - Filling up the DagBag from /home/airflow/.local/lib/python3.12/site-packages/airflow/example_dags/example_python_operator.py
[2024-09-27T09:31:38.055+0000] {processor.py:925} INFO - DAG(s) 'example_python_operator' retrieved from /home/airflow/.local/lib/python3.12/site-packages/airflow/example_dags/example_python_operator.py
[2024-09-27T09:31:38.101+0000] {logging_mixin.py:190} INFO - [2024-09-27T09:31:38.100+0000] {dag.py:3229} INFO - Sync 1 DAGs
[2024-09-27T09:31:38.133+0000] {logging_mixin.py:190} INFO - [2024-09-27T09:31:38.132+0000] {dag.py:4156} INFO - Setting next_dagrun for example_python_operator to None, run_after=None
[2024-09-27T09:31:38.178+0000] {processor.py:208} INFO - Processing /home/airflow/.local/lib/python3.12/site-packages/airflow/example_dags/example_python_operator.py took 0.172 seconds
[2024-09-27T09:32:08.341+0000] {processor.py:186} INFO - Started process (PID=289) to work on /home/airflow/.local/lib/python3.12/site-packages/airflow/example_dags/example_python_operator.py
[2024-09-27T09:32:08.343+0000] {processor.py:914} INFO - Processing file /home/airflow/.local/lib/python3.12/site-packages/airflow/example_dags/example_python_operator.py for tasks to queue
[2024-09-27T09:32:08.348+0000] {logging_mixin.py:190} INFO - [2024-09-27T09:32:08.347+0000] {dagbag.py:587} INFO - Filling up the DagBag from /home/airflow/.local/lib/python3.12/site-packages/airflow/example_dags/example_python_operator.py
[2024-09-27T09:32:08.367+0000] {processor.py:925} INFO - DAG(s) 'example_python_operator' retrieved from /home/airflow/.local/lib/python3.12/site-packages/airflow/example_dags/example_python_operator.py
[2024-09-27T09:32:08.400+0000] {logging_mixin.py:190} INFO - [2024-09-27T09:32:08.400+0000] {dag.py:3229} INFO - Sync 1 DAGs
[2024-09-27T09:32:08.424+0000] {logging_mixin.py:190} INFO - [2024-09-27T09:32:08.423+0000] {dag.py:4156} INFO - Setting next_dagrun for example_python_operator to None, run_after=None
[2024-09-27T09:32:08.458+0000] {processor.py:208} INFO - Processing /home/airflow/.local/lib/python3.12/site-packages/airflow/example_dags/example_python_operator.py took 0.126 seconds
