[2024-09-27T09:30:27.714+0000] {processor.py:186} INFO - Started process (PID=76) to work on /home/airflow/.local/lib/python3.12/site-packages/airflow/example_dags/example_task_group.py
[2024-09-27T09:30:27.740+0000] {processor.py:914} INFO - Processing file /home/airflow/.local/lib/python3.12/site-packages/airflow/example_dags/example_task_group.py for tasks to queue
[2024-09-27T09:30:27.789+0000] {logging_mixin.py:190} INFO - [2024-09-27T09:30:27.787+0000] {dagbag.py:587} INFO - Filling up the DagBag from /home/airflow/.local/lib/python3.12/site-packages/airflow/example_dags/example_task_group.py
[2024-09-27T09:30:28.167+0000] {processor.py:925} INFO - DAG(s) 'example_task_group' retrieved from /home/airflow/.local/lib/python3.12/site-packages/airflow/example_dags/example_task_group.py
[2024-09-27T09:30:28.423+0000] {logging_mixin.py:190} INFO - [2024-09-27T09:30:28.422+0000] {dag.py:3229} INFO - Sync 1 DAGs
[2024-09-27T09:30:28.508+0000] {logging_mixin.py:190} INFO - [2024-09-27T09:30:28.508+0000] {dag.py:4156} INFO - Setting next_dagrun for example_task_group to None, run_after=None
[2024-09-27T09:30:28.572+0000] {processor.py:208} INFO - Processing /home/airflow/.local/lib/python3.12/site-packages/airflow/example_dags/example_task_group.py took 0.928 seconds
[2024-09-27T09:30:58.908+0000] {processor.py:186} INFO - Started process (PID=141) to work on /home/airflow/.local/lib/python3.12/site-packages/airflow/example_dags/example_task_group.py
[2024-09-27T09:30:58.910+0000] {processor.py:914} INFO - Processing file /home/airflow/.local/lib/python3.12/site-packages/airflow/example_dags/example_task_group.py for tasks to queue
[2024-09-27T09:30:58.915+0000] {logging_mixin.py:190} INFO - [2024-09-27T09:30:58.914+0000] {dagbag.py:587} INFO - Filling up the DagBag from /home/airflow/.local/lib/python3.12/site-packages/airflow/example_dags/example_task_group.py
[2024-09-27T09:30:58.933+0000] {processor.py:925} INFO - DAG(s) 'example_task_group' retrieved from /home/airflow/.local/lib/python3.12/site-packages/airflow/example_dags/example_task_group.py
[2024-09-27T09:30:58.984+0000] {logging_mixin.py:190} INFO - [2024-09-27T09:30:58.983+0000] {dag.py:3229} INFO - Sync 1 DAGs
[2024-09-27T09:30:59.028+0000] {logging_mixin.py:190} INFO - [2024-09-27T09:30:59.028+0000] {dag.py:4156} INFO - Setting next_dagrun for example_task_group to None, run_after=None
[2024-09-27T09:30:59.075+0000] {processor.py:208} INFO - Processing /home/airflow/.local/lib/python3.12/site-packages/airflow/example_dags/example_task_group.py took 0.178 seconds
[2024-09-27T09:31:29.564+0000] {processor.py:186} INFO - Started process (PID=206) to work on /home/airflow/.local/lib/python3.12/site-packages/airflow/example_dags/example_task_group.py
[2024-09-27T09:31:29.566+0000] {processor.py:914} INFO - Processing file /home/airflow/.local/lib/python3.12/site-packages/airflow/example_dags/example_task_group.py for tasks to queue
[2024-09-27T09:31:29.571+0000] {logging_mixin.py:190} INFO - [2024-09-27T09:31:29.570+0000] {dagbag.py:587} INFO - Filling up the DagBag from /home/airflow/.local/lib/python3.12/site-packages/airflow/example_dags/example_task_group.py
[2024-09-27T09:31:29.588+0000] {processor.py:925} INFO - DAG(s) 'example_task_group' retrieved from /home/airflow/.local/lib/python3.12/site-packages/airflow/example_dags/example_task_group.py
[2024-09-27T09:31:29.624+0000] {logging_mixin.py:190} INFO - [2024-09-27T09:31:29.624+0000] {dag.py:3229} INFO - Sync 1 DAGs
[2024-09-27T09:31:29.646+0000] {logging_mixin.py:190} INFO - [2024-09-27T09:31:29.646+0000] {dag.py:4156} INFO - Setting next_dagrun for example_task_group to None, run_after=None
[2024-09-27T09:31:29.684+0000] {processor.py:208} INFO - Processing /home/airflow/.local/lib/python3.12/site-packages/airflow/example_dags/example_task_group.py took 0.131 seconds
[2024-09-27T09:32:00.309+0000] {processor.py:186} INFO - Started process (PID=271) to work on /home/airflow/.local/lib/python3.12/site-packages/airflow/example_dags/example_task_group.py
[2024-09-27T09:32:00.314+0000] {processor.py:914} INFO - Processing file /home/airflow/.local/lib/python3.12/site-packages/airflow/example_dags/example_task_group.py for tasks to queue
[2024-09-27T09:32:00.327+0000] {logging_mixin.py:190} INFO - [2024-09-27T09:32:00.327+0000] {dagbag.py:587} INFO - Filling up the DagBag from /home/airflow/.local/lib/python3.12/site-packages/airflow/example_dags/example_task_group.py
[2024-09-27T09:32:00.387+0000] {processor.py:925} INFO - DAG(s) 'example_task_group' retrieved from /home/airflow/.local/lib/python3.12/site-packages/airflow/example_dags/example_task_group.py
[2024-09-27T09:32:00.646+0000] {logging_mixin.py:190} INFO - [2024-09-27T09:32:00.644+0000] {dag.py:3229} INFO - Sync 1 DAGs
[2024-09-27T09:32:00.715+0000] {logging_mixin.py:190} INFO - [2024-09-27T09:32:00.715+0000] {dag.py:4156} INFO - Setting next_dagrun for example_task_group to None, run_after=None
[2024-09-27T09:32:00.778+0000] {processor.py:208} INFO - Processing /home/airflow/.local/lib/python3.12/site-packages/airflow/example_dags/example_task_group.py took 0.513 seconds
