[2024-09-27T09:30:45.145+0000] {processor.py:186} INFO - Started process (PID=120) to work on /home/airflow/.local/lib/python3.12/site-packages/airflow/example_dags/example_dataset_alias_with_no_taskflow.py
[2024-09-27T09:30:45.147+0000] {processor.py:914} INFO - Processing file /home/airflow/.local/lib/python3.12/site-packages/airflow/example_dags/example_dataset_alias_with_no_taskflow.py for tasks to queue
[2024-09-27T09:30:45.157+0000] {logging_mixin.py:190} INFO - [2024-09-27T09:30:45.157+0000] {dagbag.py:587} INFO - Filling up the DagBag from /home/airflow/.local/lib/python3.12/site-packages/airflow/example_dags/example_dataset_alias_with_no_taskflow.py
[2024-09-27T09:30:46.895+0000] {processor.py:925} INFO - DAG(s) 'dataset_alias_example_alias_consumer_with_no_taskflow', 'dataset_s3_bucket_producer_with_no_taskflow', 'dataset_alias_example_alias_producer_with_no_taskflow', 'dataset_s3_bucket_consumer_with_no_taskflow' retrieved from /home/airflow/.local/lib/python3.12/site-packages/airflow/example_dags/example_dataset_alias_with_no_taskflow.py
[2024-09-27T09:30:47.182+0000] {logging_mixin.py:190} INFO - [2024-09-27T09:30:47.181+0000] {dag.py:3229} INFO - Sync 4 DAGs
[2024-09-27T09:30:47.328+0000] {logging_mixin.py:190} INFO - [2024-09-27T09:30:47.327+0000] {dag.py:4156} INFO - Setting next_dagrun for dataset_alias_example_alias_consumer_with_no_taskflow to None, run_after=None
[2024-09-27T09:30:47.350+0000] {logging_mixin.py:190} INFO - [2024-09-27T09:30:47.349+0000] {dag.py:4156} INFO - Setting next_dagrun for dataset_alias_example_alias_producer_with_no_taskflow to None, run_after=None
[2024-09-27T09:30:47.355+0000] {logging_mixin.py:190} INFO - [2024-09-27T09:30:47.354+0000] {dag.py:4156} INFO - Setting next_dagrun for dataset_s3_bucket_consumer_with_no_taskflow to None, run_after=None
[2024-09-27T09:30:47.360+0000] {logging_mixin.py:190} INFO - [2024-09-27T09:30:47.359+0000] {dag.py:4156} INFO - Setting next_dagrun for dataset_s3_bucket_producer_with_no_taskflow to None, run_after=None
[2024-09-27T09:30:47.489+0000] {processor.py:208} INFO - Processing /home/airflow/.local/lib/python3.12/site-packages/airflow/example_dags/example_dataset_alias_with_no_taskflow.py took 2.356 seconds
[2024-09-27T09:31:18.188+0000] {processor.py:186} INFO - Started process (PID=185) to work on /home/airflow/.local/lib/python3.12/site-packages/airflow/example_dags/example_dataset_alias_with_no_taskflow.py
[2024-09-27T09:31:18.190+0000] {processor.py:914} INFO - Processing file /home/airflow/.local/lib/python3.12/site-packages/airflow/example_dags/example_dataset_alias_with_no_taskflow.py for tasks to queue
[2024-09-27T09:31:18.194+0000] {logging_mixin.py:190} INFO - [2024-09-27T09:31:18.194+0000] {dagbag.py:587} INFO - Filling up the DagBag from /home/airflow/.local/lib/python3.12/site-packages/airflow/example_dags/example_dataset_alias_with_no_taskflow.py
[2024-09-27T09:31:18.578+0000] {processor.py:925} INFO - DAG(s) 'dataset_s3_bucket_consumer_with_no_taskflow', 'dataset_s3_bucket_producer_with_no_taskflow', 'dataset_alias_example_alias_consumer_with_no_taskflow', 'dataset_alias_example_alias_producer_with_no_taskflow' retrieved from /home/airflow/.local/lib/python3.12/site-packages/airflow/example_dags/example_dataset_alias_with_no_taskflow.py
[2024-09-27T09:31:18.660+0000] {logging_mixin.py:190} INFO - [2024-09-27T09:31:18.660+0000] {dag.py:3229} INFO - Sync 4 DAGs
[2024-09-27T09:31:18.736+0000] {logging_mixin.py:190} INFO - [2024-09-27T09:31:18.735+0000] {dag.py:4156} INFO - Setting next_dagrun for dataset_alias_example_alias_consumer_with_no_taskflow to None, run_after=None
[2024-09-27T09:31:18.744+0000] {logging_mixin.py:190} INFO - [2024-09-27T09:31:18.743+0000] {dag.py:4156} INFO - Setting next_dagrun for dataset_alias_example_alias_producer_with_no_taskflow to None, run_after=None
[2024-09-27T09:31:18.747+0000] {logging_mixin.py:190} INFO - [2024-09-27T09:31:18.746+0000] {dag.py:4156} INFO - Setting next_dagrun for dataset_s3_bucket_consumer_with_no_taskflow to None, run_after=None
[2024-09-27T09:31:18.749+0000] {logging_mixin.py:190} INFO - [2024-09-27T09:31:18.749+0000] {dag.py:4156} INFO - Setting next_dagrun for dataset_s3_bucket_producer_with_no_taskflow to None, run_after=None
[2024-09-27T09:31:18.815+0000] {processor.py:208} INFO - Processing /home/airflow/.local/lib/python3.12/site-packages/airflow/example_dags/example_dataset_alias_with_no_taskflow.py took 0.636 seconds
[2024-09-27T09:31:49.145+0000] {processor.py:186} INFO - Started process (PID=250) to work on /home/airflow/.local/lib/python3.12/site-packages/airflow/example_dags/example_dataset_alias_with_no_taskflow.py
[2024-09-27T09:31:49.147+0000] {processor.py:914} INFO - Processing file /home/airflow/.local/lib/python3.12/site-packages/airflow/example_dags/example_dataset_alias_with_no_taskflow.py for tasks to queue
[2024-09-27T09:31:49.153+0000] {logging_mixin.py:190} INFO - [2024-09-27T09:31:49.152+0000] {dagbag.py:587} INFO - Filling up the DagBag from /home/airflow/.local/lib/python3.12/site-packages/airflow/example_dags/example_dataset_alias_with_no_taskflow.py
[2024-09-27T09:31:49.440+0000] {processor.py:925} INFO - DAG(s) 'dataset_alias_example_alias_consumer_with_no_taskflow', 'dataset_s3_bucket_consumer_with_no_taskflow', 'dataset_alias_example_alias_producer_with_no_taskflow', 'dataset_s3_bucket_producer_with_no_taskflow' retrieved from /home/airflow/.local/lib/python3.12/site-packages/airflow/example_dags/example_dataset_alias_with_no_taskflow.py
[2024-09-27T09:31:49.484+0000] {logging_mixin.py:190} INFO - [2024-09-27T09:31:49.483+0000] {dag.py:3229} INFO - Sync 4 DAGs
[2024-09-27T09:31:49.522+0000] {logging_mixin.py:190} INFO - [2024-09-27T09:31:49.521+0000] {dag.py:4156} INFO - Setting next_dagrun for dataset_alias_example_alias_consumer_with_no_taskflow to None, run_after=None
[2024-09-27T09:31:49.527+0000] {logging_mixin.py:190} INFO - [2024-09-27T09:31:49.527+0000] {dag.py:4156} INFO - Setting next_dagrun for dataset_alias_example_alias_producer_with_no_taskflow to None, run_after=None
[2024-09-27T09:31:49.530+0000] {logging_mixin.py:190} INFO - [2024-09-27T09:31:49.530+0000] {dag.py:4156} INFO - Setting next_dagrun for dataset_s3_bucket_consumer_with_no_taskflow to None, run_after=None
[2024-09-27T09:31:49.533+0000] {logging_mixin.py:190} INFO - [2024-09-27T09:31:49.533+0000] {dag.py:4156} INFO - Setting next_dagrun for dataset_s3_bucket_producer_with_no_taskflow to None, run_after=None
[2024-09-27T09:31:49.584+0000] {processor.py:208} INFO - Processing /home/airflow/.local/lib/python3.12/site-packages/airflow/example_dags/example_dataset_alias_with_no_taskflow.py took 0.451 seconds
[2024-09-27T09:32:19.816+0000] {processor.py:186} INFO - Started process (PID=315) to work on /home/airflow/.local/lib/python3.12/site-packages/airflow/example_dags/example_dataset_alias_with_no_taskflow.py
[2024-09-27T09:32:19.820+0000] {processor.py:914} INFO - Processing file /home/airflow/.local/lib/python3.12/site-packages/airflow/example_dags/example_dataset_alias_with_no_taskflow.py for tasks to queue
[2024-09-27T09:32:19.825+0000] {logging_mixin.py:190} INFO - [2024-09-27T09:32:19.824+0000] {dagbag.py:587} INFO - Filling up the DagBag from /home/airflow/.local/lib/python3.12/site-packages/airflow/example_dags/example_dataset_alias_with_no_taskflow.py
[2024-09-27T09:32:20.176+0000] {processor.py:925} INFO - DAG(s) 'dataset_alias_example_alias_producer_with_no_taskflow', 'dataset_s3_bucket_consumer_with_no_taskflow', 'dataset_alias_example_alias_consumer_with_no_taskflow', 'dataset_s3_bucket_producer_with_no_taskflow' retrieved from /home/airflow/.local/lib/python3.12/site-packages/airflow/example_dags/example_dataset_alias_with_no_taskflow.py
[2024-09-27T09:32:20.226+0000] {logging_mixin.py:190} INFO - [2024-09-27T09:32:20.225+0000] {dag.py:3229} INFO - Sync 4 DAGs
[2024-09-27T09:32:20.295+0000] {logging_mixin.py:190} INFO - [2024-09-27T09:32:20.294+0000] {dag.py:4156} INFO - Setting next_dagrun for dataset_alias_example_alias_consumer_with_no_taskflow to None, run_after=None
[2024-09-27T09:32:20.302+0000] {logging_mixin.py:190} INFO - [2024-09-27T09:32:20.302+0000] {dag.py:4156} INFO - Setting next_dagrun for dataset_alias_example_alias_producer_with_no_taskflow to None, run_after=None
[2024-09-27T09:32:20.307+0000] {logging_mixin.py:190} INFO - [2024-09-27T09:32:20.306+0000] {dag.py:4156} INFO - Setting next_dagrun for dataset_s3_bucket_consumer_with_no_taskflow to None, run_after=None
[2024-09-27T09:32:20.310+0000] {logging_mixin.py:190} INFO - [2024-09-27T09:32:20.310+0000] {dag.py:4156} INFO - Setting next_dagrun for dataset_s3_bucket_producer_with_no_taskflow to None, run_after=None
[2024-09-27T09:32:20.379+0000] {processor.py:208} INFO - Processing /home/airflow/.local/lib/python3.12/site-packages/airflow/example_dags/example_dataset_alias_with_no_taskflow.py took 0.575 seconds
