[2024-09-27T09:30:32.630+0000] {processor.py:186} INFO - Started process (PID=86) to work on /home/airflow/.local/lib/python3.12/site-packages/airflow/example_dags/example_nested_branch_dag.py
[2024-09-27T09:30:32.633+0000] {processor.py:914} INFO - Processing file /home/airflow/.local/lib/python3.12/site-packages/airflow/example_dags/example_nested_branch_dag.py for tasks to queue
[2024-09-27T09:30:32.638+0000] {logging_mixin.py:190} INFO - [2024-09-27T09:30:32.638+0000] {dagbag.py:587} INFO - Filling up the DagBag from /home/airflow/.local/lib/python3.12/site-packages/airflow/example_dags/example_nested_branch_dag.py
[2024-09-27T09:30:32.663+0000] {processor.py:925} INFO - DAG(s) 'example_nested_branch_dag' retrieved from /home/airflow/.local/lib/python3.12/site-packages/airflow/example_dags/example_nested_branch_dag.py
[2024-09-27T09:30:32.762+0000] {logging_mixin.py:190} INFO - [2024-09-27T09:30:32.762+0000] {dag.py:3229} INFO - Sync 1 DAGs
[2024-09-27T09:30:32.954+0000] {logging_mixin.py:190} INFO - [2024-09-27T09:30:32.953+0000] {dag.py:4156} INFO - Setting next_dagrun for example_nested_branch_dag to 2024-09-26 00:00:00+00:00, run_after=2024-09-27 00:00:00+00:00
[2024-09-27T09:30:33.007+0000] {processor.py:208} INFO - Processing /home/airflow/.local/lib/python3.12/site-packages/airflow/example_dags/example_nested_branch_dag.py took 0.387 seconds
[2024-09-27T09:31:03.780+0000] {processor.py:186} INFO - Started process (PID=151) to work on /home/airflow/.local/lib/python3.12/site-packages/airflow/example_dags/example_nested_branch_dag.py
[2024-09-27T09:31:03.781+0000] {processor.py:914} INFO - Processing file /home/airflow/.local/lib/python3.12/site-packages/airflow/example_dags/example_nested_branch_dag.py for tasks to queue
[2024-09-27T09:31:03.784+0000] {logging_mixin.py:190} INFO - [2024-09-27T09:31:03.784+0000] {dagbag.py:587} INFO - Filling up the DagBag from /home/airflow/.local/lib/python3.12/site-packages/airflow/example_dags/example_nested_branch_dag.py
[2024-09-27T09:31:03.798+0000] {processor.py:925} INFO - DAG(s) 'example_nested_branch_dag' retrieved from /home/airflow/.local/lib/python3.12/site-packages/airflow/example_dags/example_nested_branch_dag.py
[2024-09-27T09:31:03.835+0000] {logging_mixin.py:190} INFO - [2024-09-27T09:31:03.835+0000] {dag.py:3229} INFO - Sync 1 DAGs
[2024-09-27T09:31:03.900+0000] {logging_mixin.py:190} INFO - [2024-09-27T09:31:03.900+0000] {dag.py:4156} INFO - Setting next_dagrun for example_nested_branch_dag to 2024-09-26 00:00:00+00:00, run_after=2024-09-27 00:00:00+00:00
[2024-09-27T09:31:03.933+0000] {processor.py:208} INFO - Processing /home/airflow/.local/lib/python3.12/site-packages/airflow/example_dags/example_nested_branch_dag.py took 0.160 seconds
[2024-09-27T09:31:34.609+0000] {processor.py:186} INFO - Started process (PID=216) to work on /home/airflow/.local/lib/python3.12/site-packages/airflow/example_dags/example_nested_branch_dag.py
[2024-09-27T09:31:34.611+0000] {processor.py:914} INFO - Processing file /home/airflow/.local/lib/python3.12/site-packages/airflow/example_dags/example_nested_branch_dag.py for tasks to queue
[2024-09-27T09:31:34.617+0000] {logging_mixin.py:190} INFO - [2024-09-27T09:31:34.616+0000] {dagbag.py:587} INFO - Filling up the DagBag from /home/airflow/.local/lib/python3.12/site-packages/airflow/example_dags/example_nested_branch_dag.py
[2024-09-27T09:31:34.645+0000] {processor.py:925} INFO - DAG(s) 'example_nested_branch_dag' retrieved from /home/airflow/.local/lib/python3.12/site-packages/airflow/example_dags/example_nested_branch_dag.py
[2024-09-27T09:31:34.692+0000] {logging_mixin.py:190} INFO - [2024-09-27T09:31:34.692+0000] {dag.py:3229} INFO - Sync 1 DAGs
[2024-09-27T09:31:34.738+0000] {logging_mixin.py:190} INFO - [2024-09-27T09:31:34.737+0000] {dag.py:4156} INFO - Setting next_dagrun for example_nested_branch_dag to 2024-09-26 00:00:00+00:00, run_after=2024-09-27 00:00:00+00:00
[2024-09-27T09:31:34.808+0000] {processor.py:208} INFO - Processing /home/airflow/.local/lib/python3.12/site-packages/airflow/example_dags/example_nested_branch_dag.py took 0.210 seconds
[2024-09-27T09:32:05.109+0000] {processor.py:186} INFO - Started process (PID=281) to work on /home/airflow/.local/lib/python3.12/site-packages/airflow/example_dags/example_nested_branch_dag.py
[2024-09-27T09:32:05.118+0000] {processor.py:914} INFO - Processing file /home/airflow/.local/lib/python3.12/site-packages/airflow/example_dags/example_nested_branch_dag.py for tasks to queue
[2024-09-27T09:32:05.124+0000] {logging_mixin.py:190} INFO - [2024-09-27T09:32:05.123+0000] {dagbag.py:587} INFO - Filling up the DagBag from /home/airflow/.local/lib/python3.12/site-packages/airflow/example_dags/example_nested_branch_dag.py
[2024-09-27T09:32:05.152+0000] {processor.py:925} INFO - DAG(s) 'example_nested_branch_dag' retrieved from /home/airflow/.local/lib/python3.12/site-packages/airflow/example_dags/example_nested_branch_dag.py
[2024-09-27T09:32:05.191+0000] {logging_mixin.py:190} INFO - [2024-09-27T09:32:05.191+0000] {dag.py:3229} INFO - Sync 1 DAGs
[2024-09-27T09:32:05.224+0000] {logging_mixin.py:190} INFO - [2024-09-27T09:32:05.224+0000] {dag.py:4156} INFO - Setting next_dagrun for example_nested_branch_dag to 2024-09-26 00:00:00+00:00, run_after=2024-09-27 00:00:00+00:00
[2024-09-27T09:32:05.257+0000] {processor.py:208} INFO - Processing /home/airflow/.local/lib/python3.12/site-packages/airflow/example_dags/example_nested_branch_dag.py took 0.180 seconds
