[2024-09-27T09:30:48.449+0000] {processor.py:186} INFO - Started process (PID=124) to work on /home/airflow/.local/lib/python3.12/site-packages/airflow/example_dags/example_python_decorator.py
[2024-09-27T09:30:48.452+0000] {processor.py:914} INFO - Processing file /home/airflow/.local/lib/python3.12/site-packages/airflow/example_dags/example_python_decorator.py for tasks to queue
[2024-09-27T09:30:48.456+0000] {logging_mixin.py:190} INFO - [2024-09-27T09:30:48.455+0000] {dagbag.py:587} INFO - Filling up the DagBag from /home/airflow/.local/lib/python3.12/site-packages/airflow/example_dags/example_python_decorator.py
[2024-09-27T09:30:48.487+0000] {processor.py:925} INFO - DAG(s) 'example_python_decorator' retrieved from /home/airflow/.local/lib/python3.12/site-packages/airflow/example_dags/example_python_decorator.py
[2024-09-27T09:30:48.780+0000] {logging_mixin.py:190} INFO - [2024-09-27T09:30:48.779+0000] {dag.py:3229} INFO - Sync 1 DAGs
[2024-09-27T09:30:48.832+0000] {logging_mixin.py:190} INFO - [2024-09-27T09:30:48.831+0000] {dag.py:4156} INFO - Setting next_dagrun for example_python_decorator to None, run_after=None
[2024-09-27T09:30:48.932+0000] {processor.py:208} INFO - Processing /home/airflow/.local/lib/python3.12/site-packages/airflow/example_dags/example_python_decorator.py took 0.493 seconds
[2024-09-27T09:31:19.502+0000] {processor.py:186} INFO - Started process (PID=189) to work on /home/airflow/.local/lib/python3.12/site-packages/airflow/example_dags/example_python_decorator.py
[2024-09-27T09:31:19.506+0000] {processor.py:914} INFO - Processing file /home/airflow/.local/lib/python3.12/site-packages/airflow/example_dags/example_python_decorator.py for tasks to queue
[2024-09-27T09:31:19.511+0000] {logging_mixin.py:190} INFO - [2024-09-27T09:31:19.510+0000] {dagbag.py:587} INFO - Filling up the DagBag from /home/airflow/.local/lib/python3.12/site-packages/airflow/example_dags/example_python_decorator.py
[2024-09-27T09:31:19.544+0000] {processor.py:925} INFO - DAG(s) 'example_python_decorator' retrieved from /home/airflow/.local/lib/python3.12/site-packages/airflow/example_dags/example_python_decorator.py
[2024-09-27T09:31:19.611+0000] {logging_mixin.py:190} INFO - [2024-09-27T09:31:19.610+0000] {dag.py:3229} INFO - Sync 1 DAGs
[2024-09-27T09:31:19.660+0000] {logging_mixin.py:190} INFO - [2024-09-27T09:31:19.659+0000] {dag.py:4156} INFO - Setting next_dagrun for example_python_decorator to None, run_after=None
[2024-09-27T09:31:19.715+0000] {processor.py:208} INFO - Processing /home/airflow/.local/lib/python3.12/site-packages/airflow/example_dags/example_python_decorator.py took 0.226 seconds
[2024-09-27T09:31:49.936+0000] {processor.py:186} INFO - Started process (PID=254) to work on /home/airflow/.local/lib/python3.12/site-packages/airflow/example_dags/example_python_decorator.py
[2024-09-27T09:31:49.937+0000] {processor.py:914} INFO - Processing file /home/airflow/.local/lib/python3.12/site-packages/airflow/example_dags/example_python_decorator.py for tasks to queue
[2024-09-27T09:31:49.941+0000] {logging_mixin.py:190} INFO - [2024-09-27T09:31:49.941+0000] {dagbag.py:587} INFO - Filling up the DagBag from /home/airflow/.local/lib/python3.12/site-packages/airflow/example_dags/example_python_decorator.py
[2024-09-27T09:31:49.966+0000] {processor.py:925} INFO - DAG(s) 'example_python_decorator' retrieved from /home/airflow/.local/lib/python3.12/site-packages/airflow/example_dags/example_python_decorator.py
[2024-09-27T09:31:50.001+0000] {logging_mixin.py:190} INFO - [2024-09-27T09:31:50.000+0000] {dag.py:3229} INFO - Sync 1 DAGs
[2024-09-27T09:31:50.023+0000] {logging_mixin.py:190} INFO - [2024-09-27T09:31:50.023+0000] {dag.py:4156} INFO - Setting next_dagrun for example_python_decorator to None, run_after=None
[2024-09-27T09:31:50.063+0000] {processor.py:208} INFO - Processing /home/airflow/.local/lib/python3.12/site-packages/airflow/example_dags/example_python_decorator.py took 0.136 seconds
[2024-09-27T09:32:21.130+0000] {processor.py:186} INFO - Started process (PID=319) to work on /home/airflow/.local/lib/python3.12/site-packages/airflow/example_dags/example_python_decorator.py
[2024-09-27T09:32:21.133+0000] {processor.py:914} INFO - Processing file /home/airflow/.local/lib/python3.12/site-packages/airflow/example_dags/example_python_decorator.py for tasks to queue
[2024-09-27T09:32:21.142+0000] {logging_mixin.py:190} INFO - [2024-09-27T09:32:21.141+0000] {dagbag.py:587} INFO - Filling up the DagBag from /home/airflow/.local/lib/python3.12/site-packages/airflow/example_dags/example_python_decorator.py
[2024-09-27T09:32:21.172+0000] {processor.py:925} INFO - DAG(s) 'example_python_decorator' retrieved from /home/airflow/.local/lib/python3.12/site-packages/airflow/example_dags/example_python_decorator.py
[2024-09-27T09:32:21.211+0000] {logging_mixin.py:190} INFO - [2024-09-27T09:32:21.210+0000] {dag.py:3229} INFO - Sync 1 DAGs
[2024-09-27T09:32:21.236+0000] {logging_mixin.py:190} INFO - [2024-09-27T09:32:21.235+0000] {dag.py:4156} INFO - Setting next_dagrun for example_python_decorator to None, run_after=None
[2024-09-27T09:32:21.271+0000] {processor.py:208} INFO - Processing /home/airflow/.local/lib/python3.12/site-packages/airflow/example_dags/example_python_decorator.py took 0.167 seconds
