[2024-09-27T09:30:49.048+0000] {processor.py:186} INFO - Started process (PID=125) to work on /home/airflow/.local/lib/python3.12/site-packages/airflow/example_dags/example_sensors.py
[2024-09-27T09:30:49.051+0000] {processor.py:914} INFO - Processing file /home/airflow/.local/lib/python3.12/site-packages/airflow/example_dags/example_sensors.py for tasks to queue
[2024-09-27T09:30:49.074+0000] {logging_mixin.py:190} INFO - [2024-09-27T09:30:49.055+0000] {dagbag.py:587} INFO - Filling up the DagBag from /home/airflow/.local/lib/python3.12/site-packages/airflow/example_dags/example_sensors.py
[2024-09-27T09:30:49.106+0000] {processor.py:925} INFO - DAG(s) 'example_sensors' retrieved from /home/airflow/.local/lib/python3.12/site-packages/airflow/example_dags/example_sensors.py
[2024-09-27T09:30:49.226+0000] {logging_mixin.py:190} INFO - [2024-09-27T09:30:49.226+0000] {dag.py:3229} INFO - Sync 1 DAGs
[2024-09-27T09:30:49.289+0000] {logging_mixin.py:190} INFO - [2024-09-27T09:30:49.289+0000] {dag.py:4156} INFO - Setting next_dagrun for example_sensors to None, run_after=None
[2024-09-27T09:30:49.397+0000] {processor.py:208} INFO - Processing /home/airflow/.local/lib/python3.12/site-packages/airflow/example_dags/example_sensors.py took 0.359 seconds
[2024-09-27T09:31:19.847+0000] {processor.py:186} INFO - Started process (PID=190) to work on /home/airflow/.local/lib/python3.12/site-packages/airflow/example_dags/example_sensors.py
[2024-09-27T09:31:19.851+0000] {processor.py:914} INFO - Processing file /home/airflow/.local/lib/python3.12/site-packages/airflow/example_dags/example_sensors.py for tasks to queue
[2024-09-27T09:31:19.857+0000] {logging_mixin.py:190} INFO - [2024-09-27T09:31:19.856+0000] {dagbag.py:587} INFO - Filling up the DagBag from /home/airflow/.local/lib/python3.12/site-packages/airflow/example_dags/example_sensors.py
[2024-09-27T09:31:19.913+0000] {processor.py:925} INFO - DAG(s) 'example_sensors' retrieved from /home/airflow/.local/lib/python3.12/site-packages/airflow/example_dags/example_sensors.py
[2024-09-27T09:31:19.967+0000] {logging_mixin.py:190} INFO - [2024-09-27T09:31:19.967+0000] {dag.py:3229} INFO - Sync 1 DAGs
[2024-09-27T09:31:19.994+0000] {logging_mixin.py:190} INFO - [2024-09-27T09:31:19.993+0000] {dag.py:4156} INFO - Setting next_dagrun for example_sensors to None, run_after=None
[2024-09-27T09:31:20.035+0000] {processor.py:208} INFO - Processing /home/airflow/.local/lib/python3.12/site-packages/airflow/example_dags/example_sensors.py took 0.203 seconds
[2024-09-27T09:31:50.104+0000] {processor.py:186} INFO - Started process (PID=255) to work on /home/airflow/.local/lib/python3.12/site-packages/airflow/example_dags/example_sensors.py
[2024-09-27T09:31:50.106+0000] {processor.py:914} INFO - Processing file /home/airflow/.local/lib/python3.12/site-packages/airflow/example_dags/example_sensors.py for tasks to queue
[2024-09-27T09:31:50.110+0000] {logging_mixin.py:190} INFO - [2024-09-27T09:31:50.110+0000] {dagbag.py:587} INFO - Filling up the DagBag from /home/airflow/.local/lib/python3.12/site-packages/airflow/example_dags/example_sensors.py
[2024-09-27T09:31:50.126+0000] {processor.py:925} INFO - DAG(s) 'example_sensors' retrieved from /home/airflow/.local/lib/python3.12/site-packages/airflow/example_dags/example_sensors.py
[2024-09-27T09:31:50.169+0000] {logging_mixin.py:190} INFO - [2024-09-27T09:31:50.169+0000] {dag.py:3229} INFO - Sync 1 DAGs
[2024-09-27T09:31:50.199+0000] {logging_mixin.py:190} INFO - [2024-09-27T09:31:50.198+0000] {dag.py:4156} INFO - Setting next_dagrun for example_sensors to None, run_after=None
[2024-09-27T09:31:50.244+0000] {processor.py:208} INFO - Processing /home/airflow/.local/lib/python3.12/site-packages/airflow/example_dags/example_sensors.py took 0.148 seconds
[2024-09-27T09:32:21.354+0000] {processor.py:186} INFO - Started process (PID=320) to work on /home/airflow/.local/lib/python3.12/site-packages/airflow/example_dags/example_sensors.py
[2024-09-27T09:32:21.359+0000] {processor.py:914} INFO - Processing file /home/airflow/.local/lib/python3.12/site-packages/airflow/example_dags/example_sensors.py for tasks to queue
[2024-09-27T09:32:21.365+0000] {logging_mixin.py:190} INFO - [2024-09-27T09:32:21.364+0000] {dagbag.py:587} INFO - Filling up the DagBag from /home/airflow/.local/lib/python3.12/site-packages/airflow/example_dags/example_sensors.py
[2024-09-27T09:32:21.384+0000] {processor.py:925} INFO - DAG(s) 'example_sensors' retrieved from /home/airflow/.local/lib/python3.12/site-packages/airflow/example_dags/example_sensors.py
[2024-09-27T09:32:21.429+0000] {logging_mixin.py:190} INFO - [2024-09-27T09:32:21.428+0000] {dag.py:3229} INFO - Sync 1 DAGs
[2024-09-27T09:32:21.454+0000] {logging_mixin.py:190} INFO - [2024-09-27T09:32:21.454+0000] {dag.py:4156} INFO - Setting next_dagrun for example_sensors to None, run_after=None
[2024-09-27T09:32:21.487+0000] {processor.py:208} INFO - Processing /home/airflow/.local/lib/python3.12/site-packages/airflow/example_dags/example_sensors.py took 0.141 seconds
