[2024-09-27T09:30:37.660+0000] {processor.py:186} INFO - Started process (PID=97) to work on /home/airflow/.local/lib/python3.12/site-packages/airflow/example_dags/example_latest_only_with_trigger.py
[2024-09-27T09:30:37.662+0000] {processor.py:914} INFO - Processing file /home/airflow/.local/lib/python3.12/site-packages/airflow/example_dags/example_latest_only_with_trigger.py for tasks to queue
[2024-09-27T09:30:37.666+0000] {logging_mixin.py:190} INFO - [2024-09-27T09:30:37.665+0000] {dagbag.py:587} INFO - Filling up the DagBag from /home/airflow/.local/lib/python3.12/site-packages/airflow/example_dags/example_latest_only_with_trigger.py
[2024-09-27T09:30:37.680+0000] {processor.py:925} INFO - DAG(s) 'latest_only_with_trigger' retrieved from /home/airflow/.local/lib/python3.12/site-packages/airflow/example_dags/example_latest_only_with_trigger.py
[2024-09-27T09:30:37.719+0000] {logging_mixin.py:190} INFO - [2024-09-27T09:30:37.719+0000] {dag.py:3229} INFO - Sync 1 DAGs
[2024-09-27T09:30:37.765+0000] {logging_mixin.py:190} INFO - [2024-09-27T09:30:37.764+0000] {dag.py:4156} INFO - Setting next_dagrun for latest_only_with_trigger to 2024-09-27 04:00:00+00:00, run_after=2024-09-27 08:00:00+00:00
[2024-09-27T09:30:37.814+0000] {processor.py:208} INFO - Processing /home/airflow/.local/lib/python3.12/site-packages/airflow/example_dags/example_latest_only_with_trigger.py took 0.163 seconds
[2024-09-27T09:31:08.149+0000] {processor.py:186} INFO - Started process (PID=162) to work on /home/airflow/.local/lib/python3.12/site-packages/airflow/example_dags/example_latest_only_with_trigger.py
[2024-09-27T09:31:08.152+0000] {processor.py:914} INFO - Processing file /home/airflow/.local/lib/python3.12/site-packages/airflow/example_dags/example_latest_only_with_trigger.py for tasks to queue
[2024-09-27T09:31:08.158+0000] {logging_mixin.py:190} INFO - [2024-09-27T09:31:08.157+0000] {dagbag.py:587} INFO - Filling up the DagBag from /home/airflow/.local/lib/python3.12/site-packages/airflow/example_dags/example_latest_only_with_trigger.py
[2024-09-27T09:31:08.177+0000] {processor.py:925} INFO - DAG(s) 'latest_only_with_trigger' retrieved from /home/airflow/.local/lib/python3.12/site-packages/airflow/example_dags/example_latest_only_with_trigger.py
[2024-09-27T09:31:08.232+0000] {logging_mixin.py:190} INFO - [2024-09-27T09:31:08.232+0000] {dag.py:3229} INFO - Sync 1 DAGs
[2024-09-27T09:31:08.291+0000] {logging_mixin.py:190} INFO - [2024-09-27T09:31:08.291+0000] {dag.py:4156} INFO - Setting next_dagrun for latest_only_with_trigger to 2024-09-27 04:00:00+00:00, run_after=2024-09-27 08:00:00+00:00
[2024-09-27T09:31:08.358+0000] {processor.py:208} INFO - Processing /home/airflow/.local/lib/python3.12/site-packages/airflow/example_dags/example_latest_only_with_trigger.py took 0.223 seconds
[2024-09-27T09:31:38.581+0000] {processor.py:186} INFO - Started process (PID=227) to work on /home/airflow/.local/lib/python3.12/site-packages/airflow/example_dags/example_latest_only_with_trigger.py
[2024-09-27T09:31:38.584+0000] {processor.py:914} INFO - Processing file /home/airflow/.local/lib/python3.12/site-packages/airflow/example_dags/example_latest_only_with_trigger.py for tasks to queue
[2024-09-27T09:31:38.590+0000] {logging_mixin.py:190} INFO - [2024-09-27T09:31:38.589+0000] {dagbag.py:587} INFO - Filling up the DagBag from /home/airflow/.local/lib/python3.12/site-packages/airflow/example_dags/example_latest_only_with_trigger.py
[2024-09-27T09:31:38.609+0000] {processor.py:925} INFO - DAG(s) 'latest_only_with_trigger' retrieved from /home/airflow/.local/lib/python3.12/site-packages/airflow/example_dags/example_latest_only_with_trigger.py
[2024-09-27T09:31:38.667+0000] {logging_mixin.py:190} INFO - [2024-09-27T09:31:38.665+0000] {dag.py:3229} INFO - Sync 1 DAGs
[2024-09-27T09:31:38.714+0000] {logging_mixin.py:190} INFO - [2024-09-27T09:31:38.713+0000] {dag.py:4156} INFO - Setting next_dagrun for latest_only_with_trigger to 2024-09-27 04:00:00+00:00, run_after=2024-09-27 08:00:00+00:00
[2024-09-27T09:31:38.751+0000] {processor.py:208} INFO - Processing /home/airflow/.local/lib/python3.12/site-packages/airflow/example_dags/example_latest_only_with_trigger.py took 0.181 seconds
[2024-09-27T09:32:09.780+0000] {processor.py:186} INFO - Started process (PID=292) to work on /home/airflow/.local/lib/python3.12/site-packages/airflow/example_dags/example_latest_only_with_trigger.py
[2024-09-27T09:32:09.782+0000] {processor.py:914} INFO - Processing file /home/airflow/.local/lib/python3.12/site-packages/airflow/example_dags/example_latest_only_with_trigger.py for tasks to queue
[2024-09-27T09:32:09.786+0000] {logging_mixin.py:190} INFO - [2024-09-27T09:32:09.786+0000] {dagbag.py:587} INFO - Filling up the DagBag from /home/airflow/.local/lib/python3.12/site-packages/airflow/example_dags/example_latest_only_with_trigger.py
[2024-09-27T09:32:09.800+0000] {processor.py:925} INFO - DAG(s) 'latest_only_with_trigger' retrieved from /home/airflow/.local/lib/python3.12/site-packages/airflow/example_dags/example_latest_only_with_trigger.py
[2024-09-27T09:32:09.845+0000] {logging_mixin.py:190} INFO - [2024-09-27T09:32:09.845+0000] {dag.py:3229} INFO - Sync 1 DAGs
[2024-09-27T09:32:09.899+0000] {logging_mixin.py:190} INFO - [2024-09-27T09:32:09.899+0000] {dag.py:4156} INFO - Setting next_dagrun for latest_only_with_trigger to 2024-09-27 04:00:00+00:00, run_after=2024-09-27 08:00:00+00:00
[2024-09-27T09:32:09.949+0000] {processor.py:208} INFO - Processing /home/airflow/.local/lib/python3.12/site-packages/airflow/example_dags/example_latest_only_with_trigger.py took 0.179 seconds
