[2024-10-08T04:40:49.228+0000] {local_task_job_runner.py:123} INFO - ::group::Pre task execution logs
[2024-10-08T04:40:49.272+0000] {taskinstance.py:2612} INFO - Dependencies all met for dep_context=non-requeueable deps ti=<TaskInstance: PIPELINE.EXTRACT manual__2024-10-08T04:40:22.472082+00:00 [queued]>
[2024-10-08T04:40:49.290+0000] {taskinstance.py:2612} INFO - Dependencies all met for dep_context=requeueable deps ti=<TaskInstance: PIPELINE.EXTRACT manual__2024-10-08T04:40:22.472082+00:00 [queued]>
[2024-10-08T04:40:49.291+0000] {taskinstance.py:2865} INFO - Starting attempt 1 of 2
[2024-10-08T04:40:49.323+0000] {taskinstance.py:2888} INFO - Executing <Task(PythonOperator): EXTRACT> on 2024-10-08 04:40:22.472082+00:00
[2024-10-08T04:40:49.682+0000] {warnings.py:112} WARNING - /home/***/.local/lib/python3.12/site-packages/***/task/task_runner/standard_task_runner.py:70: DeprecationWarning: This process (pid=227) is multi-threaded, use of fork() may lead to deadlocks in the child.
  pid = os.fork()

[2024-10-08T04:40:49.686+0000] {standard_task_runner.py:104} INFO - Running: ['***', 'tasks', 'run', 'PIPELINE', 'EXTRACT', 'manual__2024-10-08T04:40:22.472082+00:00', '--job-id', '8', '--raw', '--subdir', 'DAGS_FOLDER/pipeline_dag.py', '--cfg-path', '/tmp/tmp8jfu6rv6']
[2024-10-08T04:40:49.693+0000] {standard_task_runner.py:72} INFO - Started process 235 to run task
[2024-10-08T04:40:49.695+0000] {standard_task_runner.py:105} INFO - Job 8: Subtask EXTRACT
[2024-10-08T04:40:49.893+0000] {task_command.py:467} INFO - Running <TaskInstance: PIPELINE.EXTRACT manual__2024-10-08T04:40:22.472082+00:00 [running]> on host 379c76380f61
[2024-10-08T04:40:50.189+0000] {taskinstance.py:3131} INFO - Exporting env vars: AIRFLOW_CTX_DAG_OWNER='***' AIRFLOW_CTX_DAG_ID='PIPELINE' AIRFLOW_CTX_TASK_ID='EXTRACT' AIRFLOW_CTX_EXECUTION_DATE='2024-10-08T04:40:22.472082+00:00' AIRFLOW_CTX_TRY_NUMBER='1' AIRFLOW_CTX_DAG_RUN_ID='manual__2024-10-08T04:40:22.472082+00:00'
[2024-10-08T04:40:50.201+0000] {logging_mixin.py:190} INFO - Task instance is in running state
[2024-10-08T04:40:50.202+0000] {logging_mixin.py:190} INFO -  Previous state of the Task instance: queued
[2024-10-08T04:40:50.203+0000] {logging_mixin.py:190} INFO - Current task name:EXTRACT state:running start_date:2024-10-08 04:40:49.273186+00:00
[2024-10-08T04:40:50.204+0000] {logging_mixin.py:190} INFO - Dag name:PIPELINE and current dag run status:running
[2024-10-08T04:40:50.206+0000] {taskinstance.py:731} INFO - ::endgroup::
[2024-10-08T04:40:50.213+0000] {logging_mixin.py:190} INFO - co2_emi_api
[2024-10-08T04:40:57.484+0000] {logging_mixin.py:190} INFO - Data loaded successfully for co2_emi_api with offset 5000:
[2024-10-08T04:41:01.203+0000] {logging_mixin.py:190} INFO - Data loaded successfully for co2_emi_api with offset 10000:
[2024-10-08T04:41:06.027+0000] {logging_mixin.py:190} INFO - Data loaded successfully for co2_emi_api with offset 15000:
[2024-10-08T04:41:09.304+0000] {logging_mixin.py:190} INFO - Data loaded successfully for co2_emi_api with offset 20000:
[2024-10-08T04:41:12.918+0000] {logging_mixin.py:190} INFO - Data loaded successfully for co2_emi_api with offset 25000:
[2024-10-08T04:41:12.954+0000] {logging_mixin.py:190} INFO - eng_gen_api
[2024-10-08T04:41:39.432+0000] {logging_mixin.py:190} INFO - Data loaded successfully for eng_gen_api with offset 5000:
[2024-10-08T04:41:42.237+0000] {logging_mixin.py:190} INFO - Data loaded successfully for eng_gen_api with offset 10000:
[2024-10-08T04:41:44.332+0000] {logging_mixin.py:190} INFO - Data loaded successfully for eng_gen_api with offset 15000:
[2024-10-08T04:41:46.662+0000] {logging_mixin.py:190} INFO - Data loaded successfully for eng_gen_api with offset 20000:
[2024-10-08T04:41:50.032+0000] {logging_mixin.py:190} INFO - Data loaded successfully for eng_gen_api with offset 25000:
[2024-10-08T04:41:50.044+0000] {logging_mixin.py:190} INFO - Ren_cap_api
[2024-10-08T04:41:54.121+0000] {logging_mixin.py:190} INFO - Data loaded successfully for Ren_cap_api with offset 5000:
[2024-10-08T04:41:54.125+0000] {python.py:240} INFO - Done. Returned value was: None
[2024-10-08T04:41:54.171+0000] {taskinstance.py:340} INFO - ::group::Post task execution logs
[2024-10-08T04:41:54.173+0000] {taskinstance.py:352} INFO - Marking task as SUCCESS. dag_id=PIPELINE, task_id=EXTRACT, run_id=manual__2024-10-08T04:40:22.472082+00:00, execution_date=20241008T044022, start_date=20241008T044049, end_date=20241008T044154
[2024-10-08T04:41:54.223+0000] {logging_mixin.py:190} INFO - Task instance in success state
[2024-10-08T04:41:54.225+0000] {logging_mixin.py:190} INFO -  Previous state of the Task instance: running
[2024-10-08T04:41:54.227+0000] {logging_mixin.py:190} INFO - Dag name:PIPELINE queued_at:2024-10-08 04:40:23.195528+00:00
[2024-10-08T04:41:54.229+0000] {logging_mixin.py:190} INFO - Task hostname:379c76380f61 operator:PythonOperator
[2024-10-08T04:41:54.498+0000] {local_task_job_runner.py:266} INFO - Task exited with return code 0
[2024-10-08T04:41:54.985+0000] {taskinstance.py:3900} INFO - 1 downstream tasks scheduled from follow-on schedule check
[2024-10-08T04:41:54.994+0000] {local_task_job_runner.py:245} INFO - ::endgroup::
[2024-10-08T04:41:55.033+0000] {standard_task_runner.py:217} INFO - Process not found (most likely exited), stop collecting metrics
