[2024-10-07T11:09:56.790+0000] {local_task_job_runner.py:123} INFO - ::group::Pre task execution logs
[2024-10-07T11:09:56.812+0000] {taskinstance.py:2612} INFO - Dependencies all met for dep_context=non-requeueable deps ti=<TaskInstance: TRANSFORM_DATA.TRANSFORM manual__2024-10-07T11:09:43.983324+00:00 [queued]>
[2024-10-07T11:09:56.823+0000] {taskinstance.py:2612} INFO - Dependencies all met for dep_context=requeueable deps ti=<TaskInstance: TRANSFORM_DATA.TRANSFORM manual__2024-10-07T11:09:43.983324+00:00 [queued]>
[2024-10-07T11:09:56.824+0000] {taskinstance.py:2865} INFO - Starting attempt 1 of 2
[2024-10-07T11:09:56.845+0000] {taskinstance.py:2888} INFO - Executing <Task(PythonOperator): TRANSFORM> on 2024-10-07 11:09:43.983324+00:00
[2024-10-07T11:09:56.870+0000] {standard_task_runner.py:104} INFO - Running: ['***', 'tasks', 'run', 'TRANSFORM_DATA', 'TRANSFORM', 'manual__2024-10-07T11:09:43.983324+00:00', '--job-id', '8', '--raw', '--subdir', 'DAGS_FOLDER/trnaform_dag.py', '--cfg-path', '/tmp/tmp5vbnngea']
[2024-10-07T11:09:56.868+0000] {warnings.py:112} WARNING - /home/***/.local/lib/python3.12/site-packages/***/task/task_runner/standard_task_runner.py:70: DeprecationWarning: This process (pid=1176) is multi-threaded, use of fork() may lead to deadlocks in the child.
  pid = os.fork()

[2024-10-07T11:09:56.874+0000] {standard_task_runner.py:105} INFO - Job 8: Subtask TRANSFORM
[2024-10-07T11:09:56.874+0000] {standard_task_runner.py:72} INFO - Started process 1178 to run task
[2024-10-07T11:09:56.962+0000] {task_command.py:467} INFO - Running <TaskInstance: TRANSFORM_DATA.TRANSFORM manual__2024-10-07T11:09:43.983324+00:00 [running]> on host 0d429fbd9f19
[2024-10-07T11:09:57.084+0000] {taskinstance.py:3131} INFO - Exporting env vars: AIRFLOW_CTX_DAG_OWNER='***' AIRFLOW_CTX_DAG_ID='TRANSFORM_DATA' AIRFLOW_CTX_TASK_ID='TRANSFORM' AIRFLOW_CTX_EXECUTION_DATE='2024-10-07T11:09:43.983324+00:00' AIRFLOW_CTX_TRY_NUMBER='1' AIRFLOW_CTX_DAG_RUN_ID='manual__2024-10-07T11:09:43.983324+00:00'
[2024-10-07T11:09:57.088+0000] {logging_mixin.py:190} INFO - Task instance is in running state
[2024-10-07T11:09:57.088+0000] {logging_mixin.py:190} INFO -  Previous state of the Task instance: queued
[2024-10-07T11:09:57.089+0000] {logging_mixin.py:190} INFO - Current task name:TRANSFORM state:running start_date:2024-10-07 11:09:56.813986+00:00
[2024-10-07T11:09:57.090+0000] {logging_mixin.py:190} INFO - Dag name:TRANSFORM_DATA and current dag run status:running
[2024-10-07T11:09:57.090+0000] {taskinstance.py:731} INFO - ::endgroup::
[2024-10-07T11:10:05.053+0000] {python.py:240} INFO - Done. Returned value was: None
[2024-10-07T11:10:05.079+0000] {taskinstance.py:340} INFO - ::group::Post task execution logs
[2024-10-07T11:10:05.081+0000] {taskinstance.py:352} INFO - Marking task as SUCCESS. dag_id=TRANSFORM_DATA, task_id=TRANSFORM, run_id=manual__2024-10-07T11:09:43.983324+00:00, execution_date=20241007T110943, start_date=20241007T110956, end_date=20241007T111005
[2024-10-07T11:10:05.113+0000] {logging_mixin.py:190} INFO - Task instance in success state
[2024-10-07T11:10:05.115+0000] {logging_mixin.py:190} INFO -  Previous state of the Task instance: running
[2024-10-07T11:10:05.117+0000] {logging_mixin.py:190} INFO - Dag name:TRANSFORM_DATA queued_at:2024-10-07 11:09:44.295851+00:00
[2024-10-07T11:10:05.118+0000] {logging_mixin.py:190} INFO - Task hostname:0d429fbd9f19 operator:PythonOperator
[2024-10-07T11:10:05.185+0000] {local_task_job_runner.py:266} INFO - Task exited with return code 0
[2024-10-07T11:10:05.202+0000] {local_task_job_runner.py:245} INFO - ::endgroup::
