[2024-09-24T05:54:52.200+0000] {local_task_job_runner.py:123} INFO - ::group::Pre task execution logs
[2024-09-24T05:54:52.252+0000] {taskinstance.py:2612} INFO - Dependencies all met for dep_context=non-requeueable deps ti=<TaskInstance: hello_world_dag.print_hello_world scheduled__2024-09-23T00:00:00+00:00 [queued]>
[2024-09-24T05:54:52.276+0000] {taskinstance.py:2612} INFO - Dependencies all met for dep_context=requeueable deps ti=<TaskInstance: hello_world_dag.print_hello_world scheduled__2024-09-23T00:00:00+00:00 [queued]>
[2024-09-24T05:54:52.283+0000] {taskinstance.py:2865} INFO - Starting attempt 1 of 2
[2024-09-24T05:54:52.328+0000] {taskinstance.py:2888} INFO - Executing <Task(PythonOperator): print_hello_world> on 2024-09-23 00:00:00+00:00
[2024-09-24T05:54:52.351+0000] {warnings.py:112} WARNING - /home/***/.local/lib/python3.12/site-packages/***/task/task_runner/standard_task_runner.py:70: DeprecationWarning: This process (pid=74) is multi-threaded, use of fork() may lead to deadlocks in the child.
  pid = os.fork()

[2024-09-24T05:54:52.363+0000] {standard_task_runner.py:104} INFO - Running: ['***', 'tasks', 'run', 'hello_world_dag', 'print_hello_world', 'scheduled__2024-09-23T00:00:00+00:00', '--job-id', '11', '--raw', '--subdir', 'DAGS_FOLDER/sample-test.py', '--cfg-path', '/tmp/tmpoiogbk5a']
[2024-09-24T05:54:52.368+0000] {standard_task_runner.py:72} INFO - Started process 77 to run task
[2024-09-24T05:54:52.369+0000] {standard_task_runner.py:105} INFO - Job 11: Subtask print_hello_world
[2024-09-24T05:54:52.575+0000] {task_command.py:467} INFO - Running <TaskInstance: hello_world_dag.print_hello_world scheduled__2024-09-23T00:00:00+00:00 [running]> on host a3cfeaba825d
[2024-09-24T05:54:52.803+0000] {taskinstance.py:3131} INFO - Exporting env vars: AIRFLOW_CTX_DAG_OWNER='***' AIRFLOW_CTX_DAG_ID='hello_world_dag' AIRFLOW_CTX_TASK_ID='print_hello_world' AIRFLOW_CTX_EXECUTION_DATE='2024-09-23T00:00:00+00:00' AIRFLOW_CTX_TRY_NUMBER='1' AIRFLOW_CTX_DAG_RUN_ID='scheduled__2024-09-23T00:00:00+00:00'
[2024-09-24T05:54:52.806+0000] {logging_mixin.py:190} INFO - Task instance is in running state
[2024-09-24T05:54:52.807+0000] {logging_mixin.py:190} INFO -  Previous state of the Task instance: queued
[2024-09-24T05:54:52.809+0000] {logging_mixin.py:190} INFO - Current task name:print_hello_world state:running start_date:2024-09-24 05:54:52.255265+00:00
[2024-09-24T05:54:52.810+0000] {logging_mixin.py:190} INFO - Dag name:hello_world_dag and current dag run status:running
[2024-09-24T05:54:52.812+0000] {taskinstance.py:731} INFO - ::endgroup::
[2024-09-24T05:54:52.814+0000] {logging_mixin.py:190} INFO - Hello, World!
[2024-09-24T05:54:52.815+0000] {python.py:240} INFO - Done. Returned value was: None
[2024-09-24T05:54:52.842+0000] {taskinstance.py:340} INFO - ::group::Post task execution logs
[2024-09-24T05:54:52.843+0000] {taskinstance.py:352} INFO - Marking task as SUCCESS. dag_id=hello_world_dag, task_id=print_hello_world, run_id=scheduled__2024-09-23T00:00:00+00:00, execution_date=20240923T000000, start_date=20240924T055452, end_date=20240924T055452
[2024-09-24T05:54:52.869+0000] {logging_mixin.py:190} INFO - Task instance in success state
[2024-09-24T05:54:52.870+0000] {logging_mixin.py:190} INFO -  Previous state of the Task instance: running
[2024-09-24T05:54:52.872+0000] {logging_mixin.py:190} INFO - Dag name:hello_world_dag queued_at:2024-09-24 05:54:23.368980+00:00
[2024-09-24T05:54:52.873+0000] {logging_mixin.py:190} INFO - Task hostname:a3cfeaba825d operator:PythonOperator
[2024-09-24T05:54:52.916+0000] {local_task_job_runner.py:266} INFO - Task exited with return code 0
[2024-09-24T05:54:52.952+0000] {taskinstance.py:3900} INFO - 0 downstream tasks scheduled from follow-on schedule check
[2024-09-24T05:54:52.958+0000] {local_task_job_runner.py:245} INFO - ::endgroup::
