[2024-10-08T04:33:50.193+0000] {local_task_job_runner.py:123} INFO - ::group::Pre task execution logs
[2024-10-08T04:33:50.247+0000] {taskinstance.py:2612} INFO - Dependencies all met for dep_context=non-requeueable deps ti=<TaskInstance: PIPELINE.TRANSFORM manual__2024-10-08T04:32:02.973843+00:00 [queued]>
[2024-10-08T04:33:50.327+0000] {taskinstance.py:2612} INFO - Dependencies all met for dep_context=requeueable deps ti=<TaskInstance: PIPELINE.TRANSFORM manual__2024-10-08T04:32:02.973843+00:00 [queued]>
[2024-10-08T04:33:50.337+0000] {taskinstance.py:2865} INFO - Starting attempt 1 of 2
[2024-10-08T04:33:50.419+0000] {taskinstance.py:2888} INFO - Executing <Task(PythonOperator): TRANSFORM> on 2024-10-08 04:32:02.973843+00:00
[2024-10-08T04:33:50.437+0000] {standard_task_runner.py:104} INFO - Running: ['***', 'tasks', 'run', 'PIPELINE', 'TRANSFORM', 'manual__2024-10-08T04:32:02.973843+00:00', '--job-id', '5', '--raw', '--subdir', 'DAGS_FOLDER/pipeline_dag.py', '--cfg-path', '/tmp/tmpabxjpllw']
[2024-10-08T04:33:50.453+0000] {standard_task_runner.py:105} INFO - Job 5: Subtask TRANSFORM
[2024-10-08T04:33:50.509+0000] {warnings.py:112} WARNING - /home/***/.local/lib/python3.12/site-packages/***/task/task_runner/standard_task_runner.py:70: DeprecationWarning: This process (pid=137) is multi-threaded, use of fork() may lead to deadlocks in the child.
  pid = os.fork()

[2024-10-08T04:33:50.511+0000] {standard_task_runner.py:72} INFO - Started process 139 to run task
[2024-10-08T04:33:50.716+0000] {task_command.py:467} INFO - Running <TaskInstance: PIPELINE.TRANSFORM manual__2024-10-08T04:32:02.973843+00:00 [running]> on host 379c76380f61
[2024-10-08T04:33:50.851+0000] {taskinstance.py:3131} INFO - Exporting env vars: AIRFLOW_CTX_DAG_OWNER='***' AIRFLOW_CTX_DAG_ID='PIPELINE' AIRFLOW_CTX_TASK_ID='TRANSFORM' AIRFLOW_CTX_EXECUTION_DATE='2024-10-08T04:32:02.973843+00:00' AIRFLOW_CTX_TRY_NUMBER='1' AIRFLOW_CTX_DAG_RUN_ID='manual__2024-10-08T04:32:02.973843+00:00'
[2024-10-08T04:33:50.854+0000] {logging_mixin.py:190} INFO - Task instance is in running state
[2024-10-08T04:33:50.857+0000] {logging_mixin.py:190} INFO -  Previous state of the Task instance: queued
[2024-10-08T04:33:50.858+0000] {logging_mixin.py:190} INFO - Current task name:TRANSFORM state:running start_date:2024-10-08 04:33:50.248065+00:00
[2024-10-08T04:33:50.859+0000] {logging_mixin.py:190} INFO - Dag name:PIPELINE and current dag run status:running
[2024-10-08T04:33:50.860+0000] {taskinstance.py:731} INFO - ::endgroup::
[2024-10-08T04:33:56.312+0000] {python.py:240} INFO - Done. Returned value was: None
[2024-10-08T04:33:56.328+0000] {taskinstance.py:340} INFO - ::group::Post task execution logs
[2024-10-08T04:33:56.329+0000] {taskinstance.py:352} INFO - Marking task as SUCCESS. dag_id=PIPELINE, task_id=TRANSFORM, run_id=manual__2024-10-08T04:32:02.973843+00:00, execution_date=20241008T043202, start_date=20241008T043350, end_date=20241008T043356
[2024-10-08T04:33:56.351+0000] {logging_mixin.py:190} INFO - Task instance in success state
[2024-10-08T04:33:56.352+0000] {logging_mixin.py:190} INFO -  Previous state of the Task instance: running
[2024-10-08T04:33:56.353+0000] {logging_mixin.py:190} INFO - Dag name:PIPELINE queued_at:2024-10-08 04:32:03.179358+00:00
[2024-10-08T04:33:56.354+0000] {logging_mixin.py:190} INFO - Task hostname:379c76380f61 operator:PythonOperator
[2024-10-08T04:33:56.395+0000] {local_task_job_runner.py:266} INFO - Task exited with return code 0
[2024-10-08T04:33:56.423+0000] {taskinstance.py:3900} INFO - 0 downstream tasks scheduled from follow-on schedule check
[2024-10-08T04:33:56.430+0000] {local_task_job_runner.py:245} INFO - ::endgroup::
