[2024-10-07T13:30:10.150+0000] {local_task_job_runner.py:123} INFO - ::group::Pre task execution logs
[2024-10-07T13:30:10.175+0000] {taskinstance.py:2612} INFO - Dependencies all met for dep_context=non-requeueable deps ti=<TaskInstance: PIPELINE.EXTRACT manual__2024-10-07T13:29:55.596527+00:00 [queued]>
[2024-10-07T13:30:10.192+0000] {taskinstance.py:2612} INFO - Dependencies all met for dep_context=requeueable deps ti=<TaskInstance: PIPELINE.EXTRACT manual__2024-10-07T13:29:55.596527+00:00 [queued]>
[2024-10-07T13:30:10.193+0000] {taskinstance.py:2865} INFO - Starting attempt 1 of 2
[2024-10-07T13:30:10.212+0000] {taskinstance.py:2888} INFO - Executing <Task(PythonOperator): EXTRACT> on 2024-10-07 13:29:55.596527+00:00
[2024-10-07T13:30:10.246+0000] {warnings.py:112} WARNING - /home/***/.local/lib/python3.12/site-packages/***/task/task_runner/standard_task_runner.py:70: DeprecationWarning: This process (pid=2748) is multi-threaded, use of fork() may lead to deadlocks in the child.
  pid = os.fork()

[2024-10-07T13:30:10.249+0000] {standard_task_runner.py:72} INFO - Started process 2750 to run task
[2024-10-07T13:30:10.249+0000] {standard_task_runner.py:104} INFO - Running: ['***', 'tasks', 'run', 'PIPELINE', 'EXTRACT', 'manual__2024-10-07T13:29:55.596527+00:00', '--job-id', '14', '--raw', '--subdir', 'DAGS_FOLDER/pipeline_dag.py', '--cfg-path', '/tmp/tmp5azg5dv0']
[2024-10-07T13:30:10.251+0000] {standard_task_runner.py:105} INFO - Job 14: Subtask EXTRACT
[2024-10-07T13:30:10.314+0000] {task_command.py:467} INFO - Running <TaskInstance: PIPELINE.EXTRACT manual__2024-10-07T13:29:55.596527+00:00 [running]> on host 0d429fbd9f19
[2024-10-07T13:30:10.428+0000] {taskinstance.py:3131} INFO - Exporting env vars: AIRFLOW_CTX_DAG_OWNER='***' AIRFLOW_CTX_DAG_ID='PIPELINE' AIRFLOW_CTX_TASK_ID='EXTRACT' AIRFLOW_CTX_EXECUTION_DATE='2024-10-07T13:29:55.596527+00:00' AIRFLOW_CTX_TRY_NUMBER='1' AIRFLOW_CTX_DAG_RUN_ID='manual__2024-10-07T13:29:55.596527+00:00'
[2024-10-07T13:30:10.431+0000] {logging_mixin.py:190} INFO - Task instance is in running state
[2024-10-07T13:30:10.432+0000] {logging_mixin.py:190} INFO -  Previous state of the Task instance: queued
[2024-10-07T13:30:10.433+0000] {logging_mixin.py:190} INFO - Current task name:EXTRACT state:running start_date:2024-10-07 13:30:10.176008+00:00
[2024-10-07T13:30:10.434+0000] {logging_mixin.py:190} INFO - Dag name:PIPELINE and current dag run status:running
[2024-10-07T13:30:10.435+0000] {taskinstance.py:731} INFO - ::endgroup::
[2024-10-07T13:30:10.436+0000] {logging_mixin.py:190} INFO - co2_emi_api
[2024-10-07T13:30:15.903+0000] {logging_mixin.py:190} INFO - Data loaded successfully for co2_emi_api with offset 5000:
[2024-10-07T13:30:17.940+0000] {logging_mixin.py:190} INFO - Data loaded successfully for co2_emi_api with offset 10000:
[2024-10-07T13:30:20.000+0000] {logging_mixin.py:190} INFO - Data loaded successfully for co2_emi_api with offset 15000:
[2024-10-07T13:30:22.140+0000] {logging_mixin.py:190} INFO - Data loaded successfully for co2_emi_api with offset 20000:
[2024-10-07T13:30:24.342+0000] {logging_mixin.py:190} INFO - Data loaded successfully for co2_emi_api with offset 25000:
[2024-10-07T13:30:24.343+0000] {logging_mixin.py:190} INFO - eng_gen_api
[2024-10-07T13:30:29.623+0000] {logging_mixin.py:190} INFO - Data loaded successfully for eng_gen_api with offset 5000:
[2024-10-07T13:30:32.725+0000] {logging_mixin.py:190} INFO - Data loaded successfully for eng_gen_api with offset 10000:
[2024-10-07T13:30:35.876+0000] {logging_mixin.py:190} INFO - Data loaded successfully for eng_gen_api with offset 15000:
[2024-10-07T13:30:38.974+0000] {logging_mixin.py:190} INFO - Data loaded successfully for eng_gen_api with offset 20000:
[2024-10-07T13:30:42.432+0000] {logging_mixin.py:190} INFO - Data loaded successfully for eng_gen_api with offset 25000:
[2024-10-07T13:30:42.433+0000] {logging_mixin.py:190} INFO - Ren_cap_api
[2024-10-07T13:30:45.882+0000] {logging_mixin.py:190} INFO - Data loaded successfully for Ren_cap_api with offset 5000:
[2024-10-07T13:30:45.886+0000] {python.py:240} INFO - Done. Returned value was: None
[2024-10-07T13:30:45.944+0000] {taskinstance.py:340} INFO - ::group::Post task execution logs
[2024-10-07T13:30:45.947+0000] {taskinstance.py:352} INFO - Marking task as SUCCESS. dag_id=PIPELINE, task_id=EXTRACT, run_id=manual__2024-10-07T13:29:55.596527+00:00, execution_date=20241007T132955, start_date=20241007T133010, end_date=20241007T133045
[2024-10-07T13:30:45.993+0000] {logging_mixin.py:190} INFO - Task instance in success state
[2024-10-07T13:30:45.995+0000] {logging_mixin.py:190} INFO -  Previous state of the Task instance: running
[2024-10-07T13:30:45.996+0000] {logging_mixin.py:190} INFO - Dag name:PIPELINE queued_at:2024-10-07 13:29:55.939114+00:00
[2024-10-07T13:30:45.997+0000] {logging_mixin.py:190} INFO - Task hostname:0d429fbd9f19 operator:PythonOperator
[2024-10-07T13:30:46.055+0000] {local_task_job_runner.py:266} INFO - Task exited with return code 0
[2024-10-07T13:30:46.110+0000] {taskinstance.py:3900} INFO - 1 downstream tasks scheduled from follow-on schedule check
[2024-10-07T13:30:46.116+0000] {local_task_job_runner.py:245} INFO - ::endgroup::
