[2024-10-07T11:43:51.880+0000] {local_task_job_runner.py:123} INFO - ::group::Pre task execution logs
[2024-10-07T11:43:51.904+0000] {taskinstance.py:2612} INFO - Dependencies all met for dep_context=non-requeueable deps ti=<TaskInstance: PIPELINE.EXTRACT manual__2024-10-07T11:43:37.187223+00:00 [queued]>
[2024-10-07T11:43:51.916+0000] {taskinstance.py:2612} INFO - Dependencies all met for dep_context=requeueable deps ti=<TaskInstance: PIPELINE.EXTRACT manual__2024-10-07T11:43:37.187223+00:00 [queued]>
[2024-10-07T11:43:51.917+0000] {taskinstance.py:2865} INFO - Starting attempt 1 of 2
[2024-10-07T11:43:51.941+0000] {taskinstance.py:2888} INFO - Executing <Task(PythonOperator): EXTRACT> on 2024-10-07 11:43:37.187223+00:00
[2024-10-07T11:43:51.953+0000] {warnings.py:112} WARNING - /home/***/.local/lib/python3.12/site-packages/***/task/task_runner/standard_task_runner.py:70: DeprecationWarning: This process (pid=1584) is multi-threaded, use of fork() may lead to deadlocks in the child.
  pid = os.fork()

[2024-10-07T11:43:51.956+0000] {standard_task_runner.py:72} INFO - Started process 1588 to run task
[2024-10-07T11:43:51.956+0000] {standard_task_runner.py:104} INFO - Running: ['***', 'tasks', 'run', 'PIPELINE', 'EXTRACT', 'manual__2024-10-07T11:43:37.187223+00:00', '--job-id', '9', '--raw', '--subdir', 'DAGS_FOLDER/pipeline_dag.py', '--cfg-path', '/tmp/tmpkk_7mpcl']
[2024-10-07T11:43:51.958+0000] {standard_task_runner.py:105} INFO - Job 9: Subtask EXTRACT
[2024-10-07T11:43:52.031+0000] {task_command.py:467} INFO - Running <TaskInstance: PIPELINE.EXTRACT manual__2024-10-07T11:43:37.187223+00:00 [running]> on host 0d429fbd9f19
[2024-10-07T11:43:52.142+0000] {taskinstance.py:3131} INFO - Exporting env vars: AIRFLOW_CTX_DAG_OWNER='***' AIRFLOW_CTX_DAG_ID='PIPELINE' AIRFLOW_CTX_TASK_ID='EXTRACT' AIRFLOW_CTX_EXECUTION_DATE='2024-10-07T11:43:37.187223+00:00' AIRFLOW_CTX_TRY_NUMBER='1' AIRFLOW_CTX_DAG_RUN_ID='manual__2024-10-07T11:43:37.187223+00:00'
[2024-10-07T11:43:52.144+0000] {logging_mixin.py:190} INFO - Task instance is in running state
[2024-10-07T11:43:52.145+0000] {logging_mixin.py:190} INFO -  Previous state of the Task instance: queued
[2024-10-07T11:43:52.146+0000] {logging_mixin.py:190} INFO - Current task name:EXTRACT state:running start_date:2024-10-07 11:43:51.906019+00:00
[2024-10-07T11:43:52.146+0000] {logging_mixin.py:190} INFO - Dag name:PIPELINE and current dag run status:running
[2024-10-07T11:43:52.147+0000] {taskinstance.py:731} INFO - ::endgroup::
[2024-10-07T11:43:52.148+0000] {logging_mixin.py:190} INFO - co2_emi_api
[2024-10-07T11:43:57.913+0000] {logging_mixin.py:190} INFO - Data loaded successfully for co2_emi_api with offset 5000:
[2024-10-07T11:44:00.908+0000] {logging_mixin.py:190} INFO - Data loaded successfully for co2_emi_api with offset 10000:
[2024-10-07T11:44:03.408+0000] {logging_mixin.py:190} INFO - Data loaded successfully for co2_emi_api with offset 15000:
[2024-10-07T11:44:05.696+0000] {logging_mixin.py:190} INFO - Data loaded successfully for co2_emi_api with offset 20000:
[2024-10-07T11:44:07.822+0000] {logging_mixin.py:190} INFO - Data loaded successfully for co2_emi_api with offset 25000:
[2024-10-07T11:44:07.824+0000] {logging_mixin.py:190} INFO - eng_gen_api
[2024-10-07T11:44:12.659+0000] {logging_mixin.py:190} INFO - Data loaded successfully for eng_gen_api with offset 5000:
[2024-10-07T11:44:15.397+0000] {logging_mixin.py:190} INFO - Data loaded successfully for eng_gen_api with offset 10000:
[2024-10-07T11:44:18.227+0000] {logging_mixin.py:190} INFO - Data loaded successfully for eng_gen_api with offset 15000:
[2024-10-07T11:44:21.209+0000] {logging_mixin.py:190} INFO - Data loaded successfully for eng_gen_api with offset 20000:
[2024-10-07T11:44:24.650+0000] {logging_mixin.py:190} INFO - Data loaded successfully for eng_gen_api with offset 25000:
[2024-10-07T11:44:24.652+0000] {logging_mixin.py:190} INFO - Ren_cap_api
[2024-10-07T11:44:28.545+0000] {logging_mixin.py:190} INFO - Data loaded successfully for Ren_cap_api with offset 5000:
[2024-10-07T11:44:28.553+0000] {python.py:240} INFO - Done. Returned value was: None
[2024-10-07T11:44:28.738+0000] {taskinstance.py:340} INFO - ::group::Post task execution logs
[2024-10-07T11:44:28.745+0000] {taskinstance.py:352} INFO - Marking task as SUCCESS. dag_id=PIPELINE, task_id=EXTRACT, run_id=manual__2024-10-07T11:43:37.187223+00:00, execution_date=20241007T114337, start_date=20241007T114351, end_date=20241007T114428
[2024-10-07T11:44:28.879+0000] {logging_mixin.py:190} INFO - Task instance in success state
[2024-10-07T11:44:28.881+0000] {logging_mixin.py:190} INFO -  Previous state of the Task instance: running
[2024-10-07T11:44:28.882+0000] {logging_mixin.py:190} INFO - Dag name:PIPELINE queued_at:2024-10-07 11:43:38.354273+00:00
[2024-10-07T11:44:28.883+0000] {logging_mixin.py:190} INFO - Task hostname:0d429fbd9f19 operator:PythonOperator
[2024-10-07T11:44:29.044+0000] {local_task_job_runner.py:266} INFO - Task exited with return code 0
[2024-10-07T11:44:29.211+0000] {taskinstance.py:3900} INFO - 1 downstream tasks scheduled from follow-on schedule check
[2024-10-07T11:44:29.222+0000] {local_task_job_runner.py:245} INFO - ::endgroup::
