[2024-09-24T06:31:43.075+0000] {local_task_job_runner.py:123} INFO - ::group::Pre task execution logs
[2024-09-24T06:31:43.107+0000] {taskinstance.py:2612} INFO - Dependencies all met for dep_context=non-requeueable deps ti=<TaskInstance: hello_world_dag.print_hello_world manual__2024-09-24T06:31:29.172569+00:00 [queued]>
[2024-09-24T06:31:43.127+0000] {taskinstance.py:2612} INFO - Dependencies all met for dep_context=requeueable deps ti=<TaskInstance: hello_world_dag.print_hello_world manual__2024-09-24T06:31:29.172569+00:00 [queued]>
[2024-09-24T06:31:43.128+0000] {taskinstance.py:2865} INFO - Starting attempt 1 of 2
[2024-09-24T06:31:43.162+0000] {taskinstance.py:2888} INFO - Executing <Task(PythonOperator): print_hello_world> on 2024-09-24 06:31:29.172569+00:00
[2024-09-24T06:31:43.181+0000] {warnings.py:112} WARNING - /home/***/.local/lib/python3.12/site-packages/***/task/task_runner/standard_task_runner.py:70: DeprecationWarning: This process (pid=82) is multi-threaded, use of fork() may lead to deadlocks in the child.
  pid = os.fork()

[2024-09-24T06:31:43.185+0000] {standard_task_runner.py:72} INFO - Started process 91 to run task
[2024-09-24T06:31:43.186+0000] {standard_task_runner.py:104} INFO - Running: ['***', 'tasks', 'run', 'hello_world_dag', 'print_hello_world', 'manual__2024-09-24T06:31:29.172569+00:00', '--job-id', '17', '--raw', '--subdir', 'DAGS_FOLDER/sample-test.py', '--cfg-path', '/tmp/tmpqfdycsnx']
[2024-09-24T06:31:43.190+0000] {standard_task_runner.py:105} INFO - Job 17: Subtask print_hello_world
[2024-09-24T06:31:43.299+0000] {task_command.py:467} INFO - Running <TaskInstance: hello_world_dag.print_hello_world manual__2024-09-24T06:31:29.172569+00:00 [running]> on host 11327969e3ca
[2024-09-24T06:31:43.477+0000] {taskinstance.py:3131} INFO - Exporting env vars: AIRFLOW_CTX_DAG_OWNER='***' AIRFLOW_CTX_DAG_ID='hello_world_dag' AIRFLOW_CTX_TASK_ID='print_hello_world' AIRFLOW_CTX_EXECUTION_DATE='2024-09-24T06:31:29.172569+00:00' AIRFLOW_CTX_TRY_NUMBER='1' AIRFLOW_CTX_DAG_RUN_ID='manual__2024-09-24T06:31:29.172569+00:00'
[2024-09-24T06:31:43.482+0000] {logging_mixin.py:190} INFO - Task instance is in running state
[2024-09-24T06:31:43.483+0000] {logging_mixin.py:190} INFO -  Previous state of the Task instance: queued
[2024-09-24T06:31:43.485+0000] {logging_mixin.py:190} INFO - Current task name:print_hello_world state:running start_date:2024-09-24 06:31:43.108298+00:00
[2024-09-24T06:31:43.487+0000] {logging_mixin.py:190} INFO - Dag name:hello_world_dag and current dag run status:running
[2024-09-24T06:31:43.489+0000] {taskinstance.py:731} INFO - ::endgroup::
[2024-09-24T06:31:43.566+0000] {logging_mixin.py:190} INFO -   Name  Age
0    1    1
1    2    2
2    3    3
[2024-09-24T06:31:43.567+0000] {logging_mixin.py:190} INFO - Hello, World!
[2024-09-24T06:31:43.569+0000] {python.py:240} INFO - Done. Returned value was: None
[2024-09-24T06:31:43.594+0000] {taskinstance.py:340} INFO - ::group::Post task execution logs
[2024-09-24T06:31:43.595+0000] {taskinstance.py:352} INFO - Marking task as SUCCESS. dag_id=hello_world_dag, task_id=print_hello_world, run_id=manual__2024-09-24T06:31:29.172569+00:00, execution_date=20240924T063129, start_date=20240924T063143, end_date=20240924T063143
[2024-09-24T06:31:43.669+0000] {logging_mixin.py:190} INFO - Task instance in success state
[2024-09-24T06:31:43.671+0000] {logging_mixin.py:190} INFO -  Previous state of the Task instance: running
[2024-09-24T06:31:43.672+0000] {logging_mixin.py:190} INFO - Dag name:hello_world_dag queued_at:2024-09-24 06:31:29.217971+00:00
[2024-09-24T06:31:43.673+0000] {logging_mixin.py:190} INFO - Task hostname:11327969e3ca operator:PythonOperator
[2024-09-24T06:31:43.730+0000] {local_task_job_runner.py:266} INFO - Task exited with return code 0
[2024-09-24T06:31:43.789+0000] {taskinstance.py:3900} INFO - 0 downstream tasks scheduled from follow-on schedule check
[2024-09-24T06:31:43.888+0000] {local_task_job_runner.py:245} INFO - ::endgroup::
