[2024-10-07T10:36:47.849+0000] {local_task_job_runner.py:123} INFO - ::group::Pre task execution logs
[2024-10-07T10:36:47.892+0000] {taskinstance.py:2612} INFO - Dependencies all met for dep_context=non-requeueable deps ti=<TaskInstance: TRANSFORM_DATA.TRANSFORM manual__2024-10-07T10:36:33.080829+00:00 [queued]>
[2024-10-07T10:36:47.906+0000] {taskinstance.py:2612} INFO - Dependencies all met for dep_context=requeueable deps ti=<TaskInstance: TRANSFORM_DATA.TRANSFORM manual__2024-10-07T10:36:33.080829+00:00 [queued]>
[2024-10-07T10:36:47.907+0000] {taskinstance.py:2865} INFO - Starting attempt 1 of 2
[2024-10-07T10:36:47.928+0000] {taskinstance.py:2888} INFO - Executing <Task(PythonOperator): TRANSFORM> on 2024-10-07 10:36:33.080829+00:00
[2024-10-07T10:36:47.948+0000] {warnings.py:112} WARNING - /home/***/.local/lib/python3.12/site-packages/***/task/task_runner/standard_task_runner.py:70: DeprecationWarning: This process (pid=776) is multi-threaded, use of fork() may lead to deadlocks in the child.
  pid = os.fork()

[2024-10-07T10:36:47.951+0000] {standard_task_runner.py:104} INFO - Running: ['***', 'tasks', 'run', 'TRANSFORM_DATA', 'TRANSFORM', 'manual__2024-10-07T10:36:33.080829+00:00', '--job-id', '6', '--raw', '--subdir', 'DAGS_FOLDER/trnaform_dag.py', '--cfg-path', '/tmp/tmp5po2dpev']
[2024-10-07T10:36:47.952+0000] {standard_task_runner.py:72} INFO - Started process 778 to run task
[2024-10-07T10:36:47.953+0000] {standard_task_runner.py:105} INFO - Job 6: Subtask TRANSFORM
[2024-10-07T10:36:48.033+0000] {task_command.py:467} INFO - Running <TaskInstance: TRANSFORM_DATA.TRANSFORM manual__2024-10-07T10:36:33.080829+00:00 [running]> on host 0d429fbd9f19
[2024-10-07T10:36:48.171+0000] {taskinstance.py:3131} INFO - Exporting env vars: AIRFLOW_CTX_DAG_OWNER='***' AIRFLOW_CTX_DAG_ID='TRANSFORM_DATA' AIRFLOW_CTX_TASK_ID='TRANSFORM' AIRFLOW_CTX_EXECUTION_DATE='2024-10-07T10:36:33.080829+00:00' AIRFLOW_CTX_TRY_NUMBER='1' AIRFLOW_CTX_DAG_RUN_ID='manual__2024-10-07T10:36:33.080829+00:00'
[2024-10-07T10:36:48.173+0000] {logging_mixin.py:190} INFO - Task instance is in running state
[2024-10-07T10:36:48.174+0000] {logging_mixin.py:190} INFO -  Previous state of the Task instance: queued
[2024-10-07T10:36:48.175+0000] {logging_mixin.py:190} INFO - Current task name:TRANSFORM state:running start_date:2024-10-07 10:36:47.893423+00:00
[2024-10-07T10:36:48.175+0000] {logging_mixin.py:190} INFO - Dag name:TRANSFORM_DATA and current dag run status:running
[2024-10-07T10:36:48.175+0000] {taskinstance.py:731} INFO - ::endgroup::
[2024-10-07T10:36:53.957+0000] {logging_mixin.py:190} INFO -           period respondent  ... co2_emission_tons co2_reduction
0     2024-10-04       AECI  ...          34311.36        0.0000
1     2024-10-04       AECI  ...          34311.36        0.0000
2     2024-10-04       AECI  ...           5656.14        0.0000
3     2024-10-04       AECI  ...           5656.14        0.0000
4     2024-10-04       AECI  ...              0.00     4473.8768
...          ...        ...  ...               ...           ...
24995 2024-09-21       WALC  ...              0.00      500.8816
24996 2024-09-21       WAUW  ...              0.00      669.9952
24997 2024-09-21       WAUW  ...              0.00      665.8848
24998 2024-09-21       WAUW  ...              0.00      667.6464
24999 2024-09-21       WAUW  ...              0.00      668.2336

[25000 rows x 11 columns]
[2024-10-07T10:36:54.184+0000] {python.py:240} INFO - Done. Returned value was: None
[2024-10-07T10:36:54.229+0000] {taskinstance.py:340} INFO - ::group::Post task execution logs
[2024-10-07T10:36:54.230+0000] {taskinstance.py:352} INFO - Marking task as SUCCESS. dag_id=TRANSFORM_DATA, task_id=TRANSFORM, run_id=manual__2024-10-07T10:36:33.080829+00:00, execution_date=20241007T103633, start_date=20241007T103647, end_date=20241007T103654
[2024-10-07T10:36:54.266+0000] {logging_mixin.py:190} INFO - Task instance in success state
[2024-10-07T10:36:54.268+0000] {logging_mixin.py:190} INFO -  Previous state of the Task instance: running
[2024-10-07T10:36:54.270+0000] {logging_mixin.py:190} INFO - Dag name:TRANSFORM_DATA queued_at:2024-10-07 10:36:33.757142+00:00
[2024-10-07T10:36:54.272+0000] {logging_mixin.py:190} INFO - Task hostname:0d429fbd9f19 operator:PythonOperator
[2024-10-07T10:36:54.407+0000] {local_task_job_runner.py:266} INFO - Task exited with return code 0
[2024-10-07T10:36:54.538+0000] {taskinstance.py:3900} INFO - 0 downstream tasks scheduled from follow-on schedule check
[2024-10-07T10:36:54.546+0000] {local_task_job_runner.py:245} INFO - ::endgroup::
