[2024-10-07T11:50:13.725+0000] {local_task_job_runner.py:123} INFO - ::group::Pre task execution logs
[2024-10-07T11:50:13.879+0000] {taskinstance.py:2612} INFO - Dependencies all met for dep_context=non-requeueable deps ti=<TaskInstance: PIPELINE.TRANSFORM scheduled__2024-10-06T00:00:00+00:00 [queued]>
[2024-10-07T11:50:13.914+0000] {taskinstance.py:2612} INFO - Dependencies all met for dep_context=requeueable deps ti=<TaskInstance: PIPELINE.TRANSFORM scheduled__2024-10-06T00:00:00+00:00 [queued]>
[2024-10-07T11:50:13.915+0000] {taskinstance.py:2865} INFO - Starting attempt 2 of 2
[2024-10-07T11:50:13.949+0000] {taskinstance.py:2888} INFO - Executing <Task(PythonOperator): TRANSFORM> on 2024-10-06 00:00:00+00:00
[2024-10-07T11:50:14.039+0000] {standard_task_runner.py:104} INFO - Running: ['***', 'tasks', 'run', 'PIPELINE', 'TRANSFORM', 'scheduled__2024-10-06T00:00:00+00:00', '--job-id', '13', '--raw', '--subdir', 'DAGS_FOLDER/pipeline_dag.py', '--cfg-path', '/tmp/tmpsjvmfbsp']
[2024-10-07T11:50:14.099+0000] {standard_task_runner.py:105} INFO - Job 13: Subtask TRANSFORM
[2024-10-07T11:50:14.033+0000] {warnings.py:112} WARNING - /home/***/.local/lib/python3.12/site-packages/***/task/task_runner/standard_task_runner.py:70: DeprecationWarning: This process (pid=1672) is multi-threaded, use of fork() may lead to deadlocks in the child.
  pid = os.fork()

[2024-10-07T11:50:14.108+0000] {standard_task_runner.py:72} INFO - Started process 1681 to run task
[2024-10-07T11:50:14.566+0000] {task_command.py:467} INFO - Running <TaskInstance: PIPELINE.TRANSFORM scheduled__2024-10-06T00:00:00+00:00 [running]> on host 0d429fbd9f19
[2024-10-07T11:50:14.996+0000] {taskinstance.py:3131} INFO - Exporting env vars: AIRFLOW_CTX_DAG_OWNER='***' AIRFLOW_CTX_DAG_ID='PIPELINE' AIRFLOW_CTX_TASK_ID='TRANSFORM' AIRFLOW_CTX_EXECUTION_DATE='2024-10-06T00:00:00+00:00' AIRFLOW_CTX_TRY_NUMBER='2' AIRFLOW_CTX_DAG_RUN_ID='scheduled__2024-10-06T00:00:00+00:00'
[2024-10-07T11:50:15.000+0000] {logging_mixin.py:190} INFO - Task instance is in running state
[2024-10-07T11:50:15.002+0000] {logging_mixin.py:190} INFO -  Previous state of the Task instance: queued
[2024-10-07T11:50:15.006+0000] {logging_mixin.py:190} INFO - Current task name:TRANSFORM state:running start_date:2024-10-07 11:50:13.881624+00:00
[2024-10-07T11:50:15.008+0000] {logging_mixin.py:190} INFO - Dag name:PIPELINE and current dag run status:running
[2024-10-07T11:50:15.010+0000] {taskinstance.py:731} INFO - ::endgroup::
[2024-10-07T11:50:21.343+0000] {python.py:240} INFO - Done. Returned value was: None
[2024-10-07T11:50:21.357+0000] {taskinstance.py:340} INFO - ::group::Post task execution logs
[2024-10-07T11:50:21.358+0000] {taskinstance.py:352} INFO - Marking task as SUCCESS. dag_id=PIPELINE, task_id=TRANSFORM, run_id=scheduled__2024-10-06T00:00:00+00:00, execution_date=20241006T000000, start_date=20241007T115013, end_date=20241007T115021
[2024-10-07T11:50:21.379+0000] {logging_mixin.py:190} INFO - Task instance in success state
[2024-10-07T11:50:21.380+0000] {logging_mixin.py:190} INFO -  Previous state of the Task instance: running
[2024-10-07T11:50:21.380+0000] {logging_mixin.py:190} INFO - Dag name:PIPELINE queued_at:2024-10-07 11:43:39.125843+00:00
[2024-10-07T11:50:21.381+0000] {logging_mixin.py:190} INFO - Task hostname:0d429fbd9f19 operator:PythonOperator
[2024-10-07T11:50:21.442+0000] {local_task_job_runner.py:266} INFO - Task exited with return code 0
[2024-10-07T11:50:21.472+0000] {taskinstance.py:3900} INFO - 0 downstream tasks scheduled from follow-on schedule check
[2024-10-07T11:50:21.477+0000] {local_task_job_runner.py:245} INFO - ::endgroup::
