[2024-09-24T07:38:44.338+0000] {local_task_job_runner.py:123} INFO - ::group::Pre task execution logs
[2024-09-24T07:38:44.375+0000] {taskinstance.py:2612} INFO - Dependencies all met for dep_context=non-requeueable deps ti=<TaskInstance: mysql_data_transformation.fetch_data manual__2024-09-24T07:33:22.263776+00:00 [queued]>
[2024-09-24T07:38:44.391+0000] {taskinstance.py:2612} INFO - Dependencies all met for dep_context=requeueable deps ti=<TaskInstance: mysql_data_transformation.fetch_data manual__2024-09-24T07:33:22.263776+00:00 [queued]>
[2024-09-24T07:38:44.392+0000] {taskinstance.py:2865} INFO - Starting attempt 2 of 2
[2024-09-24T07:38:44.422+0000] {taskinstance.py:2888} INFO - Executing <Task(PythonOperator): fetch_data> on 2024-09-24 07:33:22.263776+00:00
[2024-09-24T07:38:44.462+0000] {standard_task_runner.py:104} INFO - Running: ['***', 'tasks', 'run', 'mysql_data_transformation', 'fetch_data', 'manual__2024-09-24T07:33:22.263776+00:00', '--job-id', '29', '--raw', '--subdir', 'DAGS_FOLDER/mysql_transform.py', '--cfg-path', '/tmp/tmpzi5d_lm5']
[2024-09-24T07:38:44.459+0000] {warnings.py:112} WARNING - /home/***/.local/lib/python3.12/site-packages/***/task/task_runner/standard_task_runner.py:70: DeprecationWarning: This process (pid=164) is multi-threaded, use of fork() may lead to deadlocks in the child.
  pid = os.fork()

[2024-09-24T07:38:44.464+0000] {standard_task_runner.py:105} INFO - Job 29: Subtask fetch_data
[2024-09-24T07:38:44.465+0000] {standard_task_runner.py:72} INFO - Started process 166 to run task
[2024-09-24T07:38:44.605+0000] {task_command.py:467} INFO - Running <TaskInstance: mysql_data_transformation.fetch_data manual__2024-09-24T07:33:22.263776+00:00 [running]> on host 887e29dd64e5
[2024-09-24T07:38:44.792+0000] {taskinstance.py:3131} INFO - Exporting env vars: AIRFLOW_CTX_DAG_OWNER='***' AIRFLOW_CTX_DAG_ID='mysql_data_transformation' AIRFLOW_CTX_TASK_ID='fetch_data' AIRFLOW_CTX_EXECUTION_DATE='2024-09-24T07:33:22.263776+00:00' AIRFLOW_CTX_TRY_NUMBER='2' AIRFLOW_CTX_DAG_RUN_ID='manual__2024-09-24T07:33:22.263776+00:00'
[2024-09-24T07:38:44.795+0000] {logging_mixin.py:190} INFO - Task instance is in running state
[2024-09-24T07:38:44.796+0000] {logging_mixin.py:190} INFO -  Previous state of the Task instance: queued
[2024-09-24T07:38:44.798+0000] {logging_mixin.py:190} INFO - Current task name:fetch_data state:running start_date:2024-09-24 07:38:44.376641+00:00
[2024-09-24T07:38:44.799+0000] {logging_mixin.py:190} INFO - Dag name:mysql_data_transformation and current dag run status:running
[2024-09-24T07:38:44.801+0000] {taskinstance.py:731} INFO - ::endgroup::
[2024-09-24T07:38:44.886+0000] {python.py:240} INFO - Done. Returned value was: None
[2024-09-24T07:38:44.905+0000] {taskinstance.py:340} INFO - ::group::Post task execution logs
[2024-09-24T07:38:44.907+0000] {taskinstance.py:352} INFO - Marking task as SUCCESS. dag_id=mysql_data_transformation, task_id=fetch_data, run_id=manual__2024-09-24T07:33:22.263776+00:00, execution_date=20240924T073322, start_date=20240924T073844, end_date=20240924T073844
[2024-09-24T07:38:44.929+0000] {logging_mixin.py:190} INFO - Task instance in success state
[2024-09-24T07:38:44.931+0000] {logging_mixin.py:190} INFO -  Previous state of the Task instance: running
[2024-09-24T07:38:44.932+0000] {logging_mixin.py:190} INFO - Dag name:mysql_data_transformation queued_at:2024-09-24 07:33:22.330556+00:00
[2024-09-24T07:38:44.933+0000] {logging_mixin.py:190} INFO - Task hostname:887e29dd64e5 operator:PythonOperator
[2024-09-24T07:38:44.965+0000] {local_task_job_runner.py:266} INFO - Task exited with return code 0
[2024-09-24T07:38:44.989+0000] {taskinstance.py:3900} INFO - 0 downstream tasks scheduled from follow-on schedule check
[2024-09-24T07:38:44.994+0000] {local_task_job_runner.py:245} INFO - ::endgroup::
