[2024-10-08T04:37:41.021+0000] {local_task_job_runner.py:123} INFO - ::group::Pre task execution logs
[2024-10-08T04:37:41.085+0000] {taskinstance.py:2612} INFO - Dependencies all met for dep_context=non-requeueable deps ti=<TaskInstance: PIPELINE.EXTRACT scheduled__2024-10-07T00:00:00+00:00 [queued]>
[2024-10-08T04:37:41.103+0000] {taskinstance.py:2612} INFO - Dependencies all met for dep_context=requeueable deps ti=<TaskInstance: PIPELINE.EXTRACT scheduled__2024-10-07T00:00:00+00:00 [queued]>
[2024-10-08T04:37:41.105+0000] {taskinstance.py:2865} INFO - Starting attempt 2 of 2
[2024-10-08T04:37:41.134+0000] {taskinstance.py:2888} INFO - Executing <Task(PythonOperator): EXTRACT> on 2024-10-07 00:00:00+00:00
[2024-10-08T04:37:41.194+0000] {warnings.py:112} WARNING - /home/***/.local/lib/python3.12/site-packages/***/task/task_runner/standard_task_runner.py:70: DeprecationWarning: This process (pid=183) is multi-threaded, use of fork() may lead to deadlocks in the child.
  pid = os.fork()

[2024-10-08T04:37:41.266+0000] {standard_task_runner.py:104} INFO - Running: ['***', 'tasks', 'run', 'PIPELINE', 'EXTRACT', 'scheduled__2024-10-07T00:00:00+00:00', '--job-id', '6', '--raw', '--subdir', 'DAGS_FOLDER/pipeline_dag.py', '--cfg-path', '/tmp/tmpntiqreti']
[2024-10-08T04:37:41.270+0000] {standard_task_runner.py:72} INFO - Started process 192 to run task
[2024-10-08T04:37:41.280+0000] {standard_task_runner.py:105} INFO - Job 6: Subtask EXTRACT
[2024-10-08T04:37:42.067+0000] {task_command.py:467} INFO - Running <TaskInstance: PIPELINE.EXTRACT scheduled__2024-10-07T00:00:00+00:00 [running]> on host 379c76380f61
[2024-10-08T04:37:42.487+0000] {taskinstance.py:3131} INFO - Exporting env vars: AIRFLOW_CTX_DAG_OWNER='***' AIRFLOW_CTX_DAG_ID='PIPELINE' AIRFLOW_CTX_TASK_ID='EXTRACT' AIRFLOW_CTX_EXECUTION_DATE='2024-10-07T00:00:00+00:00' AIRFLOW_CTX_TRY_NUMBER='2' AIRFLOW_CTX_DAG_RUN_ID='scheduled__2024-10-07T00:00:00+00:00'
[2024-10-08T04:37:42.501+0000] {logging_mixin.py:190} INFO - Task instance is in running state
[2024-10-08T04:37:42.502+0000] {logging_mixin.py:190} INFO -  Previous state of the Task instance: queued
[2024-10-08T04:37:42.503+0000] {logging_mixin.py:190} INFO - Current task name:EXTRACT state:running start_date:2024-10-08 04:37:41.087124+00:00
[2024-10-08T04:37:42.504+0000] {logging_mixin.py:190} INFO - Dag name:PIPELINE and current dag run status:running
[2024-10-08T04:37:42.506+0000] {taskinstance.py:731} INFO - ::endgroup::
[2024-10-08T04:37:42.511+0000] {logging_mixin.py:190} INFO - co2_emi_api
[2024-10-08T04:37:47.579+0000] {logging_mixin.py:190} INFO - Data loaded successfully for co2_emi_api with offset 5000:
[2024-10-08T04:37:49.928+0000] {logging_mixin.py:190} INFO - Data loaded successfully for co2_emi_api with offset 10000:
[2024-10-08T04:37:53.217+0000] {logging_mixin.py:190} INFO - Data loaded successfully for co2_emi_api with offset 15000:
[2024-10-08T04:37:55.845+0000] {logging_mixin.py:190} INFO - Data loaded successfully for co2_emi_api with offset 20000:
[2024-10-08T04:37:58.374+0000] {logging_mixin.py:190} INFO - Data loaded successfully for co2_emi_api with offset 25000:
[2024-10-08T04:37:58.376+0000] {logging_mixin.py:190} INFO - eng_gen_api
[2024-10-08T04:38:03.040+0000] {logging_mixin.py:190} INFO - Data loaded successfully for eng_gen_api with offset 5000:
[2024-10-08T04:38:05.607+0000] {logging_mixin.py:190} INFO - Data loaded successfully for eng_gen_api with offset 10000:
[2024-10-08T04:38:11.803+0000] {logging_mixin.py:190} INFO - Data loaded successfully for eng_gen_api with offset 15000:
[2024-10-08T04:38:14.882+0000] {logging_mixin.py:190} INFO - Data loaded successfully for eng_gen_api with offset 20000:
[2024-10-08T04:38:17.645+0000] {logging_mixin.py:190} INFO - Data loaded successfully for eng_gen_api with offset 25000:
[2024-10-08T04:38:17.646+0000] {logging_mixin.py:190} INFO - Ren_cap_api
[2024-10-08T04:38:21.305+0000] {logging_mixin.py:190} INFO - Data loaded successfully for Ren_cap_api with offset 5000:
[2024-10-08T04:38:21.307+0000] {python.py:240} INFO - Done. Returned value was: None
[2024-10-08T04:38:21.324+0000] {taskinstance.py:340} INFO - ::group::Post task execution logs
[2024-10-08T04:38:21.325+0000] {taskinstance.py:352} INFO - Marking task as SUCCESS. dag_id=PIPELINE, task_id=EXTRACT, run_id=scheduled__2024-10-07T00:00:00+00:00, execution_date=20241007T000000, start_date=20241008T043741, end_date=20241008T043821
[2024-10-08T04:38:21.346+0000] {logging_mixin.py:190} INFO - Task instance in success state
[2024-10-08T04:38:21.347+0000] {logging_mixin.py:190} INFO -  Previous state of the Task instance: running
[2024-10-08T04:38:21.348+0000] {logging_mixin.py:190} INFO - Dag name:PIPELINE queued_at:2024-10-08 04:32:03.617668+00:00
[2024-10-08T04:38:21.349+0000] {logging_mixin.py:190} INFO - Task hostname:379c76380f61 operator:PythonOperator
[2024-10-08T04:38:21.462+0000] {local_task_job_runner.py:266} INFO - Task exited with return code 0
[2024-10-08T04:38:21.577+0000] {taskinstance.py:3900} INFO - 0 downstream tasks scheduled from follow-on schedule check
[2024-10-08T04:38:21.583+0000] {local_task_job_runner.py:245} INFO - ::endgroup::
