[2024-10-04T11:01:43.533+0000] {local_task_job_runner.py:123} INFO - ::group::Pre task execution logs
[2024-10-04T11:01:43.557+0000] {taskinstance.py:2612} INFO - Dependencies all met for dep_context=non-requeueable deps ti=<TaskInstance: ETL_API_DATA.EXTRACT manual__2024-10-04T11:01:27.962254+00:00 [queued]>
[2024-10-04T11:01:43.569+0000] {taskinstance.py:2612} INFO - Dependencies all met for dep_context=requeueable deps ti=<TaskInstance: ETL_API_DATA.EXTRACT manual__2024-10-04T11:01:27.962254+00:00 [queued]>
[2024-10-04T11:01:43.571+0000] {taskinstance.py:2865} INFO - Starting attempt 1 of 2
[2024-10-04T11:01:43.592+0000] {taskinstance.py:2888} INFO - Executing <Task(PythonOperator): EXTRACT> on 2024-10-04 11:01:27.962254+00:00
[2024-10-04T11:01:43.611+0000] {warnings.py:112} WARNING - /home/***/.local/lib/python3.12/site-packages/***/task/task_runner/standard_task_runner.py:70: DeprecationWarning: This process (pid=176) is multi-threaded, use of fork() may lead to deadlocks in the child.
  pid = os.fork()

[2024-10-04T11:01:43.613+0000] {standard_task_runner.py:72} INFO - Started process 178 to run task
[2024-10-04T11:01:43.615+0000] {standard_task_runner.py:104} INFO - Running: ['***', 'tasks', 'run', 'ETL_API_DATA', 'EXTRACT', 'manual__2024-10-04T11:01:27.962254+00:00', '--job-id', '3', '--raw', '--subdir', 'DAGS_FOLDER/Extract_api_data.py', '--cfg-path', '/tmp/tmpdu8mexuh']
[2024-10-04T11:01:43.616+0000] {standard_task_runner.py:105} INFO - Job 3: Subtask EXTRACT
[2024-10-04T11:01:43.678+0000] {task_command.py:467} INFO - Running <TaskInstance: ETL_API_DATA.EXTRACT manual__2024-10-04T11:01:27.962254+00:00 [running]> on host ec2f9bdc71d6
[2024-10-04T11:01:43.768+0000] {taskinstance.py:3131} INFO - Exporting env vars: AIRFLOW_CTX_DAG_OWNER='***' AIRFLOW_CTX_DAG_ID='ETL_API_DATA' AIRFLOW_CTX_TASK_ID='EXTRACT' AIRFLOW_CTX_EXECUTION_DATE='2024-10-04T11:01:27.962254+00:00' AIRFLOW_CTX_TRY_NUMBER='1' AIRFLOW_CTX_DAG_RUN_ID='manual__2024-10-04T11:01:27.962254+00:00'
[2024-10-04T11:01:43.771+0000] {logging_mixin.py:190} INFO - Task instance is in running state
[2024-10-04T11:01:43.773+0000] {logging_mixin.py:190} INFO -  Previous state of the Task instance: queued
[2024-10-04T11:01:43.773+0000] {logging_mixin.py:190} INFO - Current task name:EXTRACT state:running start_date:2024-10-04 11:01:43.558327+00:00
[2024-10-04T11:01:43.774+0000] {logging_mixin.py:190} INFO - Dag name:ETL_API_DATA and current dag run status:running
[2024-10-04T11:01:43.774+0000] {taskinstance.py:731} INFO - ::endgroup::
[2024-10-04T11:01:43.914+0000] {logging_mixin.py:190} INFO - co2_emi_api
[2024-10-04T11:01:54.062+0000] {logging_mixin.py:190} INFO - Data loaded successfully for co2_emi_api with offset 5000:
[2024-10-04T11:01:57.346+0000] {logging_mixin.py:190} INFO - Data loaded successfully for co2_emi_api with offset 10000:
[2024-10-04T11:02:02.668+0000] {logging_mixin.py:190} INFO - Data loaded successfully for co2_emi_api with offset 15000:
[2024-10-04T11:02:07.812+0000] {logging_mixin.py:190} INFO - Data loaded successfully for co2_emi_api with offset 20000:
[2024-10-04T11:02:12.363+0000] {logging_mixin.py:190} INFO - Data loaded successfully for co2_emi_api with offset 25000:
[2024-10-04T11:02:12.364+0000] {logging_mixin.py:190} INFO - eng_gen_api
[2024-10-04T11:02:24.371+0000] {logging_mixin.py:190} INFO - Data loaded successfully for eng_gen_api with offset 5000:
[2024-10-04T11:02:32.548+0000] {logging_mixin.py:190} INFO - Data loaded successfully for eng_gen_api with offset 10000:
[2024-10-04T11:02:39.714+0000] {logging_mixin.py:190} INFO - Data loaded successfully for eng_gen_api with offset 15000:
[2024-10-04T11:02:46.841+0000] {logging_mixin.py:190} INFO - Data loaded successfully for eng_gen_api with offset 20000:
[2024-10-04T11:02:53.418+0000] {logging_mixin.py:190} INFO - Data loaded successfully for eng_gen_api with offset 25000:
[2024-10-04T11:02:53.419+0000] {logging_mixin.py:190} INFO - Ren_cap_api
[2024-10-04T11:03:00.429+0000] {logging_mixin.py:190} INFO - Data loaded successfully for Ren_cap_api with offset 5000:
[2024-10-04T11:03:00.444+0000] {python.py:240} INFO - Done. Returned value was: None
[2024-10-04T11:03:00.608+0000] {taskinstance.py:340} INFO - ::group::Post task execution logs
[2024-10-04T11:03:00.615+0000] {taskinstance.py:352} INFO - Marking task as SUCCESS. dag_id=ETL_API_DATA, task_id=EXTRACT, run_id=manual__2024-10-04T11:01:27.962254+00:00, execution_date=20241004T110127, start_date=20241004T110143, end_date=20241004T110300
[2024-10-04T11:03:00.743+0000] {logging_mixin.py:190} INFO - Task instance in success state
[2024-10-04T11:03:00.744+0000] {logging_mixin.py:190} INFO -  Previous state of the Task instance: running
[2024-10-04T11:03:00.759+0000] {logging_mixin.py:190} INFO - Dag name:ETL_API_DATA queued_at:2024-10-04 11:01:28.137018+00:00
[2024-10-04T11:03:00.760+0000] {logging_mixin.py:190} INFO - Task hostname:ec2f9bdc71d6 operator:PythonOperator
[2024-10-04T11:03:00.957+0000] {local_task_job_runner.py:266} INFO - Task exited with return code 0
[2024-10-04T11:03:01.135+0000] {taskinstance.py:3900} INFO - 0 downstream tasks scheduled from follow-on schedule check
[2024-10-04T11:03:01.143+0000] {local_task_job_runner.py:245} INFO - ::endgroup::
