[2024-10-14T06:54:57.287+0000] {local_task_job_runner.py:123} INFO - ::group::Pre task execution logs
[2024-10-14T06:54:57.322+0000] {taskinstance.py:2612} INFO - Dependencies all met for dep_context=non-requeueable deps ti=<TaskInstance: PIPELINE.EXTRACT manual__2024-10-14T06:54:39.655233+00:00 [queued]>
[2024-10-14T06:54:57.337+0000] {taskinstance.py:2612} INFO - Dependencies all met for dep_context=requeueable deps ti=<TaskInstance: PIPELINE.EXTRACT manual__2024-10-14T06:54:39.655233+00:00 [queued]>
[2024-10-14T06:54:57.338+0000] {taskinstance.py:2865} INFO - Starting attempt 1 of 2
[2024-10-14T06:54:57.369+0000] {taskinstance.py:2888} INFO - Executing <Task(PythonOperator): EXTRACT> on 2024-10-14 06:54:39.655233+00:00
[2024-10-14T06:54:57.503+0000] {standard_task_runner.py:104} INFO - Running: ['***', 'tasks', 'run', 'PIPELINE', 'EXTRACT', 'manual__2024-10-14T06:54:39.655233+00:00', '--job-id', '9', '--raw', '--subdir', 'DAGS_FOLDER/pipeline_dag.py', '--cfg-path', '/tmp/tmpyxcz8ks4']
[2024-10-14T06:54:57.500+0000] {warnings.py:112} WARNING - /home/***/.local/lib/python3.12/site-packages/***/task/task_runner/standard_task_runner.py:70: DeprecationWarning: This process (pid=405) is multi-threaded, use of fork() may lead to deadlocks in the child.
  pid = os.fork()

[2024-10-14T06:54:57.507+0000] {standard_task_runner.py:105} INFO - Job 9: Subtask EXTRACT
[2024-10-14T06:54:57.507+0000] {standard_task_runner.py:72} INFO - Started process 414 to run task
[2024-10-14T06:54:57.622+0000] {task_command.py:467} INFO - Running <TaskInstance: PIPELINE.EXTRACT manual__2024-10-14T06:54:39.655233+00:00 [running]> on host a9d59758bb55
[2024-10-14T06:54:58.034+0000] {taskinstance.py:3131} INFO - Exporting env vars: AIRFLOW_CTX_DAG_OWNER='***' AIRFLOW_CTX_DAG_ID='PIPELINE' AIRFLOW_CTX_TASK_ID='EXTRACT' AIRFLOW_CTX_EXECUTION_DATE='2024-10-14T06:54:39.655233+00:00' AIRFLOW_CTX_TRY_NUMBER='1' AIRFLOW_CTX_DAG_RUN_ID='manual__2024-10-14T06:54:39.655233+00:00'
[2024-10-14T06:54:58.038+0000] {logging_mixin.py:190} INFO - Task instance is in running state
[2024-10-14T06:54:58.039+0000] {logging_mixin.py:190} INFO -  Previous state of the Task instance: queued
[2024-10-14T06:54:58.040+0000] {logging_mixin.py:190} INFO - Current task name:EXTRACT state:running start_date:2024-10-14 06:54:57.323209+00:00
[2024-10-14T06:54:58.040+0000] {logging_mixin.py:190} INFO - Dag name:PIPELINE and current dag run status:running
[2024-10-14T06:54:58.041+0000] {taskinstance.py:731} INFO - ::endgroup::
[2024-10-14T06:54:58.042+0000] {logging_mixin.py:190} INFO - co2_emi_api
[2024-10-14T06:55:02.878+0000] {logging_mixin.py:190} INFO - Data loaded successfully for co2_emi_api with offset 5000:
[2024-10-14T06:55:04.954+0000] {logging_mixin.py:190} INFO - Data loaded successfully for co2_emi_api with offset 10000:
[2024-10-14T06:55:07.213+0000] {logging_mixin.py:190} INFO - Data loaded successfully for co2_emi_api with offset 15000:
[2024-10-14T06:55:09.409+0000] {logging_mixin.py:190} INFO - Data loaded successfully for co2_emi_api with offset 20000:
[2024-10-14T06:55:11.566+0000] {logging_mixin.py:190} INFO - Data loaded successfully for co2_emi_api with offset 25000:
[2024-10-14T06:55:11.567+0000] {logging_mixin.py:190} INFO - eng_gen_api
[2024-10-14T06:55:15.976+0000] {logging_mixin.py:190} INFO - Data loaded successfully for eng_gen_api with offset 5000:
[2024-10-14T06:55:18.710+0000] {logging_mixin.py:190} INFO - Data loaded successfully for eng_gen_api with offset 10000:
[2024-10-14T06:55:22.182+0000] {logging_mixin.py:190} INFO - Data loaded successfully for eng_gen_api with offset 15000:
[2024-10-14T06:55:24.556+0000] {logging_mixin.py:190} INFO - Data loaded successfully for eng_gen_api with offset 20000:
[2024-10-14T06:55:26.809+0000] {logging_mixin.py:190} INFO - Data loaded successfully for eng_gen_api with offset 25000:
[2024-10-14T06:55:26.810+0000] {logging_mixin.py:190} INFO - Ren_cap_api
[2024-10-14T06:55:30.340+0000] {logging_mixin.py:190} INFO - Data loaded successfully for Ren_cap_api with offset 5000:
[2024-10-14T06:55:30.342+0000] {python.py:240} INFO - Done. Returned value was: None
[2024-10-14T06:55:30.357+0000] {taskinstance.py:340} INFO - ::group::Post task execution logs
[2024-10-14T06:55:30.358+0000] {taskinstance.py:352} INFO - Marking task as SUCCESS. dag_id=PIPELINE, task_id=EXTRACT, run_id=manual__2024-10-14T06:54:39.655233+00:00, execution_date=20241014T065439, start_date=20241014T065457, end_date=20241014T065530
[2024-10-14T06:55:30.379+0000] {logging_mixin.py:190} INFO - Task instance in success state
[2024-10-14T06:55:30.380+0000] {logging_mixin.py:190} INFO -  Previous state of the Task instance: running
[2024-10-14T06:55:30.381+0000] {logging_mixin.py:190} INFO - Dag name:PIPELINE queued_at:2024-10-14 06:54:40.096829+00:00
[2024-10-14T06:55:30.382+0000] {logging_mixin.py:190} INFO - Task hostname:a9d59758bb55 operator:PythonOperator
[2024-10-14T06:55:30.427+0000] {local_task_job_runner.py:266} INFO - Task exited with return code 0
[2024-10-14T06:55:30.441+0000] {local_task_job_runner.py:245} INFO - ::endgroup::
