[2024-10-14T06:41:18.638+0000] {local_task_job_runner.py:123} INFO - ::group::Pre task execution logs
[2024-10-14T06:41:18.668+0000] {taskinstance.py:2612} INFO - Dependencies all met for dep_context=non-requeueable deps ti=<TaskInstance: PIPELINE.EXTRACT manual__2024-10-14T06:41:05.666004+00:00 [queued]>
[2024-10-14T06:41:18.682+0000] {taskinstance.py:2612} INFO - Dependencies all met for dep_context=requeueable deps ti=<TaskInstance: PIPELINE.EXTRACT manual__2024-10-14T06:41:05.666004+00:00 [queued]>
[2024-10-14T06:41:18.684+0000] {taskinstance.py:2865} INFO - Starting attempt 1 of 2
[2024-10-14T06:41:18.713+0000] {taskinstance.py:2888} INFO - Executing <Task(PythonOperator): EXTRACT> on 2024-10-14 06:41:05.666004+00:00
[2024-10-14T06:41:18.732+0000] {warnings.py:112} WARNING - /home/***/.local/lib/python3.12/site-packages/***/task/task_runner/standard_task_runner.py:70: DeprecationWarning: This process (pid=235) is multi-threaded, use of fork() may lead to deadlocks in the child.
  pid = os.fork()

[2024-10-14T06:41:18.735+0000] {standard_task_runner.py:104} INFO - Running: ['***', 'tasks', 'run', 'PIPELINE', 'EXTRACT', 'manual__2024-10-14T06:41:05.666004+00:00', '--job-id', '5', '--raw', '--subdir', 'DAGS_FOLDER/pipeline_dag.py', '--cfg-path', '/tmp/tmp1yhqhmhb']
[2024-10-14T06:41:18.736+0000] {standard_task_runner.py:72} INFO - Started process 237 to run task
[2024-10-14T06:41:18.738+0000] {standard_task_runner.py:105} INFO - Job 5: Subtask EXTRACT
[2024-10-14T06:41:18.840+0000] {task_command.py:467} INFO - Running <TaskInstance: PIPELINE.EXTRACT manual__2024-10-14T06:41:05.666004+00:00 [running]> on host a9d59758bb55
[2024-10-14T06:41:19.008+0000] {taskinstance.py:3131} INFO - Exporting env vars: AIRFLOW_CTX_DAG_OWNER='***' AIRFLOW_CTX_DAG_ID='PIPELINE' AIRFLOW_CTX_TASK_ID='EXTRACT' AIRFLOW_CTX_EXECUTION_DATE='2024-10-14T06:41:05.666004+00:00' AIRFLOW_CTX_TRY_NUMBER='1' AIRFLOW_CTX_DAG_RUN_ID='manual__2024-10-14T06:41:05.666004+00:00'
[2024-10-14T06:41:19.011+0000] {logging_mixin.py:190} INFO - Task instance is in running state
[2024-10-14T06:41:19.012+0000] {logging_mixin.py:190} INFO -  Previous state of the Task instance: queued
[2024-10-14T06:41:19.012+0000] {logging_mixin.py:190} INFO - Current task name:EXTRACT state:running start_date:2024-10-14 06:41:18.669204+00:00
[2024-10-14T06:41:19.013+0000] {logging_mixin.py:190} INFO - Dag name:PIPELINE and current dag run status:running
[2024-10-14T06:41:19.014+0000] {taskinstance.py:731} INFO - ::endgroup::
[2024-10-14T06:41:19.016+0000] {logging_mixin.py:190} INFO - co2_emi_api
[2024-10-14T06:41:23.985+0000] {logging_mixin.py:190} INFO - Data loaded successfully for co2_emi_api with offset 5000:
[2024-10-14T06:41:26.255+0000] {logging_mixin.py:190} INFO - Data loaded successfully for co2_emi_api with offset 10000:
[2024-10-14T06:41:28.464+0000] {logging_mixin.py:190} INFO - Data loaded successfully for co2_emi_api with offset 15000:
[2024-10-14T06:41:30.865+0000] {logging_mixin.py:190} INFO - Data loaded successfully for co2_emi_api with offset 20000:
[2024-10-14T06:41:33.228+0000] {logging_mixin.py:190} INFO - Data loaded successfully for co2_emi_api with offset 25000:
[2024-10-14T06:41:33.229+0000] {logging_mixin.py:190} INFO - eng_gen_api
[2024-10-14T06:41:37.996+0000] {logging_mixin.py:190} INFO - Data loaded successfully for eng_gen_api with offset 5000:
[2024-10-14T06:41:40.667+0000] {logging_mixin.py:190} INFO - Data loaded successfully for eng_gen_api with offset 10000:
[2024-10-14T06:41:43.654+0000] {logging_mixin.py:190} INFO - Data loaded successfully for eng_gen_api with offset 15000:
[2024-10-14T06:41:47.061+0000] {logging_mixin.py:190} INFO - Data loaded successfully for eng_gen_api with offset 20000:
[2024-10-14T06:41:49.360+0000] {logging_mixin.py:190} INFO - Data loaded successfully for eng_gen_api with offset 25000:
[2024-10-14T06:41:49.361+0000] {logging_mixin.py:190} INFO - Ren_cap_api
[2024-10-14T06:41:53.050+0000] {logging_mixin.py:190} INFO - Data loaded successfully for Ren_cap_api with offset 5000:
[2024-10-14T06:41:53.054+0000] {python.py:240} INFO - Done. Returned value was: None
[2024-10-14T06:41:53.083+0000] {taskinstance.py:340} INFO - ::group::Post task execution logs
[2024-10-14T06:41:53.084+0000] {taskinstance.py:352} INFO - Marking task as SUCCESS. dag_id=PIPELINE, task_id=EXTRACT, run_id=manual__2024-10-14T06:41:05.666004+00:00, execution_date=20241014T064105, start_date=20241014T064118, end_date=20241014T064153
[2024-10-14T06:41:53.115+0000] {logging_mixin.py:190} INFO - Task instance in success state
[2024-10-14T06:41:53.117+0000] {logging_mixin.py:190} INFO -  Previous state of the Task instance: running
[2024-10-14T06:41:53.118+0000] {logging_mixin.py:190} INFO - Dag name:PIPELINE queued_at:2024-10-14 06:41:06.171447+00:00
[2024-10-14T06:41:53.118+0000] {logging_mixin.py:190} INFO - Task hostname:a9d59758bb55 operator:PythonOperator
[2024-10-14T06:41:53.190+0000] {local_task_job_runner.py:266} INFO - Task exited with return code 0
[2024-10-14T06:41:53.247+0000] {taskinstance.py:3900} INFO - 1 downstream tasks scheduled from follow-on schedule check
[2024-10-14T06:41:53.256+0000] {local_task_job_runner.py:245} INFO - ::endgroup::
