[2024-10-04T07:44:02.560+0000] {local_task_job_runner.py:123} INFO - ::group::Pre task execution logs
[2024-10-04T07:44:02.590+0000] {taskinstance.py:2612} INFO - Dependencies all met for dep_context=non-requeueable deps ti=<TaskInstance: ETL_API_DATA.EXTRACT manual__2024-10-04T07:38:44.855534+00:00 [queued]>
[2024-10-04T07:44:02.602+0000] {taskinstance.py:2612} INFO - Dependencies all met for dep_context=requeueable deps ti=<TaskInstance: ETL_API_DATA.EXTRACT manual__2024-10-04T07:38:44.855534+00:00 [queued]>
[2024-10-04T07:44:02.603+0000] {taskinstance.py:2865} INFO - Starting attempt 2 of 2
[2024-10-04T07:44:02.628+0000] {taskinstance.py:2888} INFO - Executing <Task(PythonOperator): EXTRACT> on 2024-10-04 07:38:44.855534+00:00
[2024-10-04T07:44:02.640+0000] {warnings.py:112} WARNING - /home/***/.local/lib/python3.12/site-packages/***/task/task_runner/standard_task_runner.py:70: DeprecationWarning: This process (pid=261) is multi-threaded, use of fork() may lead to deadlocks in the child.
  pid = os.fork()

[2024-10-04T07:44:02.642+0000] {standard_task_runner.py:72} INFO - Started process 263 to run task
[2024-10-04T07:44:02.642+0000] {standard_task_runner.py:104} INFO - Running: ['***', 'tasks', 'run', 'ETL_API_DATA', 'EXTRACT', 'manual__2024-10-04T07:38:44.855534+00:00', '--job-id', '8', '--raw', '--subdir', 'DAGS_FOLDER/Extract_api_data.py', '--cfg-path', '/tmp/tmp2yse70eo']
[2024-10-04T07:44:02.644+0000] {standard_task_runner.py:105} INFO - Job 8: Subtask EXTRACT
[2024-10-04T07:44:02.722+0000] {task_command.py:467} INFO - Running <TaskInstance: ETL_API_DATA.EXTRACT manual__2024-10-04T07:38:44.855534+00:00 [running]> on host de94bcea4b73
[2024-10-04T07:44:02.842+0000] {taskinstance.py:3131} INFO - Exporting env vars: AIRFLOW_CTX_DAG_OWNER='***' AIRFLOW_CTX_DAG_ID='ETL_API_DATA' AIRFLOW_CTX_TASK_ID='EXTRACT' AIRFLOW_CTX_EXECUTION_DATE='2024-10-04T07:38:44.855534+00:00' AIRFLOW_CTX_TRY_NUMBER='2' AIRFLOW_CTX_DAG_RUN_ID='manual__2024-10-04T07:38:44.855534+00:00'
[2024-10-04T07:44:02.844+0000] {logging_mixin.py:190} INFO - Task instance is in running state
[2024-10-04T07:44:02.845+0000] {logging_mixin.py:190} INFO -  Previous state of the Task instance: queued
[2024-10-04T07:44:02.846+0000] {logging_mixin.py:190} INFO - Current task name:EXTRACT state:running start_date:2024-10-04 07:44:02.591180+00:00
[2024-10-04T07:44:02.847+0000] {logging_mixin.py:190} INFO - Dag name:ETL_API_DATA and current dag run status:running
[2024-10-04T07:44:02.848+0000] {taskinstance.py:731} INFO - ::endgroup::
[2024-10-04T07:44:02.876+0000] {logging_mixin.py:190} INFO - co2_emi_api
[2024-10-04T07:44:07.738+0000] {logging_mixin.py:190} INFO - Data loaded successfully for co2_emi_api with offset 5000:
[2024-10-04T07:44:10.036+0000] {logging_mixin.py:190} INFO - Data loaded successfully for co2_emi_api with offset 10000:
[2024-10-04T07:44:12.835+0000] {logging_mixin.py:190} INFO - Data loaded successfully for co2_emi_api with offset 15000:
[2024-10-04T07:44:15.333+0000] {logging_mixin.py:190} INFO - Data loaded successfully for co2_emi_api with offset 20000:
[2024-10-04T07:44:17.690+0000] {logging_mixin.py:190} INFO - Data loaded successfully for co2_emi_api with offset 25000:
[2024-10-04T07:44:17.692+0000] {logging_mixin.py:190} INFO - eng_gen_api
[2024-10-04T07:44:24.264+0000] {logging_mixin.py:190} INFO - Data loaded successfully for eng_gen_api with offset 5000:
[2024-10-04T07:44:27.349+0000] {logging_mixin.py:190} INFO - Data loaded successfully for eng_gen_api with offset 10000:
[2024-10-04T07:44:30.561+0000] {logging_mixin.py:190} INFO - Data loaded successfully for eng_gen_api with offset 15000:
[2024-10-04T07:44:33.760+0000] {logging_mixin.py:190} INFO - Data loaded successfully for eng_gen_api with offset 20000:
[2024-10-04T07:44:37.132+0000] {logging_mixin.py:190} INFO - Data loaded successfully for eng_gen_api with offset 25000:
[2024-10-04T07:44:37.134+0000] {logging_mixin.py:190} INFO - Ren_cap_api
[2024-10-04T07:44:41.097+0000] {logging_mixin.py:190} INFO - Data loaded successfully for Ren_cap_api with offset 5000:
[2024-10-04T07:44:41.102+0000] {python.py:240} INFO - Done. Returned value was: None
[2024-10-04T07:44:41.131+0000] {taskinstance.py:340} INFO - ::group::Post task execution logs
[2024-10-04T07:44:41.133+0000] {taskinstance.py:352} INFO - Marking task as SUCCESS. dag_id=ETL_API_DATA, task_id=EXTRACT, run_id=manual__2024-10-04T07:38:44.855534+00:00, execution_date=20241004T073844, start_date=20241004T074402, end_date=20241004T074441
[2024-10-04T07:44:41.163+0000] {logging_mixin.py:190} INFO - Task instance in success state
[2024-10-04T07:44:41.166+0000] {logging_mixin.py:190} INFO -  Previous state of the Task instance: running
[2024-10-04T07:44:41.168+0000] {logging_mixin.py:190} INFO - Dag name:ETL_API_DATA queued_at:2024-10-04 07:38:45.371079+00:00
[2024-10-04T07:44:41.170+0000] {logging_mixin.py:190} INFO - Task hostname:de94bcea4b73 operator:PythonOperator
[2024-10-04T07:44:41.254+0000] {local_task_job_runner.py:266} INFO - Task exited with return code 0
[2024-10-04T07:44:41.293+0000] {taskinstance.py:3900} INFO - 0 downstream tasks scheduled from follow-on schedule check
[2024-10-04T07:44:41.300+0000] {local_task_job_runner.py:245} INFO - ::endgroup::
