[2024-09-27T09:30:25.719+0000] {processor.py:186} INFO - Started process (PID=73) to work on /opt/airflow/dags/mysql_transform.py
[2024-09-27T09:30:25.726+0000] {processor.py:914} INFO - Processing file /opt/airflow/dags/mysql_transform.py for tasks to queue
[2024-09-27T09:30:25.755+0000] {logging_mixin.py:190} INFO - [2024-09-27T09:30:25.751+0000] {dagbag.py:587} INFO - Filling up the DagBag from /opt/airflow/dags/mysql_transform.py
[2024-09-27T09:30:25.998+0000] {processor.py:925} INFO - DAG(s) 'mysql_data_transformation' retrieved from /opt/airflow/dags/mysql_transform.py
[2024-09-27T09:30:26.319+0000] {logging_mixin.py:190} INFO - [2024-09-27T09:30:26.318+0000] {dag.py:3229} INFO - Sync 1 DAGs
[2024-09-27T09:30:26.696+0000] {logging_mixin.py:190} INFO - [2024-09-27T09:30:26.695+0000] {dag.py:4156} INFO - Setting next_dagrun for mysql_data_transformation to None, run_after=None
[2024-09-27T09:30:26.907+0000] {processor.py:208} INFO - Processing /opt/airflow/dags/mysql_transform.py took 1.240 seconds
[2024-09-27T09:30:57.619+0000] {processor.py:186} INFO - Started process (PID=138) to work on /opt/airflow/dags/mysql_transform.py
[2024-09-27T09:30:57.621+0000] {processor.py:914} INFO - Processing file /opt/airflow/dags/mysql_transform.py for tasks to queue
[2024-09-27T09:30:57.625+0000] {logging_mixin.py:190} INFO - [2024-09-27T09:30:57.625+0000] {dagbag.py:587} INFO - Filling up the DagBag from /opt/airflow/dags/mysql_transform.py
[2024-09-27T09:30:57.667+0000] {processor.py:925} INFO - DAG(s) 'mysql_data_transformation' retrieved from /opt/airflow/dags/mysql_transform.py
[2024-09-27T09:30:57.706+0000] {logging_mixin.py:190} INFO - [2024-09-27T09:30:57.705+0000] {dag.py:3229} INFO - Sync 1 DAGs
[2024-09-27T09:30:57.731+0000] {logging_mixin.py:190} INFO - [2024-09-27T09:30:57.730+0000] {dag.py:4156} INFO - Setting next_dagrun for mysql_data_transformation to None, run_after=None
[2024-09-27T09:30:57.768+0000] {processor.py:208} INFO - Processing /opt/airflow/dags/mysql_transform.py took 0.162 seconds
[2024-09-27T09:31:28.340+0000] {processor.py:186} INFO - Started process (PID=203) to work on /opt/airflow/dags/mysql_transform.py
[2024-09-27T09:31:28.341+0000] {processor.py:914} INFO - Processing file /opt/airflow/dags/mysql_transform.py for tasks to queue
[2024-09-27T09:31:28.345+0000] {logging_mixin.py:190} INFO - [2024-09-27T09:31:28.344+0000] {dagbag.py:587} INFO - Filling up the DagBag from /opt/airflow/dags/mysql_transform.py
[2024-09-27T09:31:28.374+0000] {processor.py:925} INFO - DAG(s) 'mysql_data_transformation' retrieved from /opt/airflow/dags/mysql_transform.py
[2024-09-27T09:31:28.407+0000] {logging_mixin.py:190} INFO - [2024-09-27T09:31:28.406+0000] {dag.py:3229} INFO - Sync 1 DAGs
[2024-09-27T09:31:28.435+0000] {logging_mixin.py:190} INFO - [2024-09-27T09:31:28.435+0000] {dag.py:4156} INFO - Setting next_dagrun for mysql_data_transformation to None, run_after=None
[2024-09-27T09:31:28.465+0000] {processor.py:208} INFO - Processing /opt/airflow/dags/mysql_transform.py took 0.137 seconds
[2024-09-27T09:31:58.945+0000] {processor.py:186} INFO - Started process (PID=268) to work on /opt/airflow/dags/mysql_transform.py
[2024-09-27T09:31:58.946+0000] {processor.py:914} INFO - Processing file /opt/airflow/dags/mysql_transform.py for tasks to queue
[2024-09-27T09:31:58.952+0000] {logging_mixin.py:190} INFO - [2024-09-27T09:31:58.951+0000] {dagbag.py:587} INFO - Filling up the DagBag from /opt/airflow/dags/mysql_transform.py
[2024-09-27T09:31:58.992+0000] {processor.py:925} INFO - DAG(s) 'mysql_data_transformation' retrieved from /opt/airflow/dags/mysql_transform.py
[2024-09-27T09:31:59.042+0000] {logging_mixin.py:190} INFO - [2024-09-27T09:31:59.042+0000] {dag.py:3229} INFO - Sync 1 DAGs
[2024-09-27T09:31:59.074+0000] {logging_mixin.py:190} INFO - [2024-09-27T09:31:59.073+0000] {dag.py:4156} INFO - Setting next_dagrun for mysql_data_transformation to None, run_after=None
[2024-09-27T09:31:59.125+0000] {processor.py:208} INFO - Processing /opt/airflow/dags/mysql_transform.py took 0.191 seconds
[2024-09-27T09:32:29.292+0000] {processor.py:186} INFO - Started process (PID=333) to work on /opt/airflow/dags/mysql_transform.py
[2024-09-27T09:32:29.300+0000] {processor.py:914} INFO - Processing file /opt/airflow/dags/mysql_transform.py for tasks to queue
[2024-09-27T09:32:29.323+0000] {logging_mixin.py:190} INFO - [2024-09-27T09:32:29.320+0000] {dagbag.py:587} INFO - Filling up the DagBag from /opt/airflow/dags/mysql_transform.py
[2024-09-27T09:32:29.672+0000] {processor.py:925} INFO - DAG(s) 'mysql_data_transformation' retrieved from /opt/airflow/dags/mysql_transform.py
[2024-09-27T09:32:32.137+0000] {logging_mixin.py:190} INFO - [2024-09-27T09:32:32.133+0000] {dag.py:3229} INFO - Sync 1 DAGs
