[2024-10-07T10:16:23.990+0000] {local_task_job_runner.py:123} INFO - ::group::Pre task execution logs
[2024-10-07T10:16:24.013+0000] {taskinstance.py:2612} INFO - Dependencies all met for dep_context=non-requeueable deps ti=<TaskInstance: TRANSFORM_DATA.TRANSFORM manual__2024-10-07T10:16:01.283243+00:00 [queued]>
[2024-10-07T10:16:24.028+0000] {taskinstance.py:2612} INFO - Dependencies all met for dep_context=requeueable deps ti=<TaskInstance: TRANSFORM_DATA.TRANSFORM manual__2024-10-07T10:16:01.283243+00:00 [queued]>
[2024-10-07T10:16:24.029+0000] {taskinstance.py:2865} INFO - Starting attempt 1 of 2
[2024-10-07T10:16:24.059+0000] {taskinstance.py:2888} INFO - Executing <Task(PythonOperator): TRANSFORM> on 2024-10-07 10:16:01.283243+00:00
[2024-10-07T10:16:24.087+0000] {warnings.py:112} WARNING - /home/***/.local/lib/python3.12/site-packages/***/task/task_runner/standard_task_runner.py:70: DeprecationWarning: This process (pid=525) is multi-threaded, use of fork() may lead to deadlocks in the child.
  pid = os.fork()

[2024-10-07T10:16:24.091+0000] {standard_task_runner.py:72} INFO - Started process 529 to run task
[2024-10-07T10:16:24.091+0000] {standard_task_runner.py:104} INFO - Running: ['***', 'tasks', 'run', 'TRANSFORM_DATA', 'TRANSFORM', 'manual__2024-10-07T10:16:01.283243+00:00', '--job-id', '4', '--raw', '--subdir', 'DAGS_FOLDER/trnaform_dag.py', '--cfg-path', '/tmp/tmp5s97do2b']
[2024-10-07T10:16:24.093+0000] {standard_task_runner.py:105} INFO - Job 4: Subtask TRANSFORM
[2024-10-07T10:16:24.200+0000] {task_command.py:467} INFO - Running <TaskInstance: TRANSFORM_DATA.TRANSFORM manual__2024-10-07T10:16:01.283243+00:00 [running]> on host 0d429fbd9f19
[2024-10-07T10:16:24.329+0000] {taskinstance.py:3131} INFO - Exporting env vars: AIRFLOW_CTX_DAG_OWNER='***' AIRFLOW_CTX_DAG_ID='TRANSFORM_DATA' AIRFLOW_CTX_TASK_ID='TRANSFORM' AIRFLOW_CTX_EXECUTION_DATE='2024-10-07T10:16:01.283243+00:00' AIRFLOW_CTX_TRY_NUMBER='1' AIRFLOW_CTX_DAG_RUN_ID='manual__2024-10-07T10:16:01.283243+00:00'
[2024-10-07T10:16:24.334+0000] {logging_mixin.py:190} INFO - Task instance is in running state
[2024-10-07T10:16:24.335+0000] {logging_mixin.py:190} INFO -  Previous state of the Task instance: queued
[2024-10-07T10:16:24.336+0000] {logging_mixin.py:190} INFO - Current task name:TRANSFORM state:running start_date:2024-10-07 10:16:24.015352+00:00
[2024-10-07T10:16:24.336+0000] {logging_mixin.py:190} INFO - Dag name:TRANSFORM_DATA and current dag run status:running
[2024-10-07T10:16:24.338+0000] {taskinstance.py:731} INFO - ::endgroup::
[2024-10-07T10:16:24.339+0000] {logging_mixin.py:190} INFO - co2_emi_api
[2024-10-07T10:16:31.561+0000] {logging_mixin.py:190} INFO - Data loaded successfully for co2_emi_api with offset 5000:
[2024-10-07T10:16:34.129+0000] {logging_mixin.py:190} INFO - Data loaded successfully for co2_emi_api with offset 10000:
[2024-10-07T10:16:36.132+0000] {logging_mixin.py:190} INFO - Data loaded successfully for co2_emi_api with offset 15000:
[2024-10-07T10:16:38.426+0000] {logging_mixin.py:190} INFO - Data loaded successfully for co2_emi_api with offset 20000:
[2024-10-07T10:16:40.504+0000] {logging_mixin.py:190} INFO - Data loaded successfully for co2_emi_api with offset 25000:
[2024-10-07T10:16:40.505+0000] {logging_mixin.py:190} INFO - eng_gen_api
[2024-10-07T10:16:46.207+0000] {logging_mixin.py:190} INFO - Data loaded successfully for eng_gen_api with offset 5000:
[2024-10-07T10:16:49.523+0000] {logging_mixin.py:190} INFO - Data loaded successfully for eng_gen_api with offset 10000:
[2024-10-07T10:16:52.497+0000] {logging_mixin.py:190} INFO - Data loaded successfully for eng_gen_api with offset 15000:
[2024-10-07T10:16:55.838+0000] {logging_mixin.py:190} INFO - Data loaded successfully for eng_gen_api with offset 20000:
[2024-10-07T10:16:59.777+0000] {logging_mixin.py:190} INFO - Data loaded successfully for eng_gen_api with offset 25000:
[2024-10-07T10:16:59.778+0000] {logging_mixin.py:190} INFO - Ren_cap_api
[2024-10-07T10:17:04.317+0000] {logging_mixin.py:190} INFO - Data loaded successfully for Ren_cap_api with offset 5000:
[2024-10-07T10:17:04.321+0000] {python.py:240} INFO - Done. Returned value was: None
[2024-10-07T10:17:04.340+0000] {taskinstance.py:340} INFO - ::group::Post task execution logs
[2024-10-07T10:17:04.342+0000] {taskinstance.py:352} INFO - Marking task as SUCCESS. dag_id=TRANSFORM_DATA, task_id=TRANSFORM, run_id=manual__2024-10-07T10:16:01.283243+00:00, execution_date=20241007T101601, start_date=20241007T101624, end_date=20241007T101704
[2024-10-07T10:17:04.371+0000] {logging_mixin.py:190} INFO - Task instance in success state
[2024-10-07T10:17:04.373+0000] {logging_mixin.py:190} INFO -  Previous state of the Task instance: running
[2024-10-07T10:17:04.375+0000] {logging_mixin.py:190} INFO - Dag name:TRANSFORM_DATA queued_at:2024-10-07 10:16:02.059421+00:00
[2024-10-07T10:17:04.376+0000] {logging_mixin.py:190} INFO - Task hostname:0d429fbd9f19 operator:PythonOperator
[2024-10-07T10:17:04.447+0000] {local_task_job_runner.py:266} INFO - Task exited with return code 0
[2024-10-07T10:17:04.481+0000] {taskinstance.py:3900} INFO - 0 downstream tasks scheduled from follow-on schedule check
[2024-10-07T10:17:04.487+0000] {local_task_job_runner.py:245} INFO - ::endgroup::
